<?xml version="1.0" encoding="UTF-8"?>
<testsuite name="fontys.s3.andreipieleanu.controller.ClothesControllerTest" tests="1" skipped="0" failures="0" errors="0" timestamp="2023-06-13T08:06:46" hostname="DESKTOP-E4KTK2V" time="0.132">
  <properties/>
  <testcase name="getAllClothesShouldReturnStatus200_WhenClothesExist()" classname="fontys.s3.andreipieleanu.controller.ClothesControllerTest" time="0.132"/>
  <system-out><![CDATA[2023-06-13 10:06:31.732  INFO 3764 --- [    Test worker] .b.t.c.SpringBootTestContextBootstrapper : Neither @ContextConfiguration nor @ContextHierarchy found for test class [fontys.s3.andreipieleanu.controller.ClothesControllerTest], using SpringBootContextLoader
2023-06-13 10:06:31.749  INFO 3764 --- [    Test worker] o.s.t.c.support.AbstractContextLoader    : Could not detect default resource locations for test class [fontys.s3.andreipieleanu.controller.ClothesControllerTest]: no resource found for suffixes {-context.xml, Context.groovy}.
2023-06-13 10:06:31.751  INFO 3764 --- [    Test worker] t.c.s.AnnotationConfigContextLoaderUtils : Could not detect default configuration classes for test class [fontys.s3.andreipieleanu.controller.ClothesControllerTest]: ClothesControllerTest does not declare any static, non-private, non-final, nested classes annotated with @Configuration.
2023-06-13 10:06:31.767  INFO 3764 --- [    Test worker] .b.t.c.SpringBootTestContextBootstrapper : Found @SpringBootConfiguration fontys.s3.andreipieleanu.ClothesShopApplication for test class fontys.s3.andreipieleanu.controller.ClothesControllerTest
2023-06-13 10:06:31.782  INFO 3764 --- [    Test worker] .b.t.c.SpringBootTestContextBootstrapper : Loaded default TestExecutionListener class names from location [META-INF/spring.factories]: [org.springframework.security.test.context.support.WithSecurityContextTestExecutionListener, org.springframework.security.test.context.support.ReactorContextTestExecutionListener, org.springframework.boot.test.autoconfigure.restdocs.RestDocsTestExecutionListener, org.springframework.boot.test.autoconfigure.web.client.MockRestServiceServerResetTestExecutionListener, org.springframework.boot.test.autoconfigure.web.servlet.MockMvcPrintOnlyOnFailureTestExecutionListener, org.springframework.boot.test.autoconfigure.web.servlet.WebDriverTestExecutionListener, org.springframework.boot.test.autoconfigure.webservices.client.MockWebServiceServerTestExecutionListener, org.springframework.boot.test.mock.mockito.MockitoTestExecutionListener, org.springframework.boot.test.mock.mockito.ResetMocksTestExecutionListener, org.springframework.test.context.web.ServletTestExecutionListener, org.springframework.test.context.support.DirtiesContextBeforeModesTestExecutionListener, org.springframework.test.context.event.ApplicationEventsTestExecutionListener, org.springframework.test.context.support.DependencyInjectionTestExecutionListener, org.springframework.test.context.support.DirtiesContextTestExecutionListener, org.springframework.test.context.transaction.TransactionalTestExecutionListener, org.springframework.test.context.jdbc.SqlScriptsTestExecutionListener, org.springframework.test.context.event.EventPublishingTestExecutionListener]
2023-06-13 10:06:31.786  INFO 3764 --- [    Test worker] .b.t.c.SpringBootTestContextBootstrapper : Using TestExecutionListeners: [org.springframework.test.context.web.ServletTestExecutionListener@57aa34bc, org.springframework.test.context.support.DirtiesContextBeforeModesTestExecutionListener@62805014, org.springframework.test.context.event.ApplicationEventsTestExecutionListener@6bae5935, org.springframework.boot.test.mock.mockito.MockitoTestExecutionListener@322a4779, org.springframework.boot.test.autoconfigure.SpringBootDependencyInjectionTestExecutionListener@34a39a54, org.springframework.test.context.support.DirtiesContextTestExecutionListener@54c37c24, org.springframework.test.context.transaction.TransactionalTestExecutionListener@4d3df078, org.springframework.test.context.jdbc.SqlScriptsTestExecutionListener@2d4c6729, org.springframework.security.test.context.support.WithSecurityContextTestExecutionListener@59529ee, org.springframework.test.context.event.EventPublishingTestExecutionListener@4a784724, org.springframework.security.test.context.support.ReactorContextTestExecutionListener@6864c023, org.springframework.boot.test.autoconfigure.restdocs.RestDocsTestExecutionListener@265f8729, org.springframework.boot.test.autoconfigure.web.client.MockRestServiceServerResetTestExecutionListener@aa91055, org.springframework.boot.test.autoconfigure.web.servlet.MockMvcPrintOnlyOnFailureTestExecutionListener@2602743, org.springframework.boot.test.autoconfigure.web.servlet.WebDriverTestExecutionListener@4ccb9af4, org.springframework.boot.test.autoconfigure.webservices.client.MockWebServiceServerTestExecutionListener@16f72a8b, org.springframework.boot.test.mock.mockito.ResetMocksTestExecutionListener@541eabb8]

  .   ____          _            __ _ _
 /\\ / ___'_ __ _ _(_)_ __  __ _ \ \ \ \
( ( )\___ | '_ | '_| | '_ \/ _` | \ \ \ \
 \\/  ___)| |_)| | | | | || (_| |  ) ) ) )
  '  |____| .__|_| |_|_| |_\__, | / / / /
 =========|_|==============|___/=/_/_/_/
 :: Spring Boot ::                (v2.7.3)

2023-06-13 10:06:32.734  INFO 3764 --- [    Test worker] f.s.a.controller.ClothesControllerTest   : No active profile set, falling back to 1 default profile: "default"
2023-06-13 10:06:34.599  INFO 3764 --- [    Test worker] .s.d.r.c.RepositoryConfigurationDelegate : Bootstrapping Spring Data JPA repositories in DEFAULT mode.
2023-06-13 10:06:34.855  INFO 3764 --- [    Test worker] .s.d.r.c.RepositoryConfigurationDelegate : Finished Spring Data repository scanning in 252 ms. Found 10 JPA repository interfaces.
2023-06-13 10:06:35.022  INFO 3764 --- [    Test worker] o.s.cloud.context.scope.GenericScope     : BeanFactory id=ac058023-d17d-362f-9e71-a9dca622b67a
2023-06-13 10:06:35.703  INFO 3764 --- [    Test worker] trationDelegate$BeanPostProcessorChecker : Bean 'methodSecurityConfig' of type [fontys.s3.andreipieleanu.configuration.security.MethodSecurityConfig$$EnhancerBySpringCGLIB$$af9cc542] is not eligible for getting processed by all BeanPostProcessors (for example: not eligible for auto-proxying)
2023-06-13 10:06:36.040  INFO 3764 --- [    Test worker] com.zaxxer.hikari.HikariDataSource       : HikariPool-3 - Starting...
2023-06-13 10:06:36.052  INFO 3764 --- [    Test worker] com.zaxxer.hikari.HikariDataSource       : HikariPool-3 - Start completed.
2023-06-13 10:06:36.055  INFO 3764 --- [    Test worker] o.f.c.i.database.base.BaseDatabaseType   : Database: jdbc:h2:mem:inmemorydb (H2 2.1)
2023-06-13 10:06:36.121  INFO 3764 --- [    Test worker] o.f.core.internal.command.DbValidate     : Successfully validated 5 migrations (execution time 00:00.023s)
2023-06-13 10:06:36.142  INFO 3764 --- [    Test worker] o.f.core.internal.command.DbMigrate      : Current version of schema "PUBLIC": 5
2023-06-13 10:06:36.144  INFO 3764 --- [    Test worker] o.f.core.internal.command.DbMigrate      : Schema "PUBLIC" is up to date. No migration necessary.
2023-06-13 10:06:36.655  INFO 3764 --- [    Test worker] o.hibernate.jpa.internal.util.LogHelper  : HHH000204: Processing PersistenceUnitInfo [name: default]
2023-06-13 10:06:36.708  INFO 3764 --- [    Test worker] org.hibernate.dialect.Dialect            : HHH000400: Using dialect: org.hibernate.dialect.H2Dialect
2023-06-13 10:06:37.545  INFO 3764 --- [    Test worker] o.h.e.t.j.p.i.JtaPlatformInitiator       : HHH000490: Using JtaPlatform implementation: [org.hibernate.engine.transaction.jta.platform.internal.NoJtaPlatform]
2023-06-13 10:06:37.547  INFO 3764 --- [    Test worker] j.LocalContainerEntityManagerFactoryBean : Initialized JPA EntityManagerFactory for persistence unit 'default'
2023-06-13 10:06:40.281  WARN 3764 --- [    Test worker] .s.s.UserDetailsServiceAutoConfiguration : 

Using generated security password: a77e9775-575c-4fdf-92da-fc50043990f4

This generated password is for development use only. Your security configuration must be updated before running your application in production.

2023-06-13 10:06:40.686  INFO 3764 --- [    Test worker] o.s.s.web.DefaultSecurityFilterChain     : Will secure any request with [org.springframework.security.web.session.DisableEncodeUrlFilter@5515849a, org.springframework.security.web.context.request.async.WebAsyncManagerIntegrationFilter@217c0a07, org.springframework.security.web.context.SecurityContextPersistenceFilter@293a3b27, org.springframework.security.web.header.HeaderWriterFilter@419f94d, org.springframework.security.web.csrf.CsrfFilter@40eca7f2, org.springframework.security.web.authentication.logout.LogoutFilter@5154b936, org.springframework.security.web.savedrequest.RequestCacheAwareFilter@1a3818e3, org.springframework.security.web.servletapi.SecurityContextHolderAwareRequestFilter@6ddcb1a8, org.springframework.security.web.authentication.AnonymousAuthenticationFilter@3c28ab4b, org.springframework.security.web.session.SessionManagementFilter@2cd4303d, org.springframework.security.web.access.ExceptionTranslationFilter@7d47e931]
2023-06-13 10:06:45.357  INFO 3764 --- [    Test worker] o.s.b.t.m.w.SpringBootMockServletContext : Initializing Spring TestDispatcherServlet ''
2023-06-13 10:06:45.358  INFO 3764 --- [    Test worker] o.s.t.web.servlet.TestDispatcherServlet  : Initializing Servlet ''
2023-06-13 10:06:45.361  INFO 3764 --- [    Test worker] o.s.t.web.servlet.TestDispatcherServlet  : Completed initialization in 2 ms
2023-06-13 10:06:46.017  INFO 3764 --- [    Test worker] o.s.m.s.b.SimpleBrokerMessageHandler     : Starting...
2023-06-13 10:06:46.018  INFO 3764 --- [    Test worker] o.s.m.s.b.SimpleBrokerMessageHandler     : BrokerAvailabilityEvent[available=true, SimpleBrokerMessageHandler [org.springframework.messaging.simp.broker.DefaultSubscriptionRegistry@3f0b7ee4]]
2023-06-13 10:06:46.020  INFO 3764 --- [    Test worker] o.s.m.s.b.SimpleBrokerMessageHandler     : Started.
2023-06-13 10:06:46.035  INFO 3764 --- [    Test worker] f.s.a.controller.ClothesControllerTest   : Started ClothesControllerTest in 14.227 seconds (JVM running for 135.127)
2023-06-13 10:06:46.087 DEBUG 3764 --- [    Test worker] o.s.w.f.CommonsRequestLoggingFilter      : Before request [GET /clothes?isActive=true]
2023-06-13 10:06:46.153 DEBUG 3764 --- [    Test worker] o.s.w.f.CommonsRequestLoggingFilter      : After request [GET /clothes?isActive=true]

MockHttpServletRequest:
      HTTP Method = GET
      Request URI = /clothes
       Parameters = {isActive=[true]}
          Headers = []
             Body = null
    Session Attrs = {}

Handler:
             Type = fontys.s3.andreipieleanu.controller.ClothesController
           Method = fontys.s3.andreipieleanu.controller.ClothesController#getAllActiveClothes(Optional, Optional, Optional, Optional, boolean)

Async:
    Async started = false
     Async result = null

Resolved Exception:
             Type = null

ModelAndView:
        View name = null
             View = null
            Model = null

FlashMap:
       Attributes = null

MockHttpServletResponse:
           Status = 200
    Error message = null
          Headers = [Vary:"Origin", "Access-Control-Request-Method", "Access-Control-Request-Headers", Content-Type:"application/json", X-Content-Type-Options:"nosniff", X-XSS-Protection:"1; mode=block", Cache-Control:"no-cache, no-store, max-age=0, must-revalidate", Pragma:"no-cache", Expires:"0", X-Frame-Options:"DENY"]
     Content type = application/json
             Body = {"foundClothes":{"1":{"id":1,"name":"New Shirt Name","description":"A nice shirt","price":19.99,"amountInStock":10,"isActive":true,"size":"S","measAmount":1,"measUnit":"item","subcategory":{"id":1,"name":null,"parentCategory":null}},"2":{"id":1,"name":"New Shirt Name 2","description":"A nice shirt 2","price":19.99,"amountInStock":10,"isActive":true,"size":"S","measAmount":1,"measUnit":"item","subcategory":{"id":1,"name":null,"parentCategory":null}}}}
    Forwarded URL = null
   Redirected URL = null
          Cookies = []
]]></system-out>
  <system-err><![CDATA[]]></system-err>
</testsuite>
