<?xml version="1.0" encoding="UTF-8"?>
<testsuite name="fontys.s3.andreipieleanu.datalayer.IShoppingCartItemDalTest" tests="3" skipped="0" failures="0" errors="0" timestamp="2023-06-13T08:07:59" hostname="DESKTOP-E4KTK2V" time="6.575">
  <properties/>
  <testcase name="createCartItemShouldWork_WhenItemDoesNotExist()" classname="fontys.s3.andreipieleanu.datalayer.IShoppingCartItemDalTest" time="0.075"/>
  <testcase name="editItemShouldReturn1RowsAffected_When2ItemsAreAdded()" classname="fontys.s3.andreipieleanu.datalayer.IShoppingCartItemDalTest" time="0.068"/>
  <testcase name="removeItemFromCartShouldRemove_WhenItemExists()" classname="fontys.s3.andreipieleanu.datalayer.IShoppingCartItemDalTest" time="0.052"/>
  <system-out><![CDATA[2023-06-13 10:07:57.470  INFO 3764 --- [    Test worker] b.t.a.o.j.DataJpaTestContextBootstrapper : Neither @ContextConfiguration nor @ContextHierarchy found for test class [fontys.s3.andreipieleanu.datalayer.IShoppingCartItemDalTest], using SpringBootContextLoader
2023-06-13 10:07:57.480  INFO 3764 --- [    Test worker] o.s.t.c.support.AbstractContextLoader    : Could not detect default resource locations for test class [fontys.s3.andreipieleanu.datalayer.IShoppingCartItemDalTest]: no resource found for suffixes {-context.xml, Context.groovy}.
2023-06-13 10:07:57.498  INFO 3764 --- [    Test worker] t.c.s.AnnotationConfigContextLoaderUtils : Could not detect default configuration classes for test class [fontys.s3.andreipieleanu.datalayer.IShoppingCartItemDalTest]: IShoppingCartItemDalTest does not declare any static, non-private, non-final, nested classes annotated with @Configuration.
2023-06-13 10:07:57.538  INFO 3764 --- [    Test worker] .b.t.c.SpringBootTestContextBootstrapper : Found @SpringBootConfiguration fontys.s3.andreipieleanu.ClothesShopApplication for test class fontys.s3.andreipieleanu.datalayer.IShoppingCartItemDalTest
2023-06-13 10:07:57.543  INFO 3764 --- [    Test worker] b.t.a.o.j.DataJpaTestContextBootstrapper : Loaded default TestExecutionListener class names from location [META-INF/spring.factories]: [org.springframework.security.test.context.support.WithSecurityContextTestExecutionListener, org.springframework.security.test.context.support.ReactorContextTestExecutionListener, org.springframework.boot.test.autoconfigure.restdocs.RestDocsTestExecutionListener, org.springframework.boot.test.autoconfigure.web.client.MockRestServiceServerResetTestExecutionListener, org.springframework.boot.test.autoconfigure.web.servlet.MockMvcPrintOnlyOnFailureTestExecutionListener, org.springframework.boot.test.autoconfigure.web.servlet.WebDriverTestExecutionListener, org.springframework.boot.test.autoconfigure.webservices.client.MockWebServiceServerTestExecutionListener, org.springframework.boot.test.mock.mockito.MockitoTestExecutionListener, org.springframework.boot.test.mock.mockito.ResetMocksTestExecutionListener, org.springframework.test.context.web.ServletTestExecutionListener, org.springframework.test.context.support.DirtiesContextBeforeModesTestExecutionListener, org.springframework.test.context.event.ApplicationEventsTestExecutionListener, org.springframework.test.context.support.DependencyInjectionTestExecutionListener, org.springframework.test.context.support.DirtiesContextTestExecutionListener, org.springframework.test.context.transaction.TransactionalTestExecutionListener, org.springframework.test.context.jdbc.SqlScriptsTestExecutionListener, org.springframework.test.context.event.EventPublishingTestExecutionListener]
2023-06-13 10:07:57.614  INFO 3764 --- [    Test worker] b.t.a.o.j.DataJpaTestContextBootstrapper : Using TestExecutionListeners: [org.springframework.test.context.web.ServletTestExecutionListener@4a271a1e, org.springframework.test.context.support.DirtiesContextBeforeModesTestExecutionListener@3b1baffc, org.springframework.test.context.event.ApplicationEventsTestExecutionListener@13213aa3, org.springframework.boot.test.mock.mockito.MockitoTestExecutionListener@29be15bc, org.springframework.boot.test.autoconfigure.SpringBootDependencyInjectionTestExecutionListener@5bbb0d7f, org.springframework.test.context.support.DirtiesContextTestExecutionListener@3db93dbb, org.springframework.test.context.transaction.TransactionalTestExecutionListener@27d7fc8d, org.springframework.test.context.jdbc.SqlScriptsTestExecutionListener@7e1d1e3e, org.springframework.security.test.context.support.WithSecurityContextTestExecutionListener@7dce2477, org.springframework.test.context.event.EventPublishingTestExecutionListener@9ee8a90, org.springframework.security.test.context.support.ReactorContextTestExecutionListener@11453cb4, org.springframework.boot.test.autoconfigure.restdocs.RestDocsTestExecutionListener@7bf3c4c, org.springframework.boot.test.autoconfigure.web.client.MockRestServiceServerResetTestExecutionListener@bde4d50, org.springframework.boot.test.autoconfigure.web.servlet.MockMvcPrintOnlyOnFailureTestExecutionListener@7699ecb1, org.springframework.boot.test.autoconfigure.web.servlet.WebDriverTestExecutionListener@4e01de4a, org.springframework.boot.test.autoconfigure.webservices.client.MockWebServiceServerTestExecutionListener@30a2d69a, org.springframework.boot.test.mock.mockito.ResetMocksTestExecutionListener@496fb913]

  .   ____          _            __ _ _
 /\\ / ___'_ __ _ _(_)_ __  __ _ \ \ \ \
( ( )\___ | '_ | '_| | '_ \/ _` | \ \ \ \
 \\/  ___)| |_)| | | | | || (_| |  ) ) ) )
  '  |____| .__|_| |_|_| |_\__, | / / / /
 =========|_|==============|___/=/_/_/_/
 :: Spring Boot ::                (v2.7.3)

2023-06-13 10:07:58.250  INFO 3764 --- [    Test worker] f.s.a.d.IShoppingCartItemDalTest         : No active profile set, falling back to 1 default profile: "default"
2023-06-13 10:07:58.553  INFO 3764 --- [    Test worker] .s.d.r.c.RepositoryConfigurationDelegate : Bootstrapping Spring Data JPA repositories in DEFAULT mode.
2023-06-13 10:07:58.719  INFO 3764 --- [    Test worker] .s.d.r.c.RepositoryConfigurationDelegate : Finished Spring Data repository scanning in 165 ms. Found 10 JPA repository interfaces.
2023-06-13 10:07:58.896  INFO 3764 --- [    Test worker] com.zaxxer.hikari.HikariDataSource       : HikariPool-17 - Starting...
2023-06-13 10:07:58.897  INFO 3764 --- [    Test worker] com.zaxxer.hikari.HikariDataSource       : HikariPool-17 - Start completed.
2023-06-13 10:07:58.898  INFO 3764 --- [    Test worker] o.f.c.i.database.base.BaseDatabaseType   : Database: jdbc:h2:mem:inmemorydb (H2 2.1)
2023-06-13 10:07:58.922  INFO 3764 --- [    Test worker] o.f.core.internal.command.DbValidate     : Successfully validated 5 migrations (execution time 00:00.012s)
2023-06-13 10:07:58.930  INFO 3764 --- [    Test worker] o.f.core.internal.command.DbMigrate      : Current version of schema "PUBLIC": 5
2023-06-13 10:07:58.931  INFO 3764 --- [    Test worker] o.f.core.internal.command.DbMigrate      : Schema "PUBLIC" is up to date. No migration necessary.
2023-06-13 10:07:59.095  INFO 3764 --- [    Test worker] o.hibernate.jpa.internal.util.LogHelper  : HHH000204: Processing PersistenceUnitInfo [name: default]
2023-06-13 10:07:59.117  INFO 3764 --- [    Test worker] org.hibernate.dialect.Dialect            : HHH000400: Using dialect: org.hibernate.dialect.H2Dialect
2023-06-13 10:07:59.354  INFO 3764 --- [    Test worker] o.h.e.t.j.p.i.JtaPlatformInitiator       : HHH000490: Using JtaPlatform implementation: [org.hibernate.engine.transaction.jta.platform.internal.NoJtaPlatform]
2023-06-13 10:07:59.355  INFO 3764 --- [    Test worker] j.LocalContainerEntityManagerFactoryBean : Initialized JPA EntityManagerFactory for persistence unit 'default'
2023-06-13 10:07:59.830  INFO 3764 --- [    Test worker] f.s.a.d.IShoppingCartItemDalTest         : Started IShoppingCartItemDalTest in 2.205 seconds (JVM running for 208.922)
2023-06-13 10:07:59.840  INFO 3764 --- [    Test worker] o.s.t.c.transaction.TransactionContext   : Began transaction (1) for test context [DefaultTestContext@418e9741 testClass = IShoppingCartItemDalTest, testInstance = fontys.s3.andreipieleanu.datalayer.IShoppingCartItemDalTest@328ba6b6, testMethod = createCartItemShouldWork_WhenItemDoesNotExist@IShoppingCartItemDalTest, testException = [null], mergedContextConfiguration = [MergedContextConfiguration@6297686b testClass = IShoppingCartItemDalTest, locations = '{}', classes = '{class fontys.s3.andreipieleanu.ClothesShopApplication}', contextInitializerClasses = '[]', activeProfiles = '{}', propertySourceLocations = '{}', propertySourceProperties = '{org.springframework.boot.test.autoconfigure.orm.jpa.DataJpaTestContextBootstrapper=true}', contextCustomizers = set[org.springframework.boot.test.autoconfigure.OverrideAutoConfigurationContextCustomizerFactory$DisableAutoConfigurationContextCustomizer@7418723a, org.springframework.boot.test.autoconfigure.actuate.metrics.MetricsExportContextCustomizerFactory$DisableMetricExportContextCustomizer@261ea657, org.springframework.boot.test.autoconfigure.filter.TypeExcludeFiltersContextCustomizer@351584c0, org.springframework.boot.test.autoconfigure.properties.PropertyMappingContextCustomizer@76af28d5, org.springframework.boot.test.autoconfigure.web.servlet.WebDriverContextCustomizerFactory$Customizer@3968bc60, [ImportsContextCustomizer@5aafc1e4 key = [org.springframework.boot.autoconfigure.cache.CacheAutoConfiguration, org.springframework.boot.autoconfigure.data.jpa.JpaRepositoriesAutoConfiguration, org.springframework.boot.autoconfigure.flyway.FlywayAutoConfiguration, org.springframework.boot.autoconfigure.jdbc.DataSourceAutoConfiguration, org.springframework.boot.autoconfigure.jdbc.DataSourceTransactionManagerAutoConfiguration, org.springframework.boot.autoconfigure.jdbc.JdbcTemplateAutoConfiguration, org.springframework.boot.autoconfigure.liquibase.LiquibaseAutoConfiguration, org.springframework.boot.autoconfigure.orm.jpa.HibernateJpaAutoConfiguration, org.springframework.boot.autoconfigure.sql.init.SqlInitializationAutoConfiguration, org.springframework.boot.autoconfigure.transaction.TransactionAutoConfiguration, org.springframework.boot.test.autoconfigure.jdbc.TestDatabaseAutoConfiguration, org.springframework.boot.test.autoconfigure.orm.jpa.TestEntityManagerAutoConfiguration]], org.springframework.boot.test.context.filter.ExcludeFilterContextCustomizer@5484117b, org.springframework.boot.test.json.DuplicateJsonObjectContextCustomizerFactory$DuplicateJsonObjectContextCustomizer@53b7ce6, org.springframework.boot.test.mock.mockito.MockitoContextCustomizer@0, org.springframework.boot.test.context.SpringBootTestArgs@1, org.springframework.boot.test.context.SpringBootTestWebEnvironment@0], contextLoader = 'org.springframework.boot.test.context.SpringBootContextLoader', parent = [null]], attributes = map['org.springframework.test.context.event.ApplicationEventsTestExecutionListener.recordApplicationEvents' -> false]]; transaction manager [org.springframework.orm.jpa.JpaTransactionManager@5d2bab91]; rollback [true]
Hibernate: select userroleen0_.role_id as role_id1_8_, userroleen0_.role_name as role_nam2_8_ from cs_user_roles userroleen0_ where userroleen0_.role_name=?
Hibernate: insert into cs_users (user_id, user_email, user_firstname, user_lastname, user_password, role_id) values (default, ?, ?, ?, ?, ?)
Hibernate: insert into cs_category (category_id, category_name, category_parent_id) values (default, ?, ?)
Hibernate: insert into cs_clothes (clothes_id, clothes_amount_in_stock, clothes_description, clothes_is_active, clothes_meas_amount, clothes_meas_unit, clothes_name, clothes_price, clothes_size, clothes_subcategory_id) values (default, ?, ?, ?, ?, ?, ?, ?, ?, ?)
Hibernate: insert into cs_clothes (clothes_id, clothes_amount_in_stock, clothes_description, clothes_is_active, clothes_meas_amount, clothes_meas_unit, clothes_name, clothes_price, clothes_size, clothes_subcategory_id) values (default, ?, ?, ?, ?, ?, ?, ?, ?, ?)
Hibernate: insert into cs_shopping_cart (shopping_cart_id, user_id) values (default, ?)
Hibernate: insert into cs_cart_item (cart_item_id, item_amount, clothes_id, shopping_cart_id) values (default, ?, ?, ?)
Hibernate: select cartitemen0_.cart_item_id as cart_ite1_1_0_, cartitemen0_.item_amount as item_amo2_1_0_, cartitemen0_.clothes_id as clothes_3_1_0_, cartitemen0_.shopping_cart_id as shopping4_1_0_, clothesent1_.clothes_id as clothes_1_3_1_, clothesent1_.clothes_amount_in_stock as clothes_2_3_1_, clothesent1_.clothes_description as clothes_3_3_1_, clothesent1_.clothes_is_active as clothes_4_3_1_, clothesent1_.clothes_meas_amount as clothes_5_3_1_, clothesent1_.clothes_meas_unit as clothes_6_3_1_, clothesent1_.clothes_name as clothes_7_3_1_, clothesent1_.clothes_price as clothes_8_3_1_, clothesent1_.clothes_size as clothes_9_3_1_, clothesent1_.clothes_subcategory_id as clothes10_3_1_, categoryen2_.category_id as category1_2_2_, categoryen2_.category_name as category2_2_2_, categoryen2_.category_parent_id as category3_2_2_, categoryen3_.category_id as category1_2_3_, categoryen3_.category_name as category2_2_3_, categoryen3_.category_parent_id as category3_2_3_ from cs_cart_item cartitemen0_ inner join cs_clothes clothesent1_ on cartitemen0_.clothes_id=clothesent1_.clothes_id inner join cs_category categoryen2_ on clothesent1_.clothes_subcategory_id=categoryen2_.category_id left outer join cs_category categoryen3_ on categoryen2_.category_parent_id=categoryen3_.category_id where cartitemen0_.cart_item_id=?
2023-06-13 10:07:59.907  INFO 3764 --- [    Test worker] o.s.t.c.transaction.TransactionContext   : Rolled back transaction for test: [DefaultTestContext@418e9741 testClass = IShoppingCartItemDalTest, testInstance = fontys.s3.andreipieleanu.datalayer.IShoppingCartItemDalTest@328ba6b6, testMethod = createCartItemShouldWork_WhenItemDoesNotExist@IShoppingCartItemDalTest, testException = [null], mergedContextConfiguration = [MergedContextConfiguration@6297686b testClass = IShoppingCartItemDalTest, locations = '{}', classes = '{class fontys.s3.andreipieleanu.ClothesShopApplication}', contextInitializerClasses = '[]', activeProfiles = '{}', propertySourceLocations = '{}', propertySourceProperties = '{org.springframework.boot.test.autoconfigure.orm.jpa.DataJpaTestContextBootstrapper=true}', contextCustomizers = set[org.springframework.boot.test.autoconfigure.OverrideAutoConfigurationContextCustomizerFactory$DisableAutoConfigurationContextCustomizer@7418723a, org.springframework.boot.test.autoconfigure.actuate.metrics.MetricsExportContextCustomizerFactory$DisableMetricExportContextCustomizer@261ea657, org.springframework.boot.test.autoconfigure.filter.TypeExcludeFiltersContextCustomizer@351584c0, org.springframework.boot.test.autoconfigure.properties.PropertyMappingContextCustomizer@76af28d5, org.springframework.boot.test.autoconfigure.web.servlet.WebDriverContextCustomizerFactory$Customizer@3968bc60, [ImportsContextCustomizer@5aafc1e4 key = [org.springframework.boot.autoconfigure.cache.CacheAutoConfiguration, org.springframework.boot.autoconfigure.data.jpa.JpaRepositoriesAutoConfiguration, org.springframework.boot.autoconfigure.flyway.FlywayAutoConfiguration, org.springframework.boot.autoconfigure.jdbc.DataSourceAutoConfiguration, org.springframework.boot.autoconfigure.jdbc.DataSourceTransactionManagerAutoConfiguration, org.springframework.boot.autoconfigure.jdbc.JdbcTemplateAutoConfiguration, org.springframework.boot.autoconfigure.liquibase.LiquibaseAutoConfiguration, org.springframework.boot.autoconfigure.orm.jpa.HibernateJpaAutoConfiguration, org.springframework.boot.autoconfigure.sql.init.SqlInitializationAutoConfiguration, org.springframework.boot.autoconfigure.transaction.TransactionAutoConfiguration, org.springframework.boot.test.autoconfigure.jdbc.TestDatabaseAutoConfiguration, org.springframework.boot.test.autoconfigure.orm.jpa.TestEntityManagerAutoConfiguration]], org.springframework.boot.test.context.filter.ExcludeFilterContextCustomizer@5484117b, org.springframework.boot.test.json.DuplicateJsonObjectContextCustomizerFactory$DuplicateJsonObjectContextCustomizer@53b7ce6, org.springframework.boot.test.mock.mockito.MockitoContextCustomizer@0, org.springframework.boot.test.context.SpringBootTestArgs@1, org.springframework.boot.test.context.SpringBootTestWebEnvironment@0], contextLoader = 'org.springframework.boot.test.context.SpringBootContextLoader', parent = [null]], attributes = map['org.springframework.test.context.event.ApplicationEventsTestExecutionListener.recordApplicationEvents' -> false]]
2023-06-13 10:07:59.910  INFO 3764 --- [    Test worker] j.LocalContainerEntityManagerFactoryBean : Closing JPA EntityManagerFactory for persistence unit 'default'
2023-06-13 10:07:59.910  INFO 3764 --- [    Test worker] com.zaxxer.hikari.HikariDataSource       : HikariPool-17 - Shutdown initiated...
2023-06-13 10:07:59.912  INFO 3764 --- [    Test worker] com.zaxxer.hikari.HikariDataSource       : HikariPool-17 - Shutdown completed.

  .   ____          _            __ _ _
 /\\ / ___'_ __ _ _(_)_ __  __ _ \ \ \ \
( ( )\___ | '_ | '_| | '_ \/ _` | \ \ \ \
 \\/  ___)| |_)| | | | | || (_| |  ) ) ) )
  '  |____| .__|_| |_|_| |_\__, | / / / /
 =========|_|==============|___/=/_/_/_/
 :: Spring Boot ::                (v2.7.3)

2023-06-13 10:08:00.639  INFO 3764 --- [    Test worker] f.s.a.d.IShoppingCartItemDalTest         : No active profile set, falling back to 1 default profile: "default"
2023-06-13 10:08:01.153  INFO 3764 --- [    Test worker] .s.d.r.c.RepositoryConfigurationDelegate : Bootstrapping Spring Data JPA repositories in DEFAULT mode.
2023-06-13 10:08:01.396  INFO 3764 --- [    Test worker] .s.d.r.c.RepositoryConfigurationDelegate : Finished Spring Data repository scanning in 242 ms. Found 10 JPA repository interfaces.
2023-06-13 10:08:01.697  INFO 3764 --- [    Test worker] com.zaxxer.hikari.HikariDataSource       : HikariPool-18 - Starting...
2023-06-13 10:08:01.704  INFO 3764 --- [    Test worker] com.zaxxer.hikari.HikariDataSource       : HikariPool-18 - Start completed.
2023-06-13 10:08:01.710  INFO 3764 --- [    Test worker] o.f.c.i.database.base.BaseDatabaseType   : Database: jdbc:h2:mem:inmemorydb (H2 2.1)
2023-06-13 10:08:01.758  INFO 3764 --- [    Test worker] o.f.core.internal.command.DbValidate     : Successfully validated 5 migrations (execution time 00:00.023s)
2023-06-13 10:08:01.777  INFO 3764 --- [    Test worker] o.f.core.internal.command.DbMigrate      : Current version of schema "PUBLIC": 5
2023-06-13 10:08:01.778  INFO 3764 --- [    Test worker] o.f.core.internal.command.DbMigrate      : Schema "PUBLIC" is up to date. No migration necessary.
2023-06-13 10:08:02.176  INFO 3764 --- [    Test worker] o.hibernate.jpa.internal.util.LogHelper  : HHH000204: Processing PersistenceUnitInfo [name: default]
2023-06-13 10:08:02.224  INFO 3764 --- [    Test worker] org.hibernate.dialect.Dialect            : HHH000400: Using dialect: org.hibernate.dialect.H2Dialect
2023-06-13 10:08:02.519  INFO 3764 --- [    Test worker] o.h.e.t.j.p.i.JtaPlatformInitiator       : HHH000490: Using JtaPlatform implementation: [org.hibernate.engine.transaction.jta.platform.internal.NoJtaPlatform]
2023-06-13 10:08:02.520  INFO 3764 --- [    Test worker] j.LocalContainerEntityManagerFactoryBean : Initialized JPA EntityManagerFactory for persistence unit 'default'
2023-06-13 10:08:03.332  INFO 3764 --- [    Test worker] f.s.a.d.IShoppingCartItemDalTest         : Started IShoppingCartItemDalTest in 3.414 seconds (JVM running for 212.424)
2023-06-13 10:08:03.344  INFO 3764 --- [    Test worker] o.s.t.c.transaction.TransactionContext   : Began transaction (1) for test context [DefaultTestContext@418e9741 testClass = IShoppingCartItemDalTest, testInstance = fontys.s3.andreipieleanu.datalayer.IShoppingCartItemDalTest@71efa96c, testMethod = editItemShouldReturn1RowsAffected_When2ItemsAreAdded@IShoppingCartItemDalTest, testException = [null], mergedContextConfiguration = [MergedContextConfiguration@6297686b testClass = IShoppingCartItemDalTest, locations = '{}', classes = '{class fontys.s3.andreipieleanu.ClothesShopApplication}', contextInitializerClasses = '[]', activeProfiles = '{}', propertySourceLocations = '{}', propertySourceProperties = '{org.springframework.boot.test.autoconfigure.orm.jpa.DataJpaTestContextBootstrapper=true}', contextCustomizers = set[org.springframework.boot.test.autoconfigure.OverrideAutoConfigurationContextCustomizerFactory$DisableAutoConfigurationContextCustomizer@7418723a, org.springframework.boot.test.autoconfigure.actuate.metrics.MetricsExportContextCustomizerFactory$DisableMetricExportContextCustomizer@261ea657, org.springframework.boot.test.autoconfigure.filter.TypeExcludeFiltersContextCustomizer@351584c0, org.springframework.boot.test.autoconfigure.properties.PropertyMappingContextCustomizer@76af28d5, org.springframework.boot.test.autoconfigure.web.servlet.WebDriverContextCustomizerFactory$Customizer@3968bc60, [ImportsContextCustomizer@5aafc1e4 key = [org.springframework.boot.autoconfigure.cache.CacheAutoConfiguration, org.springframework.boot.autoconfigure.data.jpa.JpaRepositoriesAutoConfiguration, org.springframework.boot.autoconfigure.flyway.FlywayAutoConfiguration, org.springframework.boot.autoconfigure.jdbc.DataSourceAutoConfiguration, org.springframework.boot.autoconfigure.jdbc.DataSourceTransactionManagerAutoConfiguration, org.springframework.boot.autoconfigure.jdbc.JdbcTemplateAutoConfiguration, org.springframework.boot.autoconfigure.liquibase.LiquibaseAutoConfiguration, org.springframework.boot.autoconfigure.orm.jpa.HibernateJpaAutoConfiguration, org.springframework.boot.autoconfigure.sql.init.SqlInitializationAutoConfiguration, org.springframework.boot.autoconfigure.transaction.TransactionAutoConfiguration, org.springframework.boot.test.autoconfigure.jdbc.TestDatabaseAutoConfiguration, org.springframework.boot.test.autoconfigure.orm.jpa.TestEntityManagerAutoConfiguration]], org.springframework.boot.test.context.filter.ExcludeFilterContextCustomizer@5484117b, org.springframework.boot.test.json.DuplicateJsonObjectContextCustomizerFactory$DuplicateJsonObjectContextCustomizer@53b7ce6, org.springframework.boot.test.mock.mockito.MockitoContextCustomizer@0, org.springframework.boot.test.context.SpringBootTestArgs@1, org.springframework.boot.test.context.SpringBootTestWebEnvironment@0], contextLoader = 'org.springframework.boot.test.context.SpringBootContextLoader', parent = [null]], attributes = map['org.springframework.test.context.event.ApplicationEventsTestExecutionListener.recordApplicationEvents' -> false]]; transaction manager [org.springframework.orm.jpa.JpaTransactionManager@1aa1056e]; rollback [true]
Hibernate: select userroleen0_.role_id as role_id1_8_, userroleen0_.role_name as role_nam2_8_ from cs_user_roles userroleen0_ where userroleen0_.role_name=?
Hibernate: insert into cs_users (user_id, user_email, user_firstname, user_lastname, user_password, role_id) values (default, ?, ?, ?, ?, ?)
Hibernate: insert into cs_category (category_id, category_name, category_parent_id) values (default, ?, ?)
Hibernate: insert into cs_clothes (clothes_id, clothes_amount_in_stock, clothes_description, clothes_is_active, clothes_meas_amount, clothes_meas_unit, clothes_name, clothes_price, clothes_size, clothes_subcategory_id) values (default, ?, ?, ?, ?, ?, ?, ?, ?, ?)
Hibernate: insert into cs_clothes (clothes_id, clothes_amount_in_stock, clothes_description, clothes_is_active, clothes_meas_amount, clothes_meas_unit, clothes_name, clothes_price, clothes_size, clothes_subcategory_id) values (default, ?, ?, ?, ?, ?, ?, ?, ?, ?)
Hibernate: insert into cs_shopping_cart (shopping_cart_id, user_id) values (default, ?)
Hibernate: insert into cs_cart_item (cart_item_id, item_amount, clothes_id, shopping_cart_id) values (default, ?, ?, ?)
Hibernate: insert into cs_cart_item (cart_item_id, item_amount, clothes_id, shopping_cart_id) values (default, ?, ?, ?)
Hibernate: update cs_cart_item set item_amount=? where cart_item_id=?
Hibernate: select cartitemen0_.cart_item_id as cart_ite1_1_0_, cartitemen0_.item_amount as item_amo2_1_0_, cartitemen0_.clothes_id as clothes_3_1_0_, cartitemen0_.shopping_cart_id as shopping4_1_0_, clothesent1_.clothes_id as clothes_1_3_1_, clothesent1_.clothes_amount_in_stock as clothes_2_3_1_, clothesent1_.clothes_description as clothes_3_3_1_, clothesent1_.clothes_is_active as clothes_4_3_1_, clothesent1_.clothes_meas_amount as clothes_5_3_1_, clothesent1_.clothes_meas_unit as clothes_6_3_1_, clothesent1_.clothes_name as clothes_7_3_1_, clothesent1_.clothes_price as clothes_8_3_1_, clothesent1_.clothes_size as clothes_9_3_1_, clothesent1_.clothes_subcategory_id as clothes10_3_1_, categoryen2_.category_id as category1_2_2_, categoryen2_.category_name as category2_2_2_, categoryen2_.category_parent_id as category3_2_2_, categoryen3_.category_id as category1_2_3_, categoryen3_.category_name as category2_2_3_, categoryen3_.category_parent_id as category3_2_3_ from cs_cart_item cartitemen0_ inner join cs_clothes clothesent1_ on cartitemen0_.clothes_id=clothesent1_.clothes_id inner join cs_category categoryen2_ on clothesent1_.clothes_subcategory_id=categoryen2_.category_id left outer join cs_category categoryen3_ on categoryen2_.category_parent_id=categoryen3_.category_id where cartitemen0_.cart_item_id=?
2023-06-13 10:08:03.404  INFO 3764 --- [    Test worker] o.s.t.c.transaction.TransactionContext   : Rolled back transaction for test: [DefaultTestContext@418e9741 testClass = IShoppingCartItemDalTest, testInstance = fontys.s3.andreipieleanu.datalayer.IShoppingCartItemDalTest@71efa96c, testMethod = editItemShouldReturn1RowsAffected_When2ItemsAreAdded@IShoppingCartItemDalTest, testException = [null], mergedContextConfiguration = [MergedContextConfiguration@6297686b testClass = IShoppingCartItemDalTest, locations = '{}', classes = '{class fontys.s3.andreipieleanu.ClothesShopApplication}', contextInitializerClasses = '[]', activeProfiles = '{}', propertySourceLocations = '{}', propertySourceProperties = '{org.springframework.boot.test.autoconfigure.orm.jpa.DataJpaTestContextBootstrapper=true}', contextCustomizers = set[org.springframework.boot.test.autoconfigure.OverrideAutoConfigurationContextCustomizerFactory$DisableAutoConfigurationContextCustomizer@7418723a, org.springframework.boot.test.autoconfigure.actuate.metrics.MetricsExportContextCustomizerFactory$DisableMetricExportContextCustomizer@261ea657, org.springframework.boot.test.autoconfigure.filter.TypeExcludeFiltersContextCustomizer@351584c0, org.springframework.boot.test.autoconfigure.properties.PropertyMappingContextCustomizer@76af28d5, org.springframework.boot.test.autoconfigure.web.servlet.WebDriverContextCustomizerFactory$Customizer@3968bc60, [ImportsContextCustomizer@5aafc1e4 key = [org.springframework.boot.autoconfigure.cache.CacheAutoConfiguration, org.springframework.boot.autoconfigure.data.jpa.JpaRepositoriesAutoConfiguration, org.springframework.boot.autoconfigure.flyway.FlywayAutoConfiguration, org.springframework.boot.autoconfigure.jdbc.DataSourceAutoConfiguration, org.springframework.boot.autoconfigure.jdbc.DataSourceTransactionManagerAutoConfiguration, org.springframework.boot.autoconfigure.jdbc.JdbcTemplateAutoConfiguration, org.springframework.boot.autoconfigure.liquibase.LiquibaseAutoConfiguration, org.springframework.boot.autoconfigure.orm.jpa.HibernateJpaAutoConfiguration, org.springframework.boot.autoconfigure.sql.init.SqlInitializationAutoConfiguration, org.springframework.boot.autoconfigure.transaction.TransactionAutoConfiguration, org.springframework.boot.test.autoconfigure.jdbc.TestDatabaseAutoConfiguration, org.springframework.boot.test.autoconfigure.orm.jpa.TestEntityManagerAutoConfiguration]], org.springframework.boot.test.context.filter.ExcludeFilterContextCustomizer@5484117b, org.springframework.boot.test.json.DuplicateJsonObjectContextCustomizerFactory$DuplicateJsonObjectContextCustomizer@53b7ce6, org.springframework.boot.test.mock.mockito.MockitoContextCustomizer@0, org.springframework.boot.test.context.SpringBootTestArgs@1, org.springframework.boot.test.context.SpringBootTestWebEnvironment@0], contextLoader = 'org.springframework.boot.test.context.SpringBootContextLoader', parent = [null]], attributes = map['org.springframework.test.context.event.ApplicationEventsTestExecutionListener.recordApplicationEvents' -> false]]
2023-06-13 10:08:03.406  INFO 3764 --- [    Test worker] j.LocalContainerEntityManagerFactoryBean : Closing JPA EntityManagerFactory for persistence unit 'default'
2023-06-13 10:08:03.407  INFO 3764 --- [    Test worker] com.zaxxer.hikari.HikariDataSource       : HikariPool-18 - Shutdown initiated...
2023-06-13 10:08:03.409  INFO 3764 --- [    Test worker] com.zaxxer.hikari.HikariDataSource       : HikariPool-18 - Shutdown completed.

  .   ____          _            __ _ _
 /\\ / ___'_ __ _ _(_)_ __  __ _ \ \ \ \
( ( )\___ | '_ | '_| | '_ \/ _` | \ \ \ \
 \\/  ___)| |_)| | | | | || (_| |  ) ) ) )
  '  |____| .__|_| |_|_| |_\__, | / / / /
 =========|_|==============|___/=/_/_/_/
 :: Spring Boot ::                (v2.7.3)

2023-06-13 10:08:04.421  INFO 3764 --- [    Test worker] f.s.a.d.IShoppingCartItemDalTest         : No active profile set, falling back to 1 default profile: "default"
2023-06-13 10:08:04.807  INFO 3764 --- [    Test worker] .s.d.r.c.RepositoryConfigurationDelegate : Bootstrapping Spring Data JPA repositories in DEFAULT mode.
2023-06-13 10:08:04.961  INFO 3764 --- [    Test worker] .s.d.r.c.RepositoryConfigurationDelegate : Finished Spring Data repository scanning in 154 ms. Found 10 JPA repository interfaces.
2023-06-13 10:08:05.160  INFO 3764 --- [    Test worker] com.zaxxer.hikari.HikariDataSource       : HikariPool-19 - Starting...
2023-06-13 10:08:05.162  INFO 3764 --- [    Test worker] com.zaxxer.hikari.HikariDataSource       : HikariPool-19 - Start completed.
2023-06-13 10:08:05.162  INFO 3764 --- [    Test worker] o.f.c.i.database.base.BaseDatabaseType   : Database: jdbc:h2:mem:inmemorydb (H2 2.1)
2023-06-13 10:08:05.182  INFO 3764 --- [    Test worker] o.f.core.internal.command.DbValidate     : Successfully validated 5 migrations (execution time 00:00.014s)
2023-06-13 10:08:05.187  INFO 3764 --- [    Test worker] o.f.core.internal.command.DbMigrate      : Current version of schema "PUBLIC": 5
2023-06-13 10:08:05.188  INFO 3764 --- [    Test worker] o.f.core.internal.command.DbMigrate      : Schema "PUBLIC" is up to date. No migration necessary.
2023-06-13 10:08:05.393  INFO 3764 --- [    Test worker] o.hibernate.jpa.internal.util.LogHelper  : HHH000204: Processing PersistenceUnitInfo [name: default]
2023-06-13 10:08:05.429  INFO 3764 --- [    Test worker] org.hibernate.dialect.Dialect            : HHH000400: Using dialect: org.hibernate.dialect.H2Dialect
2023-06-13 10:08:05.463  INFO 3764 --- [MessageBroker-1] o.s.w.s.c.WebSocketMessageBrokerStats    : WebSocketSession[0 current WS(0)-HttpStream(0)-HttpPoll(0), 0 total, 0 closed abnormally (0 connect failure, 0 send limit, 0 transport error)], stompSubProtocol[processed CONNECT(0)-CONNECTED(0)-DISCONNECT(0)], stompBrokerRelay[null], inboundChannel[pool size = 0, active threads = 0, queued tasks = 0, completed tasks = 0], outboundChannel[pool size = 0, active threads = 0, queued tasks = 0, completed tasks = 0], sockJsScheduler[pool size = 1, active threads = 1, queued tasks = 0, completed tasks = 0]
2023-06-13 10:08:05.712  INFO 3764 --- [    Test worker] o.h.e.t.j.p.i.JtaPlatformInitiator       : HHH000490: Using JtaPlatform implementation: [org.hibernate.engine.transaction.jta.platform.internal.NoJtaPlatform]
2023-06-13 10:08:05.713  INFO 3764 --- [    Test worker] j.LocalContainerEntityManagerFactoryBean : Initialized JPA EntityManagerFactory for persistence unit 'default'
2023-06-13 10:08:06.351  INFO 3764 --- [    Test worker] f.s.a.d.IShoppingCartItemDalTest         : Started IShoppingCartItemDalTest in 2.937 seconds (JVM running for 215.443)
2023-06-13 10:08:06.362  INFO 3764 --- [    Test worker] o.s.t.c.transaction.TransactionContext   : Began transaction (1) for test context [DefaultTestContext@418e9741 testClass = IShoppingCartItemDalTest, testInstance = fontys.s3.andreipieleanu.datalayer.IShoppingCartItemDalTest@42b5c50a, testMethod = removeItemFromCartShouldRemove_WhenItemExists@IShoppingCartItemDalTest, testException = [null], mergedContextConfiguration = [MergedContextConfiguration@6297686b testClass = IShoppingCartItemDalTest, locations = '{}', classes = '{class fontys.s3.andreipieleanu.ClothesShopApplication}', contextInitializerClasses = '[]', activeProfiles = '{}', propertySourceLocations = '{}', propertySourceProperties = '{org.springframework.boot.test.autoconfigure.orm.jpa.DataJpaTestContextBootstrapper=true}', contextCustomizers = set[org.springframework.boot.test.autoconfigure.OverrideAutoConfigurationContextCustomizerFactory$DisableAutoConfigurationContextCustomizer@7418723a, org.springframework.boot.test.autoconfigure.actuate.metrics.MetricsExportContextCustomizerFactory$DisableMetricExportContextCustomizer@261ea657, org.springframework.boot.test.autoconfigure.filter.TypeExcludeFiltersContextCustomizer@351584c0, org.springframework.boot.test.autoconfigure.properties.PropertyMappingContextCustomizer@76af28d5, org.springframework.boot.test.autoconfigure.web.servlet.WebDriverContextCustomizerFactory$Customizer@3968bc60, [ImportsContextCustomizer@5aafc1e4 key = [org.springframework.boot.autoconfigure.cache.CacheAutoConfiguration, org.springframework.boot.autoconfigure.data.jpa.JpaRepositoriesAutoConfiguration, org.springframework.boot.autoconfigure.flyway.FlywayAutoConfiguration, org.springframework.boot.autoconfigure.jdbc.DataSourceAutoConfiguration, org.springframework.boot.autoconfigure.jdbc.DataSourceTransactionManagerAutoConfiguration, org.springframework.boot.autoconfigure.jdbc.JdbcTemplateAutoConfiguration, org.springframework.boot.autoconfigure.liquibase.LiquibaseAutoConfiguration, org.springframework.boot.autoconfigure.orm.jpa.HibernateJpaAutoConfiguration, org.springframework.boot.autoconfigure.sql.init.SqlInitializationAutoConfiguration, org.springframework.boot.autoconfigure.transaction.TransactionAutoConfiguration, org.springframework.boot.test.autoconfigure.jdbc.TestDatabaseAutoConfiguration, org.springframework.boot.test.autoconfigure.orm.jpa.TestEntityManagerAutoConfiguration]], org.springframework.boot.test.context.filter.ExcludeFilterContextCustomizer@5484117b, org.springframework.boot.test.json.DuplicateJsonObjectContextCustomizerFactory$DuplicateJsonObjectContextCustomizer@53b7ce6, org.springframework.boot.test.mock.mockito.MockitoContextCustomizer@0, org.springframework.boot.test.context.SpringBootTestArgs@1, org.springframework.boot.test.context.SpringBootTestWebEnvironment@0], contextLoader = 'org.springframework.boot.test.context.SpringBootContextLoader', parent = [null]], attributes = map['org.springframework.test.context.event.ApplicationEventsTestExecutionListener.recordApplicationEvents' -> false]]; transaction manager [org.springframework.orm.jpa.JpaTransactionManager@2ce934a2]; rollback [true]
Hibernate: select userroleen0_.role_id as role_id1_8_, userroleen0_.role_name as role_nam2_8_ from cs_user_roles userroleen0_ where userroleen0_.role_name=?
Hibernate: insert into cs_users (user_id, user_email, user_firstname, user_lastname, user_password, role_id) values (default, ?, ?, ?, ?, ?)
Hibernate: insert into cs_category (category_id, category_name, category_parent_id) values (default, ?, ?)
Hibernate: insert into cs_clothes (clothes_id, clothes_amount_in_stock, clothes_description, clothes_is_active, clothes_meas_amount, clothes_meas_unit, clothes_name, clothes_price, clothes_size, clothes_subcategory_id) values (default, ?, ?, ?, ?, ?, ?, ?, ?, ?)
Hibernate: insert into cs_clothes (clothes_id, clothes_amount_in_stock, clothes_description, clothes_is_active, clothes_meas_amount, clothes_meas_unit, clothes_name, clothes_price, clothes_size, clothes_subcategory_id) values (default, ?, ?, ?, ?, ?, ?, ?, ?, ?)
Hibernate: insert into cs_shopping_cart (shopping_cart_id, user_id) values (default, ?)
Hibernate: insert into cs_cart_item (cart_item_id, item_amount, clothes_id, shopping_cart_id) values (default, ?, ?, ?)
Hibernate: delete from cs_cart_item where clothes_id=? and shopping_cart_id=?
Hibernate: select cartitemen0_.cart_item_id as cart_ite1_1_0_, cartitemen0_.item_amount as item_amo2_1_0_, cartitemen0_.clothes_id as clothes_3_1_0_, cartitemen0_.shopping_cart_id as shopping4_1_0_, clothesent1_.clothes_id as clothes_1_3_1_, clothesent1_.clothes_amount_in_stock as clothes_2_3_1_, clothesent1_.clothes_description as clothes_3_3_1_, clothesent1_.clothes_is_active as clothes_4_3_1_, clothesent1_.clothes_meas_amount as clothes_5_3_1_, clothesent1_.clothes_meas_unit as clothes_6_3_1_, clothesent1_.clothes_name as clothes_7_3_1_, clothesent1_.clothes_price as clothes_8_3_1_, clothesent1_.clothes_size as clothes_9_3_1_, clothesent1_.clothes_subcategory_id as clothes10_3_1_, categoryen2_.category_id as category1_2_2_, categoryen2_.category_name as category2_2_2_, categoryen2_.category_parent_id as category3_2_2_, categoryen3_.category_id as category1_2_3_, categoryen3_.category_name as category2_2_3_, categoryen3_.category_parent_id as category3_2_3_ from cs_cart_item cartitemen0_ inner join cs_clothes clothesent1_ on cartitemen0_.clothes_id=clothesent1_.clothes_id inner join cs_category categoryen2_ on clothesent1_.clothes_subcategory_id=categoryen2_.category_id left outer join cs_category categoryen3_ on categoryen2_.category_parent_id=categoryen3_.category_id where cartitemen0_.cart_item_id=?
2023-06-13 10:08:06.405  INFO 3764 --- [    Test worker] o.s.t.c.transaction.TransactionContext   : Rolled back transaction for test: [DefaultTestContext@418e9741 testClass = IShoppingCartItemDalTest, testInstance = fontys.s3.andreipieleanu.datalayer.IShoppingCartItemDalTest@42b5c50a, testMethod = removeItemFromCartShouldRemove_WhenItemExists@IShoppingCartItemDalTest, testException = [null], mergedContextConfiguration = [MergedContextConfiguration@6297686b testClass = IShoppingCartItemDalTest, locations = '{}', classes = '{class fontys.s3.andreipieleanu.ClothesShopApplication}', contextInitializerClasses = '[]', activeProfiles = '{}', propertySourceLocations = '{}', propertySourceProperties = '{org.springframework.boot.test.autoconfigure.orm.jpa.DataJpaTestContextBootstrapper=true}', contextCustomizers = set[org.springframework.boot.test.autoconfigure.OverrideAutoConfigurationContextCustomizerFactory$DisableAutoConfigurationContextCustomizer@7418723a, org.springframework.boot.test.autoconfigure.actuate.metrics.MetricsExportContextCustomizerFactory$DisableMetricExportContextCustomizer@261ea657, org.springframework.boot.test.autoconfigure.filter.TypeExcludeFiltersContextCustomizer@351584c0, org.springframework.boot.test.autoconfigure.properties.PropertyMappingContextCustomizer@76af28d5, org.springframework.boot.test.autoconfigure.web.servlet.WebDriverContextCustomizerFactory$Customizer@3968bc60, [ImportsContextCustomizer@5aafc1e4 key = [org.springframework.boot.autoconfigure.cache.CacheAutoConfiguration, org.springframework.boot.autoconfigure.data.jpa.JpaRepositoriesAutoConfiguration, org.springframework.boot.autoconfigure.flyway.FlywayAutoConfiguration, org.springframework.boot.autoconfigure.jdbc.DataSourceAutoConfiguration, org.springframework.boot.autoconfigure.jdbc.DataSourceTransactionManagerAutoConfiguration, org.springframework.boot.autoconfigure.jdbc.JdbcTemplateAutoConfiguration, org.springframework.boot.autoconfigure.liquibase.LiquibaseAutoConfiguration, org.springframework.boot.autoconfigure.orm.jpa.HibernateJpaAutoConfiguration, org.springframework.boot.autoconfigure.sql.init.SqlInitializationAutoConfiguration, org.springframework.boot.autoconfigure.transaction.TransactionAutoConfiguration, org.springframework.boot.test.autoconfigure.jdbc.TestDatabaseAutoConfiguration, org.springframework.boot.test.autoconfigure.orm.jpa.TestEntityManagerAutoConfiguration]], org.springframework.boot.test.context.filter.ExcludeFilterContextCustomizer@5484117b, org.springframework.boot.test.json.DuplicateJsonObjectContextCustomizerFactory$DuplicateJsonObjectContextCustomizer@53b7ce6, org.springframework.boot.test.mock.mockito.MockitoContextCustomizer@0, org.springframework.boot.test.context.SpringBootTestArgs@1, org.springframework.boot.test.context.SpringBootTestWebEnvironment@0], contextLoader = 'org.springframework.boot.test.context.SpringBootContextLoader', parent = [null]], attributes = map['org.springframework.test.context.event.ApplicationEventsTestExecutionListener.recordApplicationEvents' -> false]]
2023-06-13 10:08:06.407  INFO 3764 --- [    Test worker] j.LocalContainerEntityManagerFactoryBean : Closing JPA EntityManagerFactory for persistence unit 'default'
2023-06-13 10:08:06.409  INFO 3764 --- [    Test worker] com.zaxxer.hikari.HikariDataSource       : HikariPool-19 - Shutdown initiated...
2023-06-13 10:08:06.411  INFO 3764 --- [    Test worker] com.zaxxer.hikari.HikariDataSource       : HikariPool-19 - Shutdown completed.
]]></system-out>
  <system-err><![CDATA[]]></system-err>
</testsuite>
