<?xml version="1.0" encoding="UTF-8"?>
<testsuite name="fontys.s3.andreipieleanu.servicelayer.serviceimpl.TestShoppingCart" tests="7" skipped="0" failures="0" errors="0" timestamp="2023-06-13T08:08:24" hostname="DESKTOP-E4KTK2V" time="0.079">
  <properties/>
  <testcase name="createCartShouldWork_whenCartIdCreated()" classname="fontys.s3.andreipieleanu.servicelayer.serviceimpl.TestShoppingCart" time="0.015"/>
  <testcase name="getCartOfUserShouldThrowException_WhenUserDoesNotExist()" classname="fontys.s3.andreipieleanu.servicelayer.serviceimpl.TestShoppingCart" time="0.006"/>
  <testcase name="getCardShouldReturnCartWithId1_whenCartExists()" classname="fontys.s3.andreipieleanu.servicelayer.serviceimpl.TestShoppingCart" time="0.017"/>
  <testcase name="emptyCartShouldThrowException_WhenCartDoesNotExist()" classname="fontys.s3.andreipieleanu.servicelayer.serviceimpl.TestShoppingCart" time="0.006"/>
  <testcase name="getCartOfUserShouldRetrieve_WhenUserExists()" classname="fontys.s3.andreipieleanu.servicelayer.serviceimpl.TestShoppingCart" time="0.013"/>
  <testcase name="getCartShouldThrowException_whenCartWithId1DoesNotExist()" classname="fontys.s3.andreipieleanu.servicelayer.serviceimpl.TestShoppingCart" time="0.004"/>
  <testcase name="emptyCartShouldEmpty_WhenCartExists()" classname="fontys.s3.andreipieleanu.servicelayer.serviceimpl.TestShoppingCart" time="0.003"/>
  <system-out><![CDATA[]]></system-out>
  <system-err><![CDATA[]]></system-err>
</testsuite>
