<?xml version="1.0" encoding="UTF-8"?>
<testsuite name="fontys.s3.andreipieleanu.datalayer.IShoppingCartDalTest" tests="2" skipped="0" failures="0" errors="0" timestamp="2023-06-13T08:07:54" hostname="DESKTOP-E4KTK2V" time="2.585">
  <properties/>
  <testcase name="emptyCart_WhenItemIsAdded()" classname="fontys.s3.andreipieleanu.datalayer.IShoppingCartDalTest" time="0.187"/>
  <testcase name="createCartShouldWork_WhenCartIsNew()" classname="fontys.s3.andreipieleanu.datalayer.IShoppingCartDalTest" time="0.082"/>
  <system-out><![CDATA[2023-06-13 10:07:52.014  INFO 3764 --- [    Test worker] b.t.a.o.j.DataJpaTestContextBootstrapper : Neither @ContextConfiguration nor @ContextHierarchy found for test class [fontys.s3.andreipieleanu.datalayer.IShoppingCartDalTest], using SpringBootContextLoader
2023-06-13 10:07:52.018  INFO 3764 --- [    Test worker] o.s.t.c.support.AbstractContextLoader    : Could not detect default resource locations for test class [fontys.s3.andreipieleanu.datalayer.IShoppingCartDalTest]: no resource found for suffixes {-context.xml, Context.groovy}.
2023-06-13 10:07:52.018  INFO 3764 --- [    Test worker] t.c.s.AnnotationConfigContextLoaderUtils : Could not detect default configuration classes for test class [fontys.s3.andreipieleanu.datalayer.IShoppingCartDalTest]: IShoppingCartDalTest does not declare any static, non-private, non-final, nested classes annotated with @Configuration.
2023-06-13 10:07:52.030  INFO 3764 --- [    Test worker] .b.t.c.SpringBootTestContextBootstrapper : Found @SpringBootConfiguration fontys.s3.andreipieleanu.ClothesShopApplication for test class fontys.s3.andreipieleanu.datalayer.IShoppingCartDalTest
2023-06-13 10:07:52.033  INFO 3764 --- [    Test worker] b.t.a.o.j.DataJpaTestContextBootstrapper : Loaded default TestExecutionListener class names from location [META-INF/spring.factories]: [org.springframework.security.test.context.support.WithSecurityContextTestExecutionListener, org.springframework.security.test.context.support.ReactorContextTestExecutionListener, org.springframework.boot.test.autoconfigure.restdocs.RestDocsTestExecutionListener, org.springframework.boot.test.autoconfigure.web.client.MockRestServiceServerResetTestExecutionListener, org.springframework.boot.test.autoconfigure.web.servlet.MockMvcPrintOnlyOnFailureTestExecutionListener, org.springframework.boot.test.autoconfigure.web.servlet.WebDriverTestExecutionListener, org.springframework.boot.test.autoconfigure.webservices.client.MockWebServiceServerTestExecutionListener, org.springframework.boot.test.mock.mockito.MockitoTestExecutionListener, org.springframework.boot.test.mock.mockito.ResetMocksTestExecutionListener, org.springframework.test.context.web.ServletTestExecutionListener, org.springframework.test.context.support.DirtiesContextBeforeModesTestExecutionListener, org.springframework.test.context.event.ApplicationEventsTestExecutionListener, org.springframework.test.context.support.DependencyInjectionTestExecutionListener, org.springframework.test.context.support.DirtiesContextTestExecutionListener, org.springframework.test.context.transaction.TransactionalTestExecutionListener, org.springframework.test.context.jdbc.SqlScriptsTestExecutionListener, org.springframework.test.context.event.EventPublishingTestExecutionListener]
2023-06-13 10:07:52.036  INFO 3764 --- [    Test worker] b.t.a.o.j.DataJpaTestContextBootstrapper : Using TestExecutionListeners: [org.springframework.test.context.web.ServletTestExecutionListener@929dc11, org.springframework.test.context.support.DirtiesContextBeforeModesTestExecutionListener@2fae37cd, org.springframework.test.context.event.ApplicationEventsTestExecutionListener@20138229, org.springframework.boot.test.mock.mockito.MockitoTestExecutionListener@18bd059a, org.springframework.boot.test.autoconfigure.SpringBootDependencyInjectionTestExecutionListener@5f339bc8, org.springframework.test.context.support.DirtiesContextTestExecutionListener@17ddfbc, org.springframework.test.context.transaction.TransactionalTestExecutionListener@3d431770, org.springframework.test.context.jdbc.SqlScriptsTestExecutionListener@4d225497, org.springframework.security.test.context.support.WithSecurityContextTestExecutionListener@e0c7b20, org.springframework.test.context.event.EventPublishingTestExecutionListener@6163c562, org.springframework.security.test.context.support.ReactorContextTestExecutionListener@44beb6a9, org.springframework.boot.test.autoconfigure.restdocs.RestDocsTestExecutionListener@1be7c445, org.springframework.boot.test.autoconfigure.web.client.MockRestServiceServerResetTestExecutionListener@765f6962, org.springframework.boot.test.autoconfigure.web.servlet.MockMvcPrintOnlyOnFailureTestExecutionListener@9e8fa1e, org.springframework.boot.test.autoconfigure.web.servlet.WebDriverTestExecutionListener@38d21e74, org.springframework.boot.test.autoconfigure.webservices.client.MockWebServiceServerTestExecutionListener@1d3220c7, org.springframework.boot.test.mock.mockito.ResetMocksTestExecutionListener@10ab5e7a]

  .   ____          _            __ _ _
 /\\ / ___'_ __ _ _(_)_ __  __ _ \ \ \ \
( ( )\___ | '_ | '_| | '_ \/ _` | \ \ \ \
 \\/  ___)| |_)| | | | | || (_| |  ) ) ) )
  '  |____| .__|_| |_|_| |_\__, | / / / /
 =========|_|==============|___/=/_/_/_/
 :: Spring Boot ::                (v2.7.3)

2023-06-13 10:07:52.905  INFO 3764 --- [    Test worker] f.s.a.datalayer.IShoppingCartDalTest     : No active profile set, falling back to 1 default profile: "default"
2023-06-13 10:07:53.335  INFO 3764 --- [    Test worker] .s.d.r.c.RepositoryConfigurationDelegate : Bootstrapping Spring Data JPA repositories in DEFAULT mode.
2023-06-13 10:07:53.545  INFO 3764 --- [    Test worker] .s.d.r.c.RepositoryConfigurationDelegate : Finished Spring Data repository scanning in 209 ms. Found 10 JPA repository interfaces.
2023-06-13 10:07:53.773  INFO 3764 --- [    Test worker] com.zaxxer.hikari.HikariDataSource       : HikariPool-15 - Starting...
2023-06-13 10:07:53.776  INFO 3764 --- [    Test worker] com.zaxxer.hikari.HikariDataSource       : HikariPool-15 - Start completed.
2023-06-13 10:07:53.776  INFO 3764 --- [    Test worker] o.f.c.i.database.base.BaseDatabaseType   : Database: jdbc:h2:mem:inmemorydb (H2 2.1)
2023-06-13 10:07:53.798  INFO 3764 --- [    Test worker] o.f.core.internal.command.DbValidate     : Successfully validated 5 migrations (execution time 00:00.015s)
2023-06-13 10:07:53.805  INFO 3764 --- [    Test worker] o.f.core.internal.command.DbMigrate      : Current version of schema "PUBLIC": 5
2023-06-13 10:07:53.808  INFO 3764 --- [    Test worker] o.f.core.internal.command.DbMigrate      : Schema "PUBLIC" is up to date. No migration necessary.
2023-06-13 10:07:53.993  INFO 3764 --- [    Test worker] o.hibernate.jpa.internal.util.LogHelper  : HHH000204: Processing PersistenceUnitInfo [name: default]
2023-06-13 10:07:54.028  INFO 3764 --- [    Test worker] org.hibernate.dialect.Dialect            : HHH000400: Using dialect: org.hibernate.dialect.H2Dialect
2023-06-13 10:07:54.321  INFO 3764 --- [    Test worker] o.h.e.t.j.p.i.JtaPlatformInitiator       : HHH000490: Using JtaPlatform implementation: [org.hibernate.engine.transaction.jta.platform.internal.NoJtaPlatform]
2023-06-13 10:07:54.323  INFO 3764 --- [    Test worker] j.LocalContainerEntityManagerFactoryBean : Initialized JPA EntityManagerFactory for persistence unit 'default'
2023-06-13 10:07:54.524  INFO 3764 --- [MessageBroker-1] o.s.w.s.c.WebSocketMessageBrokerStats    : WebSocketSession[0 current WS(0)-HttpStream(0)-HttpPoll(0), 0 total, 0 closed abnormally (0 connect failure, 0 send limit, 0 transport error)], stompSubProtocol[processed CONNECT(0)-CONNECTED(0)-DISCONNECT(0)], stompBrokerRelay[null], inboundChannel[pool size = 0, active threads = 0, queued tasks = 0, completed tasks = 0], outboundChannel[pool size = 0, active threads = 0, queued tasks = 0, completed tasks = 0], sockJsScheduler[pool size = 1, active threads = 1, queued tasks = 0, completed tasks = 0]
2023-06-13 10:07:54.872  INFO 3764 --- [    Test worker] f.s.a.datalayer.IShoppingCartDalTest     : Started IShoppingCartDalTest in 2.831 seconds (JVM running for 203.963)
2023-06-13 10:07:54.884  INFO 3764 --- [    Test worker] o.s.t.c.transaction.TransactionContext   : Began transaction (1) for test context [DefaultTestContext@4b993cf7 testClass = IShoppingCartDalTest, testInstance = fontys.s3.andreipieleanu.datalayer.IShoppingCartDalTest@6ac42170, testMethod = emptyCart_WhenItemIsAdded@IShoppingCartDalTest, testException = [null], mergedContextConfiguration = [MergedContextConfiguration@3a82f843 testClass = IShoppingCartDalTest, locations = '{}', classes = '{class fontys.s3.andreipieleanu.ClothesShopApplication}', contextInitializerClasses = '[]', activeProfiles = '{}', propertySourceLocations = '{}', propertySourceProperties = '{org.springframework.boot.test.autoconfigure.orm.jpa.DataJpaTestContextBootstrapper=true}', contextCustomizers = set[org.springframework.boot.test.autoconfigure.OverrideAutoConfigurationContextCustomizerFactory$DisableAutoConfigurationContextCustomizer@7418723a, org.springframework.boot.test.autoconfigure.actuate.metrics.MetricsExportContextCustomizerFactory$DisableMetricExportContextCustomizer@261ea657, org.springframework.boot.test.autoconfigure.filter.TypeExcludeFiltersContextCustomizer@351584c0, org.springframework.boot.test.autoconfigure.properties.PropertyMappingContextCustomizer@76af28d5, org.springframework.boot.test.autoconfigure.web.servlet.WebDriverContextCustomizerFactory$Customizer@3968bc60, [ImportsContextCustomizer@4c17362a key = [org.springframework.boot.autoconfigure.cache.CacheAutoConfiguration, org.springframework.boot.autoconfigure.data.jpa.JpaRepositoriesAutoConfiguration, org.springframework.boot.autoconfigure.flyway.FlywayAutoConfiguration, org.springframework.boot.autoconfigure.jdbc.DataSourceAutoConfiguration, org.springframework.boot.autoconfigure.jdbc.DataSourceTransactionManagerAutoConfiguration, org.springframework.boot.autoconfigure.jdbc.JdbcTemplateAutoConfiguration, org.springframework.boot.autoconfigure.liquibase.LiquibaseAutoConfiguration, org.springframework.boot.autoconfigure.orm.jpa.HibernateJpaAutoConfiguration, org.springframework.boot.autoconfigure.sql.init.SqlInitializationAutoConfiguration, org.springframework.boot.autoconfigure.transaction.TransactionAutoConfiguration, org.springframework.boot.test.autoconfigure.jdbc.TestDatabaseAutoConfiguration, org.springframework.boot.test.autoconfigure.orm.jpa.TestEntityManagerAutoConfiguration]], org.springframework.boot.test.context.filter.ExcludeFilterContextCustomizer@5484117b, org.springframework.boot.test.json.DuplicateJsonObjectContextCustomizerFactory$DuplicateJsonObjectContextCustomizer@53b7ce6, org.springframework.boot.test.mock.mockito.MockitoContextCustomizer@0, org.springframework.boot.test.context.SpringBootTestArgs@1, org.springframework.boot.test.context.SpringBootTestWebEnvironment@0], contextLoader = 'org.springframework.boot.test.context.SpringBootContextLoader', parent = [null]], attributes = map['org.springframework.test.context.event.ApplicationEventsTestExecutionListener.recordApplicationEvents' -> false]]; transaction manager [org.springframework.orm.jpa.JpaTransactionManager@68eccf82]; rollback [true]
Hibernate: select userroleen0_.role_id as role_id1_8_, userroleen0_.role_name as role_nam2_8_ from cs_user_roles userroleen0_ where userroleen0_.role_name=?
Hibernate: insert into cs_users (user_id, user_email, user_firstname, user_lastname, user_password, role_id) values (default, ?, ?, ?, ?, ?)
Hibernate: insert into cs_category (category_id, category_name, category_parent_id) values (default, ?, ?)
Hibernate: insert into cs_clothes (clothes_id, clothes_amount_in_stock, clothes_description, clothes_is_active, clothes_meas_amount, clothes_meas_unit, clothes_name, clothes_price, clothes_size, clothes_subcategory_id) values (default, ?, ?, ?, ?, ?, ?, ?, ?, ?)
Hibernate: insert into cs_shopping_cart (shopping_cart_id, user_id) values (default, ?)
Hibernate: insert into cs_cart_item (cart_item_id, item_amount, clothes_id, shopping_cart_id) values (default, ?, ?, ?)
Hibernate: delete from cs_cart_item where shopping_cart_id=?
2023-06-13 10:07:55.028  INFO 3764 --- [    Test worker] o.s.t.c.transaction.TransactionContext   : Rolled back transaction for test: [DefaultTestContext@4b993cf7 testClass = IShoppingCartDalTest, testInstance = fontys.s3.andreipieleanu.datalayer.IShoppingCartDalTest@6ac42170, testMethod = emptyCart_WhenItemIsAdded@IShoppingCartDalTest, testException = [null], mergedContextConfiguration = [MergedContextConfiguration@3a82f843 testClass = IShoppingCartDalTest, locations = '{}', classes = '{class fontys.s3.andreipieleanu.ClothesShopApplication}', contextInitializerClasses = '[]', activeProfiles = '{}', propertySourceLocations = '{}', propertySourceProperties = '{org.springframework.boot.test.autoconfigure.orm.jpa.DataJpaTestContextBootstrapper=true}', contextCustomizers = set[org.springframework.boot.test.autoconfigure.OverrideAutoConfigurationContextCustomizerFactory$DisableAutoConfigurationContextCustomizer@7418723a, org.springframework.boot.test.autoconfigure.actuate.metrics.MetricsExportContextCustomizerFactory$DisableMetricExportContextCustomizer@261ea657, org.springframework.boot.test.autoconfigure.filter.TypeExcludeFiltersContextCustomizer@351584c0, org.springframework.boot.test.autoconfigure.properties.PropertyMappingContextCustomizer@76af28d5, org.springframework.boot.test.autoconfigure.web.servlet.WebDriverContextCustomizerFactory$Customizer@3968bc60, [ImportsContextCustomizer@4c17362a key = [org.springframework.boot.autoconfigure.cache.CacheAutoConfiguration, org.springframework.boot.autoconfigure.data.jpa.JpaRepositoriesAutoConfiguration, org.springframework.boot.autoconfigure.flyway.FlywayAutoConfiguration, org.springframework.boot.autoconfigure.jdbc.DataSourceAutoConfiguration, org.springframework.boot.autoconfigure.jdbc.DataSourceTransactionManagerAutoConfiguration, org.springframework.boot.autoconfigure.jdbc.JdbcTemplateAutoConfiguration, org.springframework.boot.autoconfigure.liquibase.LiquibaseAutoConfiguration, org.springframework.boot.autoconfigure.orm.jpa.HibernateJpaAutoConfiguration, org.springframework.boot.autoconfigure.sql.init.SqlInitializationAutoConfiguration, org.springframework.boot.autoconfigure.transaction.TransactionAutoConfiguration, org.springframework.boot.test.autoconfigure.jdbc.TestDatabaseAutoConfiguration, org.springframework.boot.test.autoconfigure.orm.jpa.TestEntityManagerAutoConfiguration]], org.springframework.boot.test.context.filter.ExcludeFilterContextCustomizer@5484117b, org.springframework.boot.test.json.DuplicateJsonObjectContextCustomizerFactory$DuplicateJsonObjectContextCustomizer@53b7ce6, org.springframework.boot.test.mock.mockito.MockitoContextCustomizer@0, org.springframework.boot.test.context.SpringBootTestArgs@1, org.springframework.boot.test.context.SpringBootTestWebEnvironment@0], contextLoader = 'org.springframework.boot.test.context.SpringBootContextLoader', parent = [null]], attributes = map['org.springframework.test.context.event.ApplicationEventsTestExecutionListener.recordApplicationEvents' -> false]]
2023-06-13 10:07:55.031  INFO 3764 --- [    Test worker] j.LocalContainerEntityManagerFactoryBean : Closing JPA EntityManagerFactory for persistence unit 'default'
2023-06-13 10:07:55.033  INFO 3764 --- [    Test worker] com.zaxxer.hikari.HikariDataSource       : HikariPool-15 - Shutdown initiated...
2023-06-13 10:07:55.064  INFO 3764 --- [    Test worker] com.zaxxer.hikari.HikariDataSource       : HikariPool-15 - Shutdown completed.

  .   ____          _            __ _ _
 /\\ / ___'_ __ _ _(_)_ __  __ _ \ \ \ \
( ( )\___ | '_ | '_| | '_ \/ _` | \ \ \ \
 \\/  ___)| |_)| | | | | || (_| |  ) ) ) )
  '  |____| .__|_| |_|_| |_\__, | / / / /
 =========|_|==============|___/=/_/_/_/
 :: Spring Boot ::                (v2.7.3)

2023-06-13 10:07:55.739  INFO 3764 --- [    Test worker] f.s.a.datalayer.IShoppingCartDalTest     : No active profile set, falling back to 1 default profile: "default"
2023-06-13 10:07:56.058  INFO 3764 --- [    Test worker] .s.d.r.c.RepositoryConfigurationDelegate : Bootstrapping Spring Data JPA repositories in DEFAULT mode.
2023-06-13 10:07:56.212  INFO 3764 --- [    Test worker] .s.d.r.c.RepositoryConfigurationDelegate : Finished Spring Data repository scanning in 152 ms. Found 10 JPA repository interfaces.
2023-06-13 10:07:56.367  INFO 3764 --- [    Test worker] com.zaxxer.hikari.HikariDataSource       : HikariPool-16 - Starting...
2023-06-13 10:07:56.368  INFO 3764 --- [    Test worker] com.zaxxer.hikari.HikariDataSource       : HikariPool-16 - Start completed.
2023-06-13 10:07:56.371  INFO 3764 --- [    Test worker] o.f.c.i.database.base.BaseDatabaseType   : Database: jdbc:h2:mem:inmemorydb (H2 2.1)
2023-06-13 10:07:56.392  INFO 3764 --- [    Test worker] o.f.core.internal.command.DbValidate     : Successfully validated 5 migrations (execution time 00:00.011s)
2023-06-13 10:07:56.396  INFO 3764 --- [    Test worker] o.f.core.internal.command.DbMigrate      : Current version of schema "PUBLIC": 5
2023-06-13 10:07:56.397  INFO 3764 --- [    Test worker] o.f.core.internal.command.DbMigrate      : Schema "PUBLIC" is up to date. No migration necessary.
2023-06-13 10:07:56.568  INFO 3764 --- [    Test worker] o.hibernate.jpa.internal.util.LogHelper  : HHH000204: Processing PersistenceUnitInfo [name: default]
2023-06-13 10:07:56.592  INFO 3764 --- [    Test worker] org.hibernate.dialect.Dialect            : HHH000400: Using dialect: org.hibernate.dialect.H2Dialect
2023-06-13 10:07:56.833  INFO 3764 --- [    Test worker] o.h.e.t.j.p.i.JtaPlatformInitiator       : HHH000490: Using JtaPlatform implementation: [org.hibernate.engine.transaction.jta.platform.internal.NoJtaPlatform]
2023-06-13 10:07:56.834  INFO 3764 --- [    Test worker] j.LocalContainerEntityManagerFactoryBean : Initialized JPA EntityManagerFactory for persistence unit 'default'
2023-06-13 10:07:57.362  INFO 3764 --- [    Test worker] f.s.a.datalayer.IShoppingCartDalTest     : Started IShoppingCartDalTest in 2.289 seconds (JVM running for 206.453)
2023-06-13 10:07:57.387  INFO 3764 --- [    Test worker] o.s.t.c.transaction.TransactionContext   : Began transaction (1) for test context [DefaultTestContext@4b993cf7 testClass = IShoppingCartDalTest, testInstance = fontys.s3.andreipieleanu.datalayer.IShoppingCartDalTest@7eea9af4, testMethod = createCartShouldWork_WhenCartIsNew@IShoppingCartDalTest, testException = [null], mergedContextConfiguration = [MergedContextConfiguration@3a82f843 testClass = IShoppingCartDalTest, locations = '{}', classes = '{class fontys.s3.andreipieleanu.ClothesShopApplication}', contextInitializerClasses = '[]', activeProfiles = '{}', propertySourceLocations = '{}', propertySourceProperties = '{org.springframework.boot.test.autoconfigure.orm.jpa.DataJpaTestContextBootstrapper=true}', contextCustomizers = set[org.springframework.boot.test.autoconfigure.OverrideAutoConfigurationContextCustomizerFactory$DisableAutoConfigurationContextCustomizer@7418723a, org.springframework.boot.test.autoconfigure.actuate.metrics.MetricsExportContextCustomizerFactory$DisableMetricExportContextCustomizer@261ea657, org.springframework.boot.test.autoconfigure.filter.TypeExcludeFiltersContextCustomizer@351584c0, org.springframework.boot.test.autoconfigure.properties.PropertyMappingContextCustomizer@76af28d5, org.springframework.boot.test.autoconfigure.web.servlet.WebDriverContextCustomizerFactory$Customizer@3968bc60, [ImportsContextCustomizer@4c17362a key = [org.springframework.boot.autoconfigure.cache.CacheAutoConfiguration, org.springframework.boot.autoconfigure.data.jpa.JpaRepositoriesAutoConfiguration, org.springframework.boot.autoconfigure.flyway.FlywayAutoConfiguration, org.springframework.boot.autoconfigure.jdbc.DataSourceAutoConfiguration, org.springframework.boot.autoconfigure.jdbc.DataSourceTransactionManagerAutoConfiguration, org.springframework.boot.autoconfigure.jdbc.JdbcTemplateAutoConfiguration, org.springframework.boot.autoconfigure.liquibase.LiquibaseAutoConfiguration, org.springframework.boot.autoconfigure.orm.jpa.HibernateJpaAutoConfiguration, org.springframework.boot.autoconfigure.sql.init.SqlInitializationAutoConfiguration, org.springframework.boot.autoconfigure.transaction.TransactionAutoConfiguration, org.springframework.boot.test.autoconfigure.jdbc.TestDatabaseAutoConfiguration, org.springframework.boot.test.autoconfigure.orm.jpa.TestEntityManagerAutoConfiguration]], org.springframework.boot.test.context.filter.ExcludeFilterContextCustomizer@5484117b, org.springframework.boot.test.json.DuplicateJsonObjectContextCustomizerFactory$DuplicateJsonObjectContextCustomizer@53b7ce6, org.springframework.boot.test.mock.mockito.MockitoContextCustomizer@0, org.springframework.boot.test.context.SpringBootTestArgs@1, org.springframework.boot.test.context.SpringBootTestWebEnvironment@0], contextLoader = 'org.springframework.boot.test.context.SpringBootContextLoader', parent = [null]], attributes = map['org.springframework.test.context.event.ApplicationEventsTestExecutionListener.recordApplicationEvents' -> false]]; transaction manager [org.springframework.orm.jpa.JpaTransactionManager@36d2ab40]; rollback [true]
Hibernate: select userroleen0_.role_id as role_id1_8_, userroleen0_.role_name as role_nam2_8_ from cs_user_roles userroleen0_ where userroleen0_.role_name=?
Hibernate: insert into cs_users (user_id, user_email, user_firstname, user_lastname, user_password, role_id) values (default, ?, ?, ?, ?, ?)
Hibernate: insert into cs_shopping_cart (shopping_cart_id, user_id) values (default, ?)
Hibernate: select shoppingca0_.shopping_cart_id as shopping1_7_0_, shoppingca0_.user_id as user_id2_7_0_, cartitems1_.shopping_cart_id as shopping4_1_1_, cartitems1_.cart_item_id as cart_ite1_1_1_, cartitems1_.cart_item_id as cart_ite1_1_, cartitems1_.cart_item_id as cart_ite1_1_2_, cartitems1_.item_amount as item_amo2_1_2_, cartitems1_.clothes_id as clothes_3_1_2_, cartitems1_.shopping_cart_id as shopping4_1_2_, clothesent2_.clothes_id as clothes_1_3_3_, clothesent2_.clothes_amount_in_stock as clothes_2_3_3_, clothesent2_.clothes_description as clothes_3_3_3_, clothesent2_.clothes_is_active as clothes_4_3_3_, clothesent2_.clothes_meas_amount as clothes_5_3_3_, clothesent2_.clothes_meas_unit as clothes_6_3_3_, clothesent2_.clothes_name as clothes_7_3_3_, clothesent2_.clothes_price as clothes_8_3_3_, clothesent2_.clothes_size as clothes_9_3_3_, clothesent2_.clothes_subcategory_id as clothes10_3_3_, categoryen3_.category_id as category1_2_4_, categoryen3_.category_name as category2_2_4_, categoryen3_.category_parent_id as category3_2_4_, categoryen4_.category_id as category1_2_5_, categoryen4_.category_name as category2_2_5_, categoryen4_.category_parent_id as category3_2_5_, userentity5_.user_id as user_id1_9_6_, userentity5_.user_email as user_ema2_9_6_, userentity5_.user_firstname as user_fir3_9_6_, userentity5_.user_lastname as user_las4_9_6_, userentity5_.user_password as user_pas5_9_6_, userentity5_.role_id as role_id6_9_6_, userroleen6_.role_id as role_id1_8_7_, userroleen6_.role_name as role_nam2_8_7_ from cs_shopping_cart shoppingca0_ left outer join cs_cart_item cartitems1_ on shoppingca0_.shopping_cart_id=cartitems1_.shopping_cart_id left outer join cs_clothes clothesent2_ on cartitems1_.clothes_id=clothesent2_.clothes_id left outer join cs_category categoryen3_ on clothesent2_.clothes_subcategory_id=categoryen3_.category_id left outer join cs_category categoryen4_ on categoryen3_.category_parent_id=categoryen4_.category_id inner join cs_users userentity5_ on shoppingca0_.user_id=userentity5_.user_id left outer join cs_user_roles userroleen6_ on userentity5_.role_id=userroleen6_.role_id where shoppingca0_.shopping_cart_id=?
2023-06-13 10:07:57.456  INFO 3764 --- [    Test worker] o.s.t.c.transaction.TransactionContext   : Rolled back transaction for test: [DefaultTestContext@4b993cf7 testClass = IShoppingCartDalTest, testInstance = fontys.s3.andreipieleanu.datalayer.IShoppingCartDalTest@7eea9af4, testMethod = createCartShouldWork_WhenCartIsNew@IShoppingCartDalTest, testException = [null], mergedContextConfiguration = [MergedContextConfiguration@3a82f843 testClass = IShoppingCartDalTest, locations = '{}', classes = '{class fontys.s3.andreipieleanu.ClothesShopApplication}', contextInitializerClasses = '[]', activeProfiles = '{}', propertySourceLocations = '{}', propertySourceProperties = '{org.springframework.boot.test.autoconfigure.orm.jpa.DataJpaTestContextBootstrapper=true}', contextCustomizers = set[org.springframework.boot.test.autoconfigure.OverrideAutoConfigurationContextCustomizerFactory$DisableAutoConfigurationContextCustomizer@7418723a, org.springframework.boot.test.autoconfigure.actuate.metrics.MetricsExportContextCustomizerFactory$DisableMetricExportContextCustomizer@261ea657, org.springframework.boot.test.autoconfigure.filter.TypeExcludeFiltersContextCustomizer@351584c0, org.springframework.boot.test.autoconfigure.properties.PropertyMappingContextCustomizer@76af28d5, org.springframework.boot.test.autoconfigure.web.servlet.WebDriverContextCustomizerFactory$Customizer@3968bc60, [ImportsContextCustomizer@4c17362a key = [org.springframework.boot.autoconfigure.cache.CacheAutoConfiguration, org.springframework.boot.autoconfigure.data.jpa.JpaRepositoriesAutoConfiguration, org.springframework.boot.autoconfigure.flyway.FlywayAutoConfiguration, org.springframework.boot.autoconfigure.jdbc.DataSourceAutoConfiguration, org.springframework.boot.autoconfigure.jdbc.DataSourceTransactionManagerAutoConfiguration, org.springframework.boot.autoconfigure.jdbc.JdbcTemplateAutoConfiguration, org.springframework.boot.autoconfigure.liquibase.LiquibaseAutoConfiguration, org.springframework.boot.autoconfigure.orm.jpa.HibernateJpaAutoConfiguration, org.springframework.boot.autoconfigure.sql.init.SqlInitializationAutoConfiguration, org.springframework.boot.autoconfigure.transaction.TransactionAutoConfiguration, org.springframework.boot.test.autoconfigure.jdbc.TestDatabaseAutoConfiguration, org.springframework.boot.test.autoconfigure.orm.jpa.TestEntityManagerAutoConfiguration]], org.springframework.boot.test.context.filter.ExcludeFilterContextCustomizer@5484117b, org.springframework.boot.test.json.DuplicateJsonObjectContextCustomizerFactory$DuplicateJsonObjectContextCustomizer@53b7ce6, org.springframework.boot.test.mock.mockito.MockitoContextCustomizer@0, org.springframework.boot.test.context.SpringBootTestArgs@1, org.springframework.boot.test.context.SpringBootTestWebEnvironment@0], contextLoader = 'org.springframework.boot.test.context.SpringBootContextLoader', parent = [null]], attributes = map['org.springframework.test.context.event.ApplicationEventsTestExecutionListener.recordApplicationEvents' -> false]]
2023-06-13 10:07:57.461  INFO 3764 --- [    Test worker] j.LocalContainerEntityManagerFactoryBean : Closing JPA EntityManagerFactory for persistence unit 'default'
2023-06-13 10:07:57.462  INFO 3764 --- [    Test worker] com.zaxxer.hikari.HikariDataSource       : HikariPool-16 - Shutdown initiated...
2023-06-13 10:07:57.464  INFO 3764 --- [    Test worker] com.zaxxer.hikari.HikariDataSource       : HikariPool-16 - Shutdown completed.
]]></system-out>
  <system-err><![CDATA[]]></system-err>
</testsuite>
