<?xml version="1.0" encoding="UTF-8"?>
<testsuite name="fontys.s3.andreipieleanu.servicelayer.serviceimpl.CategoryServiceTest" tests="1" skipped="0" failures="0" errors="0" timestamp="2023-06-13T08:08:22" hostname="DESKTOP-E4KTK2V" time="0.788">
  <properties/>
  <testcase name="getAllSubcategoriesShouldRetrieveThem_WhenSubcategoriesExist()" classname="fontys.s3.andreipieleanu.servicelayer.serviceimpl.CategoryServiceTest" time="0.788"/>
  <system-out><![CDATA[]]></system-out>
  <system-err><![CDATA[]]></system-err>
</testsuite>
