<?xml version="1.0" encoding="UTF-8"?>
<testsuite name="fontys.s3.andreipieleanu.controller.CategoryControllerTest" tests="1" skipped="0" failures="0" errors="0" timestamp="2023-06-13T08:06:31" hostname="DESKTOP-E4KTK2V" time="0.201">
  <properties/>
  <testcase name="getAllCategoriesShouldReturnStatus200_WhenCategoriesExist()" classname="fontys.s3.andreipieleanu.controller.CategoryControllerTest" time="0.201"/>
  <system-out><![CDATA[2023-06-13 10:06:16.606  INFO 3764 --- [    Test worker] .b.t.c.SpringBootTestContextBootstrapper : Neither @ContextConfiguration nor @ContextHierarchy found for test class [fontys.s3.andreipieleanu.controller.CategoryControllerTest], using SpringBootContextLoader
2023-06-13 10:06:16.837  INFO 3764 --- [    Test worker] o.s.t.c.support.AbstractContextLoader    : Could not detect default resource locations for test class [fontys.s3.andreipieleanu.controller.CategoryControllerTest]: no resource found for suffixes {-context.xml, Context.groovy}.
2023-06-13 10:06:16.864  INFO 3764 --- [    Test worker] t.c.s.AnnotationConfigContextLoaderUtils : Could not detect default configuration classes for test class [fontys.s3.andreipieleanu.controller.CategoryControllerTest]: CategoryControllerTest does not declare any static, non-private, non-final, nested classes annotated with @Configuration.
2023-06-13 10:06:16.933  INFO 3764 --- [    Test worker] .b.t.c.SpringBootTestContextBootstrapper : Found @SpringBootConfiguration fontys.s3.andreipieleanu.ClothesShopApplication for test class fontys.s3.andreipieleanu.controller.CategoryControllerTest
2023-06-13 10:06:16.998  INFO 3764 --- [    Test worker] .b.t.c.SpringBootTestContextBootstrapper : Loaded default TestExecutionListener class names from location [META-INF/spring.factories]: [org.springframework.security.test.context.support.WithSecurityContextTestExecutionListener, org.springframework.security.test.context.support.ReactorContextTestExecutionListener, org.springframework.boot.test.autoconfigure.restdocs.RestDocsTestExecutionListener, org.springframework.boot.test.autoconfigure.web.client.MockRestServiceServerResetTestExecutionListener, org.springframework.boot.test.autoconfigure.web.servlet.MockMvcPrintOnlyOnFailureTestExecutionListener, org.springframework.boot.test.autoconfigure.web.servlet.WebDriverTestExecutionListener, org.springframework.boot.test.autoconfigure.webservices.client.MockWebServiceServerTestExecutionListener, org.springframework.boot.test.mock.mockito.MockitoTestExecutionListener, org.springframework.boot.test.mock.mockito.ResetMocksTestExecutionListener, org.springframework.test.context.web.ServletTestExecutionListener, org.springframework.test.context.support.DirtiesContextBeforeModesTestExecutionListener, org.springframework.test.context.event.ApplicationEventsTestExecutionListener, org.springframework.test.context.support.DependencyInjectionTestExecutionListener, org.springframework.test.context.support.DirtiesContextTestExecutionListener, org.springframework.test.context.transaction.TransactionalTestExecutionListener, org.springframework.test.context.jdbc.SqlScriptsTestExecutionListener, org.springframework.test.context.event.EventPublishingTestExecutionListener]
2023-06-13 10:06:17.005  INFO 3764 --- [    Test worker] .b.t.c.SpringBootTestContextBootstrapper : Using TestExecutionListeners: [org.springframework.test.context.web.ServletTestExecutionListener@2d6771, org.springframework.test.context.support.DirtiesContextBeforeModesTestExecutionListener@720b6854, org.springframework.test.context.event.ApplicationEventsTestExecutionListener@139d26, org.springframework.boot.test.mock.mockito.MockitoTestExecutionListener@578e19f7, org.springframework.boot.test.autoconfigure.SpringBootDependencyInjectionTestExecutionListener@3cf3fa98, org.springframework.test.context.support.DirtiesContextTestExecutionListener@15136c9a, org.springframework.test.context.transaction.TransactionalTestExecutionListener@97539b3, org.springframework.test.context.jdbc.SqlScriptsTestExecutionListener@2e93c8cb, org.springframework.security.test.context.support.WithSecurityContextTestExecutionListener@d97d0bb, org.springframework.test.context.event.EventPublishingTestExecutionListener@36e1a2f, org.springframework.security.test.context.support.ReactorContextTestExecutionListener@23f61350, org.springframework.boot.test.autoconfigure.restdocs.RestDocsTestExecutionListener@13934275, org.springframework.boot.test.autoconfigure.web.client.MockRestServiceServerResetTestExecutionListener@20325ab4, org.springframework.boot.test.autoconfigure.web.servlet.MockMvcPrintOnlyOnFailureTestExecutionListener@537e93ff, org.springframework.boot.test.autoconfigure.web.servlet.WebDriverTestExecutionListener@40016653, org.springframework.boot.test.autoconfigure.webservices.client.MockWebServiceServerTestExecutionListener@490804cc, org.springframework.boot.test.mock.mockito.ResetMocksTestExecutionListener@7bdd00a3]

  .   ____          _            __ _ _
 /\\ / ___'_ __ _ _(_)_ __  __ _ \ \ \ \
( ( )\___ | '_ | '_| | '_ \/ _` | \ \ \ \
 \\/  ___)| |_)| | | | | || (_| |  ) ) ) )
  '  |____| .__|_| |_|_| |_\__, | / / / /
 =========|_|==============|___/=/_/_/_/
 :: Spring Boot ::                (v2.7.3)

2023-06-13 10:06:18.628  INFO 3764 --- [    Test worker] f.s.a.controller.CategoryControllerTest  : No active profile set, falling back to 1 default profile: "default"
2023-06-13 10:06:21.515  INFO 3764 --- [    Test worker] .s.d.r.c.RepositoryConfigurationDelegate : Bootstrapping Spring Data JPA repositories in DEFAULT mode.
2023-06-13 10:06:21.714  INFO 3764 --- [    Test worker] .s.d.r.c.RepositoryConfigurationDelegate : Finished Spring Data repository scanning in 197 ms. Found 10 JPA repository interfaces.
2023-06-13 10:06:21.970  INFO 3764 --- [    Test worker] o.s.cloud.context.scope.GenericScope     : BeanFactory id=ac058023-d17d-362f-9e71-a9dca622b67a
2023-06-13 10:06:22.330  INFO 3764 --- [    Test worker] trationDelegate$BeanPostProcessorChecker : Bean 'methodSecurityConfig' of type [fontys.s3.andreipieleanu.configuration.security.MethodSecurityConfig$$EnhancerBySpringCGLIB$$af9cc542] is not eligible for getting processed by all BeanPostProcessors (for example: not eligible for auto-proxying)
2023-06-13 10:06:22.645  INFO 3764 --- [    Test worker] com.zaxxer.hikari.HikariDataSource       : HikariPool-2 - Starting...
2023-06-13 10:06:22.648  INFO 3764 --- [    Test worker] com.zaxxer.hikari.HikariDataSource       : HikariPool-2 - Start completed.
2023-06-13 10:06:22.649  INFO 3764 --- [    Test worker] o.f.c.i.database.base.BaseDatabaseType   : Database: jdbc:h2:mem:inmemorydb (H2 2.1)
2023-06-13 10:06:22.683  INFO 3764 --- [    Test worker] o.f.core.internal.command.DbValidate     : Successfully validated 5 migrations (execution time 00:00.017s)
2023-06-13 10:06:22.693  INFO 3764 --- [    Test worker] o.f.core.internal.command.DbMigrate      : Current version of schema "PUBLIC": 5
2023-06-13 10:06:22.696  INFO 3764 --- [    Test worker] o.f.core.internal.command.DbMigrate      : Schema "PUBLIC" is up to date. No migration necessary.
2023-06-13 10:06:22.954  INFO 3764 --- [    Test worker] o.hibernate.jpa.internal.util.LogHelper  : HHH000204: Processing PersistenceUnitInfo [name: default]
2023-06-13 10:06:22.983  INFO 3764 --- [    Test worker] org.hibernate.dialect.Dialect            : HHH000400: Using dialect: org.hibernate.dialect.H2Dialect
2023-06-13 10:06:23.642  INFO 3764 --- [    Test worker] o.h.e.t.j.p.i.JtaPlatformInitiator       : HHH000490: Using JtaPlatform implementation: [org.hibernate.engine.transaction.jta.platform.internal.NoJtaPlatform]
2023-06-13 10:06:23.643  INFO 3764 --- [    Test worker] j.LocalContainerEntityManagerFactoryBean : Initialized JPA EntityManagerFactory for persistence unit 'default'
2023-06-13 10:06:25.933  WARN 3764 --- [    Test worker] .s.s.UserDetailsServiceAutoConfiguration : 

Using generated security password: 98958924-e0ca-4300-be36-c1dd2a64d258

This generated password is for development use only. Your security configuration must be updated before running your application in production.

2023-06-13 10:06:26.338  INFO 3764 --- [    Test worker] o.s.s.web.DefaultSecurityFilterChain     : Will secure any request with [org.springframework.security.web.session.DisableEncodeUrlFilter@7a162043, org.springframework.security.web.context.request.async.WebAsyncManagerIntegrationFilter@79d202f7, org.springframework.security.web.context.SecurityContextPersistenceFilter@17355b3b, org.springframework.security.web.header.HeaderWriterFilter@5a54c934, org.springframework.security.web.csrf.CsrfFilter@7b2be7eb, org.springframework.security.web.authentication.logout.LogoutFilter@1f138a9c, org.springframework.security.web.savedrequest.RequestCacheAwareFilter@7abe6a26, org.springframework.security.web.servletapi.SecurityContextHolderAwareRequestFilter@57297a27, org.springframework.security.web.authentication.AnonymousAuthenticationFilter@5fd58de2, org.springframework.security.web.session.SessionManagementFilter@755d626c, org.springframework.security.web.access.ExceptionTranslationFilter@6c957758]
2023-06-13 10:06:31.033  INFO 3764 --- [    Test worker] o.s.b.t.m.w.SpringBootMockServletContext : Initializing Spring TestDispatcherServlet ''
2023-06-13 10:06:31.038  INFO 3764 --- [    Test worker] o.s.t.web.servlet.TestDispatcherServlet  : Initializing Servlet ''
2023-06-13 10:06:31.043  INFO 3764 --- [    Test worker] o.s.t.web.servlet.TestDispatcherServlet  : Completed initialization in 3 ms
2023-06-13 10:06:31.454  INFO 3764 --- [    Test worker] o.s.m.s.b.SimpleBrokerMessageHandler     : Starting...
2023-06-13 10:06:31.455  INFO 3764 --- [    Test worker] o.s.m.s.b.SimpleBrokerMessageHandler     : BrokerAvailabilityEvent[available=true, SimpleBrokerMessageHandler [org.springframework.messaging.simp.broker.DefaultSubscriptionRegistry@73d6b21]]
2023-06-13 10:06:31.456  INFO 3764 --- [    Test worker] o.s.m.s.b.SimpleBrokerMessageHandler     : Started.
2023-06-13 10:06:31.470  INFO 3764 --- [    Test worker] f.s.a.controller.CategoryControllerTest  : Started CategoryControllerTest in 14.448 seconds (JVM running for 120.561)
2023-06-13 10:06:31.511 DEBUG 3764 --- [    Test worker] o.s.w.f.CommonsRequestLoggingFilter      : Before request [GET /categories]
2023-06-13 10:06:31.536 DEBUG 3764 --- [    Test worker] o.s.w.f.CommonsRequestLoggingFilter      : After request [GET /categories]

MockHttpServletRequest:
      HTTP Method = GET
      Request URI = /categories
       Parameters = {}
          Headers = []
             Body = null
    Session Attrs = {}

Handler:
             Type = fontys.s3.andreipieleanu.controller.CategoryController
           Method = fontys.s3.andreipieleanu.controller.CategoryController#getAllSubcategories()

Async:
    Async started = false
     Async result = null

Resolved Exception:
             Type = null

ModelAndView:
        View name = null
             View = null
            Model = null

FlashMap:
       Attributes = null

MockHttpServletResponse:
           Status = 200
    Error message = null
          Headers = [Vary:"Origin", "Access-Control-Request-Method", "Access-Control-Request-Headers", Content-Type:"application/json", X-Content-Type-Options:"nosniff", X-XSS-Protection:"1; mode=block", Cache-Control:"no-cache, no-store, max-age=0, must-revalidate", Pragma:"no-cache", Expires:"0", X-Frame-Options:"DENY"]
     Content type = application/json
             Body = {"categories":{"1":{"id":1,"name":"Categ1","parentCategory":null},"2":{"id":1,"name":"Categ2","parentCategory":null}}}
    Forwarded URL = null
   Redirected URL = null
          Cookies = []
]]></system-out>
  <system-err><![CDATA[]]></system-err>
</testsuite>
