<?xml version="1.0" encoding="UTF-8"?>
<testsuite name="fontys.s3.andreipieleanu.controller.LoginControllerTest" tests="1" skipped="0" failures="0" errors="0" timestamp="2023-06-13T08:06:59" hostname="DESKTOP-E4KTK2V" time="0.326">
  <properties/>
  <testcase name="loginWithExistentCredentialsShouldReturnToken_WhenUserExists()" classname="fontys.s3.andreipieleanu.controller.LoginControllerTest" time="0.326"/>
  <system-out><![CDATA[2023-06-13 10:06:46.197  INFO 3764 --- [    Test worker] .b.t.c.SpringBootTestContextBootstrapper : Neither @ContextConfiguration nor @ContextHierarchy found for test class [fontys.s3.andreipieleanu.controller.LoginControllerTest], using SpringBootContextLoader
2023-06-13 10:06:46.211  INFO 3764 --- [    Test worker] o.s.t.c.support.AbstractContextLoader    : Could not detect default resource locations for test class [fontys.s3.andreipieleanu.controller.LoginControllerTest]: no resource found for suffixes {-context.xml, Context.groovy}.
2023-06-13 10:06:46.231  INFO 3764 --- [    Test worker] t.c.s.AnnotationConfigContextLoaderUtils : Could not detect default configuration classes for test class [fontys.s3.andreipieleanu.controller.LoginControllerTest]: LoginControllerTest does not declare any static, non-private, non-final, nested classes annotated with @Configuration.
2023-06-13 10:06:46.273  INFO 3764 --- [    Test worker] .b.t.c.SpringBootTestContextBootstrapper : Found @SpringBootConfiguration fontys.s3.andreipieleanu.ClothesShopApplication for test class fontys.s3.andreipieleanu.controller.LoginControllerTest
2023-06-13 10:06:46.282  INFO 3764 --- [    Test worker] .b.t.c.SpringBootTestContextBootstrapper : Loaded default TestExecutionListener class names from location [META-INF/spring.factories]: [org.springframework.security.test.context.support.WithSecurityContextTestExecutionListener, org.springframework.security.test.context.support.ReactorContextTestExecutionListener, org.springframework.boot.test.autoconfigure.restdocs.RestDocsTestExecutionListener, org.springframework.boot.test.autoconfigure.web.client.MockRestServiceServerResetTestExecutionListener, org.springframework.boot.test.autoconfigure.web.servlet.MockMvcPrintOnlyOnFailureTestExecutionListener, org.springframework.boot.test.autoconfigure.web.servlet.WebDriverTestExecutionListener, org.springframework.boot.test.autoconfigure.webservices.client.MockWebServiceServerTestExecutionListener, org.springframework.boot.test.mock.mockito.MockitoTestExecutionListener, org.springframework.boot.test.mock.mockito.ResetMocksTestExecutionListener, org.springframework.test.context.web.ServletTestExecutionListener, org.springframework.test.context.support.DirtiesContextBeforeModesTestExecutionListener, org.springframework.test.context.event.ApplicationEventsTestExecutionListener, org.springframework.test.context.support.DependencyInjectionTestExecutionListener, org.springframework.test.context.support.DirtiesContextTestExecutionListener, org.springframework.test.context.transaction.TransactionalTestExecutionListener, org.springframework.test.context.jdbc.SqlScriptsTestExecutionListener, org.springframework.test.context.event.EventPublishingTestExecutionListener]
2023-06-13 10:06:46.286  INFO 3764 --- [    Test worker] .b.t.c.SpringBootTestContextBootstrapper : Using TestExecutionListeners: [org.springframework.test.context.web.ServletTestExecutionListener@3dc86219, org.springframework.test.context.support.DirtiesContextBeforeModesTestExecutionListener@667c5fe2, org.springframework.test.context.event.ApplicationEventsTestExecutionListener@7a4514f4, org.springframework.boot.test.mock.mockito.MockitoTestExecutionListener@347555f6, org.springframework.boot.test.autoconfigure.SpringBootDependencyInjectionTestExecutionListener@4ad331cb, org.springframework.test.context.support.DirtiesContextTestExecutionListener@4e54e43c, org.springframework.test.context.transaction.TransactionalTestExecutionListener@1ce4abb6, org.springframework.test.context.jdbc.SqlScriptsTestExecutionListener@2208739, org.springframework.security.test.context.support.WithSecurityContextTestExecutionListener@512ea3df, org.springframework.test.context.event.EventPublishingTestExecutionListener@3832c8c2, org.springframework.security.test.context.support.ReactorContextTestExecutionListener@1327d69, org.springframework.boot.test.autoconfigure.restdocs.RestDocsTestExecutionListener@7ad2b39, org.springframework.boot.test.autoconfigure.web.client.MockRestServiceServerResetTestExecutionListener@23395048, org.springframework.boot.test.autoconfigure.web.servlet.MockMvcPrintOnlyOnFailureTestExecutionListener@d63f835, org.springframework.boot.test.autoconfigure.web.servlet.WebDriverTestExecutionListener@1f2815c5, org.springframework.boot.test.autoconfigure.webservices.client.MockWebServiceServerTestExecutionListener@713211fa, org.springframework.boot.test.mock.mockito.ResetMocksTestExecutionListener@1860b484]

  .   ____          _            __ _ _
 /\\ / ___'_ __ _ _(_)_ __  __ _ \ \ \ \
( ( )\___ | '_ | '_| | '_ \/ _` | \ \ \ \
 \\/  ___)| |_)| | | | | || (_| |  ) ) ) )
  '  |____| .__|_| |_|_| |_\__, | / / / /
 =========|_|==============|___/=/_/_/_/
 :: Spring Boot ::                (v2.7.3)

2023-06-13 10:06:47.415  INFO 3764 --- [    Test worker] f.s.a.controller.LoginControllerTest     : No active profile set, falling back to 1 default profile: "default"
2023-06-13 10:06:48.977  INFO 3764 --- [    Test worker] .s.d.r.c.RepositoryConfigurationDelegate : Bootstrapping Spring Data JPA repositories in DEFAULT mode.
2023-06-13 10:06:49.271  INFO 3764 --- [    Test worker] .s.d.r.c.RepositoryConfigurationDelegate : Finished Spring Data repository scanning in 291 ms. Found 10 JPA repository interfaces.
2023-06-13 10:06:49.553  INFO 3764 --- [    Test worker] o.s.cloud.context.scope.GenericScope     : BeanFactory id=ac058023-d17d-362f-9e71-a9dca622b67a
2023-06-13 10:06:50.112  INFO 3764 --- [    Test worker] trationDelegate$BeanPostProcessorChecker : Bean 'methodSecurityConfig' of type [fontys.s3.andreipieleanu.configuration.security.MethodSecurityConfig$$EnhancerBySpringCGLIB$$af9cc542] is not eligible for getting processed by all BeanPostProcessors (for example: not eligible for auto-proxying)
2023-06-13 10:06:51.061  INFO 3764 --- [    Test worker] com.zaxxer.hikari.HikariDataSource       : HikariPool-4 - Starting...
2023-06-13 10:06:51.099  INFO 3764 --- [    Test worker] com.zaxxer.hikari.HikariDataSource       : HikariPool-4 - Start completed.
2023-06-13 10:06:51.119  INFO 3764 --- [    Test worker] o.f.c.i.database.base.BaseDatabaseType   : Database: jdbc:h2:mem:inmemorydb (H2 2.1)
2023-06-13 10:06:51.253  INFO 3764 --- [    Test worker] o.f.core.internal.command.DbValidate     : Successfully validated 5 migrations (execution time 00:00.072s)
2023-06-13 10:06:51.280  INFO 3764 --- [    Test worker] o.f.core.internal.command.DbMigrate      : Current version of schema "PUBLIC": 5
2023-06-13 10:06:51.283  INFO 3764 --- [    Test worker] o.f.core.internal.command.DbMigrate      : Schema "PUBLIC" is up to date. No migration necessary.
2023-06-13 10:06:52.006  INFO 3764 --- [    Test worker] o.hibernate.jpa.internal.util.LogHelper  : HHH000204: Processing PersistenceUnitInfo [name: default]
2023-06-13 10:06:52.100  INFO 3764 --- [    Test worker] org.hibernate.dialect.Dialect            : HHH000400: Using dialect: org.hibernate.dialect.H2Dialect
2023-06-13 10:06:52.902  INFO 3764 --- [    Test worker] o.h.e.t.j.p.i.JtaPlatformInitiator       : HHH000490: Using JtaPlatform implementation: [org.hibernate.engine.transaction.jta.platform.internal.NoJtaPlatform]
2023-06-13 10:06:52.903  INFO 3764 --- [    Test worker] j.LocalContainerEntityManagerFactoryBean : Initialized JPA EntityManagerFactory for persistence unit 'default'
2023-06-13 10:06:54.942  WARN 3764 --- [    Test worker] .s.s.UserDetailsServiceAutoConfiguration : 

Using generated security password: f6d0f7e5-25ec-4a1c-925c-24b40e4e0bdd

This generated password is for development use only. Your security configuration must be updated before running your application in production.

2023-06-13 10:06:55.199  INFO 3764 --- [    Test worker] o.s.s.web.DefaultSecurityFilterChain     : Will secure any request with [org.springframework.security.web.session.DisableEncodeUrlFilter@5c191b44, org.springframework.security.web.context.request.async.WebAsyncManagerIntegrationFilter@4637b86a, org.springframework.security.web.context.SecurityContextPersistenceFilter@5c7bbf0a, org.springframework.security.web.header.HeaderWriterFilter@406b5df6, org.springframework.security.web.csrf.CsrfFilter@952844d, org.springframework.security.web.authentication.logout.LogoutFilter@36158421, org.springframework.security.web.savedrequest.RequestCacheAwareFilter@69acbb06, org.springframework.security.web.servletapi.SecurityContextHolderAwareRequestFilter@15bd6b76, org.springframework.security.web.authentication.AnonymousAuthenticationFilter@c7a9929, org.springframework.security.web.session.SessionManagementFilter@7bf8940b, org.springframework.security.web.access.ExceptionTranslationFilter@3f950de7]
2023-06-13 10:06:59.459  INFO 3764 --- [    Test worker] o.s.b.t.m.w.SpringBootMockServletContext : Initializing Spring TestDispatcherServlet ''
2023-06-13 10:06:59.460  INFO 3764 --- [    Test worker] o.s.t.web.servlet.TestDispatcherServlet  : Initializing Servlet ''
2023-06-13 10:06:59.467  INFO 3764 --- [    Test worker] o.s.t.web.servlet.TestDispatcherServlet  : Completed initialization in 5 ms
2023-06-13 10:06:59.886  INFO 3764 --- [    Test worker] o.s.m.s.b.SimpleBrokerMessageHandler     : Starting...
2023-06-13 10:06:59.892  INFO 3764 --- [    Test worker] o.s.m.s.b.SimpleBrokerMessageHandler     : BrokerAvailabilityEvent[available=true, SimpleBrokerMessageHandler [org.springframework.messaging.simp.broker.DefaultSubscriptionRegistry@3b772ecb]]
2023-06-13 10:06:59.902  INFO 3764 --- [    Test worker] o.s.m.s.b.SimpleBrokerMessageHandler     : Started.
2023-06-13 10:06:59.921  INFO 3764 --- [    Test worker] f.s.a.controller.LoginControllerTest     : Started LoginControllerTest in 13.614 seconds (JVM running for 149.013)
2023-06-13 10:06:59.951 DEBUG 3764 --- [    Test worker] o.s.w.f.CommonsRequestLoggingFilter      : Before request [POST /login]
2023-06-13 10:07:00.195 DEBUG 3764 --- [    Test worker] o.s.w.f.CommonsRequestLoggingFilter      : After request [POST /login, payload={
            "email": "jdoe@gmail.com",
            "password": "jdoe123"
}
]

MockHttpServletRequest:
      HTTP Method = POST
      Request URI = /login
       Parameters = {}
          Headers = [Content-Type:"application/json;charset=UTF-8", Content-Length:"77"]
             Body = {
            "email": "jdoe@gmail.com",
            "password": "jdoe123"
}

    Session Attrs = {}

Handler:
             Type = fontys.s3.andreipieleanu.controller.LoginController
           Method = fontys.s3.andreipieleanu.controller.LoginController#login(LoginRequest)

Async:
    Async started = false
     Async result = null

Resolved Exception:
             Type = null

ModelAndView:
        View name = null
             View = null
            Model = null

FlashMap:
       Attributes = null

MockHttpServletResponse:
           Status = 201
    Error message = null
          Headers = [Vary:"Origin", "Access-Control-Request-Method", "Access-Control-Request-Headers", Content-Type:"application/json", X-Content-Type-Options:"nosniff", X-XSS-Protection:"1; mode=block", Cache-Control:"no-cache, no-store, max-age=0, must-revalidate", Pragma:"no-cache", Expires:"0", X-Frame-Options:"DENY"]
     Content type = application/json
             Body = {"accessToken":"Bearer 123"}
    Forwarded URL = null
   Redirected URL = null
          Cookies = []
]]></system-out>
  <system-err><![CDATA[]]></system-err>
</testsuite>
