<?xml version="1.0" encoding="UTF-8"?>
<testsuite name="fontys.s3.andreipieleanu.datalayer.IUserDalTest" tests="7" skipped="0" failures="0" errors="0" timestamp="2023-06-13T08:08:08" hostname="DESKTOP-E4KTK2V" time="13.704">
  <properties/>
  <testcase name="updateUserShouldUpdate_WhenUserIsAdded()" classname="fontys.s3.andreipieleanu.datalayer.IUserDalTest" time="0.053"/>
  <testcase name="save_shouldSaveUser()" classname="fontys.s3.andreipieleanu.datalayer.IUserDalTest" time="0.034"/>
  <testcase name="findUserShouldRetrieve2Users_WhenOnlyPreUsersAreAdded()" classname="fontys.s3.andreipieleanu.datalayer.IUserDalTest" time="0.023"/>
  <testcase name="findUserShouldReturnNull_WhenUserDoesNotExist()" classname="fontys.s3.andreipieleanu.datalayer.IUserDalTest" time="0.022"/>
  <testcase name="updateUserShouldReturn0_WhenUserDoesNotExist()" classname="fontys.s3.andreipieleanu.datalayer.IUserDalTest" time="0.041"/>
  <testcase name="findUserShouldRetrieveUser_WhenUserExists()" classname="fontys.s3.andreipieleanu.datalayer.IUserDalTest" time="0.11"/>
  <testcase name="findAllUserShouldReturn4_When2MoreUsersAreAdded()" classname="fontys.s3.andreipieleanu.datalayer.IUserDalTest" time="0.055"/>
  <system-out><![CDATA[2023-06-13 10:08:06.416  INFO 3764 --- [    Test worker] b.t.a.o.j.DataJpaTestContextBootstrapper : Neither @ContextConfiguration nor @ContextHierarchy found for test class [fontys.s3.andreipieleanu.datalayer.IUserDalTest], using SpringBootContextLoader
2023-06-13 10:08:06.418  INFO 3764 --- [    Test worker] o.s.t.c.support.AbstractContextLoader    : Could not detect default resource locations for test class [fontys.s3.andreipieleanu.datalayer.IUserDalTest]: no resource found for suffixes {-context.xml, Context.groovy}.
2023-06-13 10:08:06.419  INFO 3764 --- [    Test worker] t.c.s.AnnotationConfigContextLoaderUtils : Could not detect default configuration classes for test class [fontys.s3.andreipieleanu.datalayer.IUserDalTest]: IUserDalTest does not declare any static, non-private, non-final, nested classes annotated with @Configuration.
2023-06-13 10:08:06.437  INFO 3764 --- [    Test worker] .b.t.c.SpringBootTestContextBootstrapper : Found @SpringBootConfiguration fontys.s3.andreipieleanu.ClothesShopApplication for test class fontys.s3.andreipieleanu.datalayer.IUserDalTest
2023-06-13 10:08:06.439  INFO 3764 --- [    Test worker] b.t.a.o.j.DataJpaTestContextBootstrapper : Loaded default TestExecutionListener class names from location [META-INF/spring.factories]: [org.springframework.security.test.context.support.WithSecurityContextTestExecutionListener, org.springframework.security.test.context.support.ReactorContextTestExecutionListener, org.springframework.boot.test.autoconfigure.restdocs.RestDocsTestExecutionListener, org.springframework.boot.test.autoconfigure.web.client.MockRestServiceServerResetTestExecutionListener, org.springframework.boot.test.autoconfigure.web.servlet.MockMvcPrintOnlyOnFailureTestExecutionListener, org.springframework.boot.test.autoconfigure.web.servlet.WebDriverTestExecutionListener, org.springframework.boot.test.autoconfigure.webservices.client.MockWebServiceServerTestExecutionListener, org.springframework.boot.test.mock.mockito.MockitoTestExecutionListener, org.springframework.boot.test.mock.mockito.ResetMocksTestExecutionListener, org.springframework.test.context.web.ServletTestExecutionListener, org.springframework.test.context.support.DirtiesContextBeforeModesTestExecutionListener, org.springframework.test.context.event.ApplicationEventsTestExecutionListener, org.springframework.test.context.support.DependencyInjectionTestExecutionListener, org.springframework.test.context.support.DirtiesContextTestExecutionListener, org.springframework.test.context.transaction.TransactionalTestExecutionListener, org.springframework.test.context.jdbc.SqlScriptsTestExecutionListener, org.springframework.test.context.event.EventPublishingTestExecutionListener]
2023-06-13 10:08:06.442  INFO 3764 --- [    Test worker] b.t.a.o.j.DataJpaTestContextBootstrapper : Using TestExecutionListeners: [org.springframework.test.context.web.ServletTestExecutionListener@18680661, org.springframework.test.context.support.DirtiesContextBeforeModesTestExecutionListener@13bed55f, org.springframework.test.context.event.ApplicationEventsTestExecutionListener@7d8ace9a, org.springframework.boot.test.mock.mockito.MockitoTestExecutionListener@147b2a2f, org.springframework.boot.test.autoconfigure.SpringBootDependencyInjectionTestExecutionListener@4cf87dcf, org.springframework.test.context.support.DirtiesContextTestExecutionListener@29095d22, org.springframework.test.context.transaction.TransactionalTestExecutionListener@2dcb887, org.springframework.test.context.jdbc.SqlScriptsTestExecutionListener@4f3bc0a1, org.springframework.security.test.context.support.WithSecurityContextTestExecutionListener@4022ca8c, org.springframework.test.context.event.EventPublishingTestExecutionListener@23a17fe7, org.springframework.security.test.context.support.ReactorContextTestExecutionListener@445ef394, org.springframework.boot.test.autoconfigure.restdocs.RestDocsTestExecutionListener@55710d76, org.springframework.boot.test.autoconfigure.web.client.MockRestServiceServerResetTestExecutionListener@3d1dbfe, org.springframework.boot.test.autoconfigure.web.servlet.MockMvcPrintOnlyOnFailureTestExecutionListener@2b27d224, org.springframework.boot.test.autoconfigure.web.servlet.WebDriverTestExecutionListener@18564687, org.springframework.boot.test.autoconfigure.webservices.client.MockWebServiceServerTestExecutionListener@4591f246, org.springframework.boot.test.mock.mockito.ResetMocksTestExecutionListener@4892df21]

  .   ____          _            __ _ _
 /\\ / ___'_ __ _ _(_)_ __  __ _ \ \ \ \
( ( )\___ | '_ | '_| | '_ \/ _` | \ \ \ \
 \\/  ___)| |_)| | | | | || (_| |  ) ) ) )
  '  |____| .__|_| |_|_| |_\__, | / / / /
 =========|_|==============|___/=/_/_/_/
 :: Spring Boot ::                (v2.7.3)

2023-06-13 10:08:06.986  INFO 3764 --- [    Test worker] f.s.a.datalayer.IUserDalTest             : No active profile set, falling back to 1 default profile: "default"
2023-06-13 10:08:07.233  INFO 3764 --- [    Test worker] .s.d.r.c.RepositoryConfigurationDelegate : Bootstrapping Spring Data JPA repositories in DEFAULT mode.
2023-06-13 10:08:07.364  INFO 3764 --- [    Test worker] .s.d.r.c.RepositoryConfigurationDelegate : Finished Spring Data repository scanning in 130 ms. Found 10 JPA repository interfaces.
2023-06-13 10:08:07.535  INFO 3764 --- [    Test worker] com.zaxxer.hikari.HikariDataSource       : HikariPool-20 - Starting...
2023-06-13 10:08:07.536  INFO 3764 --- [    Test worker] com.zaxxer.hikari.HikariDataSource       : HikariPool-20 - Start completed.
2023-06-13 10:08:07.537  INFO 3764 --- [    Test worker] o.f.c.i.database.base.BaseDatabaseType   : Database: jdbc:h2:mem:inmemorydb (H2 2.1)
2023-06-13 10:08:07.550  INFO 3764 --- [    Test worker] o.f.core.internal.command.DbValidate     : Successfully validated 5 migrations (execution time 00:00.009s)
2023-06-13 10:08:07.554  INFO 3764 --- [    Test worker] o.f.core.internal.command.DbMigrate      : Current version of schema "PUBLIC": 5
2023-06-13 10:08:07.555  INFO 3764 --- [    Test worker] o.f.core.internal.command.DbMigrate      : Schema "PUBLIC" is up to date. No migration necessary.
2023-06-13 10:08:07.683  INFO 3764 --- [    Test worker] o.hibernate.jpa.internal.util.LogHelper  : HHH000204: Processing PersistenceUnitInfo [name: default]
2023-06-13 10:08:07.711  INFO 3764 --- [    Test worker] org.hibernate.dialect.Dialect            : HHH000400: Using dialect: org.hibernate.dialect.H2Dialect
2023-06-13 10:08:07.899  INFO 3764 --- [    Test worker] o.h.e.t.j.p.i.JtaPlatformInitiator       : HHH000490: Using JtaPlatform implementation: [org.hibernate.engine.transaction.jta.platform.internal.NoJtaPlatform]
2023-06-13 10:08:07.900  INFO 3764 --- [    Test worker] j.LocalContainerEntityManagerFactoryBean : Initialized JPA EntityManagerFactory for persistence unit 'default'
2023-06-13 10:08:08.350  INFO 3764 --- [    Test worker] f.s.a.datalayer.IUserDalTest             : Started IUserDalTest in 1.901 seconds (JVM running for 217.441)
2023-06-13 10:08:08.362  INFO 3764 --- [    Test worker] o.s.t.c.transaction.TransactionContext   : Began transaction (1) for test context [DefaultTestContext@32d12e4d testClass = IUserDalTest, testInstance = fontys.s3.andreipieleanu.datalayer.IUserDalTest@510e3062, testMethod = updateUserShouldUpdate_WhenUserIsAdded@IUserDalTest, testException = [null], mergedContextConfiguration = [MergedContextConfiguration@651c6c59 testClass = IUserDalTest, locations = '{}', classes = '{class fontys.s3.andreipieleanu.ClothesShopApplication}', contextInitializerClasses = '[]', activeProfiles = '{}', propertySourceLocations = '{}', propertySourceProperties = '{org.springframework.boot.test.autoconfigure.orm.jpa.DataJpaTestContextBootstrapper=true}', contextCustomizers = set[org.springframework.boot.test.autoconfigure.OverrideAutoConfigurationContextCustomizerFactory$DisableAutoConfigurationContextCustomizer@7418723a, org.springframework.boot.test.autoconfigure.actuate.metrics.MetricsExportContextCustomizerFactory$DisableMetricExportContextCustomizer@261ea657, org.springframework.boot.test.autoconfigure.filter.TypeExcludeFiltersContextCustomizer@351584c0, org.springframework.boot.test.autoconfigure.properties.PropertyMappingContextCustomizer@76af28d5, org.springframework.boot.test.autoconfigure.web.servlet.WebDriverContextCustomizerFactory$Customizer@3968bc60, [ImportsContextCustomizer@a60ad99 key = [org.springframework.boot.autoconfigure.cache.CacheAutoConfiguration, org.springframework.boot.autoconfigure.data.jpa.JpaRepositoriesAutoConfiguration, org.springframework.boot.autoconfigure.flyway.FlywayAutoConfiguration, org.springframework.boot.autoconfigure.jdbc.DataSourceAutoConfiguration, org.springframework.boot.autoconfigure.jdbc.DataSourceTransactionManagerAutoConfiguration, org.springframework.boot.autoconfigure.jdbc.JdbcTemplateAutoConfiguration, org.springframework.boot.autoconfigure.liquibase.LiquibaseAutoConfiguration, org.springframework.boot.autoconfigure.orm.jpa.HibernateJpaAutoConfiguration, org.springframework.boot.autoconfigure.sql.init.SqlInitializationAutoConfiguration, org.springframework.boot.autoconfigure.transaction.TransactionAutoConfiguration, org.springframework.boot.test.autoconfigure.jdbc.TestDatabaseAutoConfiguration, org.springframework.boot.test.autoconfigure.orm.jpa.TestEntityManagerAutoConfiguration]], org.springframework.boot.test.context.filter.ExcludeFilterContextCustomizer@5484117b, org.springframework.boot.test.json.DuplicateJsonObjectContextCustomizerFactory$DuplicateJsonObjectContextCustomizer@53b7ce6, org.springframework.boot.test.mock.mockito.MockitoContextCustomizer@0, org.springframework.boot.test.context.SpringBootTestArgs@1, org.springframework.boot.test.context.SpringBootTestWebEnvironment@0], contextLoader = 'org.springframework.boot.test.context.SpringBootContextLoader', parent = [null]], attributes = map['org.springframework.test.context.event.ApplicationEventsTestExecutionListener.recordApplicationEvents' -> false]]; transaction manager [org.springframework.orm.jpa.JpaTransactionManager@56f40c88]; rollback [true]
Hibernate: select userroleen0_.role_id as role_id1_8_, userroleen0_.role_name as role_nam2_8_ from cs_user_roles userroleen0_ where userroleen0_.role_name=?
Hibernate: insert into cs_users (user_id, user_email, user_firstname, user_lastname, user_password, role_id) values (default, ?, ?, ?, ?, ?)
Hibernate: update cs_users set user_email=?, user_firstname=?, user_lastname=?, user_password=? where user_id=?
Hibernate: select userentity0_.user_id as user_id1_9_0_, userentity0_.user_email as user_ema2_9_0_, userentity0_.user_firstname as user_fir3_9_0_, userentity0_.user_lastname as user_las4_9_0_, userentity0_.user_password as user_pas5_9_0_, userentity0_.role_id as role_id6_9_0_, userroleen1_.role_id as role_id1_8_1_, userroleen1_.role_name as role_nam2_8_1_ from cs_users userentity0_ left outer join cs_user_roles userroleen1_ on userentity0_.role_id=userroleen1_.role_id where userentity0_.user_id=?
2023-06-13 10:08:08.406  INFO 3764 --- [    Test worker] o.s.t.c.transaction.TransactionContext   : Rolled back transaction for test: [DefaultTestContext@32d12e4d testClass = IUserDalTest, testInstance = fontys.s3.andreipieleanu.datalayer.IUserDalTest@510e3062, testMethod = updateUserShouldUpdate_WhenUserIsAdded@IUserDalTest, testException = [null], mergedContextConfiguration = [MergedContextConfiguration@651c6c59 testClass = IUserDalTest, locations = '{}', classes = '{class fontys.s3.andreipieleanu.ClothesShopApplication}', contextInitializerClasses = '[]', activeProfiles = '{}', propertySourceLocations = '{}', propertySourceProperties = '{org.springframework.boot.test.autoconfigure.orm.jpa.DataJpaTestContextBootstrapper=true}', contextCustomizers = set[org.springframework.boot.test.autoconfigure.OverrideAutoConfigurationContextCustomizerFactory$DisableAutoConfigurationContextCustomizer@7418723a, org.springframework.boot.test.autoconfigure.actuate.metrics.MetricsExportContextCustomizerFactory$DisableMetricExportContextCustomizer@261ea657, org.springframework.boot.test.autoconfigure.filter.TypeExcludeFiltersContextCustomizer@351584c0, org.springframework.boot.test.autoconfigure.properties.PropertyMappingContextCustomizer@76af28d5, org.springframework.boot.test.autoconfigure.web.servlet.WebDriverContextCustomizerFactory$Customizer@3968bc60, [ImportsContextCustomizer@a60ad99 key = [org.springframework.boot.autoconfigure.cache.CacheAutoConfiguration, org.springframework.boot.autoconfigure.data.jpa.JpaRepositoriesAutoConfiguration, org.springframework.boot.autoconfigure.flyway.FlywayAutoConfiguration, org.springframework.boot.autoconfigure.jdbc.DataSourceAutoConfiguration, org.springframework.boot.autoconfigure.jdbc.DataSourceTransactionManagerAutoConfiguration, org.springframework.boot.autoconfigure.jdbc.JdbcTemplateAutoConfiguration, org.springframework.boot.autoconfigure.liquibase.LiquibaseAutoConfiguration, org.springframework.boot.autoconfigure.orm.jpa.HibernateJpaAutoConfiguration, org.springframework.boot.autoconfigure.sql.init.SqlInitializationAutoConfiguration, org.springframework.boot.autoconfigure.transaction.TransactionAutoConfiguration, org.springframework.boot.test.autoconfigure.jdbc.TestDatabaseAutoConfiguration, org.springframework.boot.test.autoconfigure.orm.jpa.TestEntityManagerAutoConfiguration]], org.springframework.boot.test.context.filter.ExcludeFilterContextCustomizer@5484117b, org.springframework.boot.test.json.DuplicateJsonObjectContextCustomizerFactory$DuplicateJsonObjectContextCustomizer@53b7ce6, org.springframework.boot.test.mock.mockito.MockitoContextCustomizer@0, org.springframework.boot.test.context.SpringBootTestArgs@1, org.springframework.boot.test.context.SpringBootTestWebEnvironment@0], contextLoader = 'org.springframework.boot.test.context.SpringBootContextLoader', parent = [null]], attributes = map['org.springframework.test.context.event.ApplicationEventsTestExecutionListener.recordApplicationEvents' -> false]]
2023-06-13 10:08:08.407  INFO 3764 --- [    Test worker] j.LocalContainerEntityManagerFactoryBean : Closing JPA EntityManagerFactory for persistence unit 'default'
2023-06-13 10:08:08.408  INFO 3764 --- [    Test worker] com.zaxxer.hikari.HikariDataSource       : HikariPool-20 - Shutdown initiated...
2023-06-13 10:08:08.410  INFO 3764 --- [    Test worker] com.zaxxer.hikari.HikariDataSource       : HikariPool-20 - Shutdown completed.

  .   ____          _            __ _ _
 /\\ / ___'_ __ _ _(_)_ __  __ _ \ \ \ \
( ( )\___ | '_ | '_| | '_ \/ _` | \ \ \ \
 \\/  ___)| |_)| | | | | || (_| |  ) ) ) )
  '  |____| .__|_| |_|_| |_\__, | / / / /
 =========|_|==============|___/=/_/_/_/
 :: Spring Boot ::                (v2.7.3)

2023-06-13 10:08:09.052  INFO 3764 --- [    Test worker] f.s.a.datalayer.IUserDalTest             : No active profile set, falling back to 1 default profile: "default"
2023-06-13 10:08:09.323  INFO 3764 --- [    Test worker] .s.d.r.c.RepositoryConfigurationDelegate : Bootstrapping Spring Data JPA repositories in DEFAULT mode.
2023-06-13 10:08:09.452  INFO 3764 --- [    Test worker] .s.d.r.c.RepositoryConfigurationDelegate : Finished Spring Data repository scanning in 128 ms. Found 10 JPA repository interfaces.
2023-06-13 10:08:09.604  INFO 3764 --- [    Test worker] com.zaxxer.hikari.HikariDataSource       : HikariPool-21 - Starting...
2023-06-13 10:08:09.606  INFO 3764 --- [    Test worker] com.zaxxer.hikari.HikariDataSource       : HikariPool-21 - Start completed.
2023-06-13 10:08:09.606  INFO 3764 --- [    Test worker] o.f.c.i.database.base.BaseDatabaseType   : Database: jdbc:h2:mem:inmemorydb (H2 2.1)
2023-06-13 10:08:09.623  INFO 3764 --- [    Test worker] o.f.core.internal.command.DbValidate     : Successfully validated 5 migrations (execution time 00:00.012s)
2023-06-13 10:08:09.626  INFO 3764 --- [    Test worker] o.f.core.internal.command.DbMigrate      : Current version of schema "PUBLIC": 5
2023-06-13 10:08:09.627  INFO 3764 --- [    Test worker] o.f.core.internal.command.DbMigrate      : Schema "PUBLIC" is up to date. No migration necessary.
2023-06-13 10:08:09.735  INFO 3764 --- [    Test worker] o.hibernate.jpa.internal.util.LogHelper  : HHH000204: Processing PersistenceUnitInfo [name: default]
2023-06-13 10:08:09.758  INFO 3764 --- [    Test worker] org.hibernate.dialect.Dialect            : HHH000400: Using dialect: org.hibernate.dialect.H2Dialect
2023-06-13 10:08:09.968  INFO 3764 --- [    Test worker] o.h.e.t.j.p.i.JtaPlatformInitiator       : HHH000490: Using JtaPlatform implementation: [org.hibernate.engine.transaction.jta.platform.internal.NoJtaPlatform]
2023-06-13 10:08:09.969  INFO 3764 --- [    Test worker] j.LocalContainerEntityManagerFactoryBean : Initialized JPA EntityManagerFactory for persistence unit 'default'
2023-06-13 10:08:10.431  INFO 3764 --- [    Test worker] f.s.a.datalayer.IUserDalTest             : Started IUserDalTest in 2.016 seconds (JVM running for 219.522)
2023-06-13 10:08:10.441  INFO 3764 --- [    Test worker] o.s.t.c.transaction.TransactionContext   : Began transaction (1) for test context [DefaultTestContext@32d12e4d testClass = IUserDalTest, testInstance = fontys.s3.andreipieleanu.datalayer.IUserDalTest@394e7121, testMethod = save_shouldSaveUser@IUserDalTest, testException = [null], mergedContextConfiguration = [MergedContextConfiguration@651c6c59 testClass = IUserDalTest, locations = '{}', classes = '{class fontys.s3.andreipieleanu.ClothesShopApplication}', contextInitializerClasses = '[]', activeProfiles = '{}', propertySourceLocations = '{}', propertySourceProperties = '{org.springframework.boot.test.autoconfigure.orm.jpa.DataJpaTestContextBootstrapper=true}', contextCustomizers = set[org.springframework.boot.test.autoconfigure.OverrideAutoConfigurationContextCustomizerFactory$DisableAutoConfigurationContextCustomizer@7418723a, org.springframework.boot.test.autoconfigure.actuate.metrics.MetricsExportContextCustomizerFactory$DisableMetricExportContextCustomizer@261ea657, org.springframework.boot.test.autoconfigure.filter.TypeExcludeFiltersContextCustomizer@351584c0, org.springframework.boot.test.autoconfigure.properties.PropertyMappingContextCustomizer@76af28d5, org.springframework.boot.test.autoconfigure.web.servlet.WebDriverContextCustomizerFactory$Customizer@3968bc60, [ImportsContextCustomizer@a60ad99 key = [org.springframework.boot.autoconfigure.cache.CacheAutoConfiguration, org.springframework.boot.autoconfigure.data.jpa.JpaRepositoriesAutoConfiguration, org.springframework.boot.autoconfigure.flyway.FlywayAutoConfiguration, org.springframework.boot.autoconfigure.jdbc.DataSourceAutoConfiguration, org.springframework.boot.autoconfigure.jdbc.DataSourceTransactionManagerAutoConfiguration, org.springframework.boot.autoconfigure.jdbc.JdbcTemplateAutoConfiguration, org.springframework.boot.autoconfigure.liquibase.LiquibaseAutoConfiguration, org.springframework.boot.autoconfigure.orm.jpa.HibernateJpaAutoConfiguration, org.springframework.boot.autoconfigure.sql.init.SqlInitializationAutoConfiguration, org.springframework.boot.autoconfigure.transaction.TransactionAutoConfiguration, org.springframework.boot.test.autoconfigure.jdbc.TestDatabaseAutoConfiguration, org.springframework.boot.test.autoconfigure.orm.jpa.TestEntityManagerAutoConfiguration]], org.springframework.boot.test.context.filter.ExcludeFilterContextCustomizer@5484117b, org.springframework.boot.test.json.DuplicateJsonObjectContextCustomizerFactory$DuplicateJsonObjectContextCustomizer@53b7ce6, org.springframework.boot.test.mock.mockito.MockitoContextCustomizer@0, org.springframework.boot.test.context.SpringBootTestArgs@1, org.springframework.boot.test.context.SpringBootTestWebEnvironment@0], contextLoader = 'org.springframework.boot.test.context.SpringBootContextLoader', parent = [null]], attributes = map['org.springframework.test.context.event.ApplicationEventsTestExecutionListener.recordApplicationEvents' -> false]]; transaction manager [org.springframework.orm.jpa.JpaTransactionManager@4e4a2bb4]; rollback [true]
Hibernate: select userroleen0_.role_id as role_id1_8_, userroleen0_.role_name as role_nam2_8_ from cs_user_roles userroleen0_ where userroleen0_.role_name=?
Hibernate: insert into cs_users (user_id, user_email, user_firstname, user_lastname, user_password, role_id) values (default, ?, ?, ?, ?, ?)
2023-06-13 10:08:10.464  INFO 3764 --- [    Test worker] o.s.t.c.transaction.TransactionContext   : Rolled back transaction for test: [DefaultTestContext@32d12e4d testClass = IUserDalTest, testInstance = fontys.s3.andreipieleanu.datalayer.IUserDalTest@394e7121, testMethod = save_shouldSaveUser@IUserDalTest, testException = [null], mergedContextConfiguration = [MergedContextConfiguration@651c6c59 testClass = IUserDalTest, locations = '{}', classes = '{class fontys.s3.andreipieleanu.ClothesShopApplication}', contextInitializerClasses = '[]', activeProfiles = '{}', propertySourceLocations = '{}', propertySourceProperties = '{org.springframework.boot.test.autoconfigure.orm.jpa.DataJpaTestContextBootstrapper=true}', contextCustomizers = set[org.springframework.boot.test.autoconfigure.OverrideAutoConfigurationContextCustomizerFactory$DisableAutoConfigurationContextCustomizer@7418723a, org.springframework.boot.test.autoconfigure.actuate.metrics.MetricsExportContextCustomizerFactory$DisableMetricExportContextCustomizer@261ea657, org.springframework.boot.test.autoconfigure.filter.TypeExcludeFiltersContextCustomizer@351584c0, org.springframework.boot.test.autoconfigure.properties.PropertyMappingContextCustomizer@76af28d5, org.springframework.boot.test.autoconfigure.web.servlet.WebDriverContextCustomizerFactory$Customizer@3968bc60, [ImportsContextCustomizer@a60ad99 key = [org.springframework.boot.autoconfigure.cache.CacheAutoConfiguration, org.springframework.boot.autoconfigure.data.jpa.JpaRepositoriesAutoConfiguration, org.springframework.boot.autoconfigure.flyway.FlywayAutoConfiguration, org.springframework.boot.autoconfigure.jdbc.DataSourceAutoConfiguration, org.springframework.boot.autoconfigure.jdbc.DataSourceTransactionManagerAutoConfiguration, org.springframework.boot.autoconfigure.jdbc.JdbcTemplateAutoConfiguration, org.springframework.boot.autoconfigure.liquibase.LiquibaseAutoConfiguration, org.springframework.boot.autoconfigure.orm.jpa.HibernateJpaAutoConfiguration, org.springframework.boot.autoconfigure.sql.init.SqlInitializationAutoConfiguration, org.springframework.boot.autoconfigure.transaction.TransactionAutoConfiguration, org.springframework.boot.test.autoconfigure.jdbc.TestDatabaseAutoConfiguration, org.springframework.boot.test.autoconfigure.orm.jpa.TestEntityManagerAutoConfiguration]], org.springframework.boot.test.context.filter.ExcludeFilterContextCustomizer@5484117b, org.springframework.boot.test.json.DuplicateJsonObjectContextCustomizerFactory$DuplicateJsonObjectContextCustomizer@53b7ce6, org.springframework.boot.test.mock.mockito.MockitoContextCustomizer@0, org.springframework.boot.test.context.SpringBootTestArgs@1, org.springframework.boot.test.context.SpringBootTestWebEnvironment@0], contextLoader = 'org.springframework.boot.test.context.SpringBootContextLoader', parent = [null]], attributes = map['org.springframework.test.context.event.ApplicationEventsTestExecutionListener.recordApplicationEvents' -> false]]
2023-06-13 10:08:10.466  INFO 3764 --- [    Test worker] j.LocalContainerEntityManagerFactoryBean : Closing JPA EntityManagerFactory for persistence unit 'default'
2023-06-13 10:08:10.467  INFO 3764 --- [    Test worker] com.zaxxer.hikari.HikariDataSource       : HikariPool-21 - Shutdown initiated...
2023-06-13 10:08:10.471  INFO 3764 --- [    Test worker] com.zaxxer.hikari.HikariDataSource       : HikariPool-21 - Shutdown completed.

  .   ____          _            __ _ _
 /\\ / ___'_ __ _ _(_)_ __  __ _ \ \ \ \
( ( )\___ | '_ | '_| | '_ \/ _` | \ \ \ \
 \\/  ___)| |_)| | | | | || (_| |  ) ) ) )
  '  |____| .__|_| |_|_| |_\__, | / / / /
 =========|_|==============|___/=/_/_/_/
 :: Spring Boot ::                (v2.7.3)

2023-06-13 10:08:11.088  INFO 3764 --- [    Test worker] f.s.a.datalayer.IUserDalTest             : No active profile set, falling back to 1 default profile: "default"
2023-06-13 10:08:11.364  INFO 3764 --- [    Test worker] .s.d.r.c.RepositoryConfigurationDelegate : Bootstrapping Spring Data JPA repositories in DEFAULT mode.
2023-06-13 10:08:11.548  INFO 3764 --- [    Test worker] .s.d.r.c.RepositoryConfigurationDelegate : Finished Spring Data repository scanning in 183 ms. Found 10 JPA repository interfaces.
2023-06-13 10:08:11.746  INFO 3764 --- [    Test worker] com.zaxxer.hikari.HikariDataSource       : HikariPool-22 - Starting...
2023-06-13 10:08:11.748  INFO 3764 --- [    Test worker] com.zaxxer.hikari.HikariDataSource       : HikariPool-22 - Start completed.
2023-06-13 10:08:11.748  INFO 3764 --- [    Test worker] o.f.c.i.database.base.BaseDatabaseType   : Database: jdbc:h2:mem:inmemorydb (H2 2.1)
2023-06-13 10:08:11.764  INFO 3764 --- [    Test worker] o.f.core.internal.command.DbValidate     : Successfully validated 5 migrations (execution time 00:00.011s)
2023-06-13 10:08:11.769  INFO 3764 --- [    Test worker] o.f.core.internal.command.DbMigrate      : Current version of schema "PUBLIC": 5
2023-06-13 10:08:11.770  INFO 3764 --- [    Test worker] o.f.core.internal.command.DbMigrate      : Schema "PUBLIC" is up to date. No migration necessary.
2023-06-13 10:08:11.894  INFO 3764 --- [    Test worker] o.hibernate.jpa.internal.util.LogHelper  : HHH000204: Processing PersistenceUnitInfo [name: default]
2023-06-13 10:08:11.921  INFO 3764 --- [    Test worker] org.hibernate.dialect.Dialect            : HHH000400: Using dialect: org.hibernate.dialect.H2Dialect
2023-06-13 10:08:12.118  INFO 3764 --- [    Test worker] o.h.e.t.j.p.i.JtaPlatformInitiator       : HHH000490: Using JtaPlatform implementation: [org.hibernate.engine.transaction.jta.platform.internal.NoJtaPlatform]
2023-06-13 10:08:12.119  INFO 3764 --- [    Test worker] j.LocalContainerEntityManagerFactoryBean : Initialized JPA EntityManagerFactory for persistence unit 'default'
2023-06-13 10:08:12.651  INFO 3764 --- [    Test worker] f.s.a.datalayer.IUserDalTest             : Started IUserDalTest in 2.175 seconds (JVM running for 221.743)
2023-06-13 10:08:12.660  INFO 3764 --- [    Test worker] o.s.t.c.transaction.TransactionContext   : Began transaction (1) for test context [DefaultTestContext@32d12e4d testClass = IUserDalTest, testInstance = fontys.s3.andreipieleanu.datalayer.IUserDalTest@76db0984, testMethod = findUserShouldRetrieve2Users_WhenOnlyPreUsersAreAdded@IUserDalTest, testException = [null], mergedContextConfiguration = [MergedContextConfiguration@651c6c59 testClass = IUserDalTest, locations = '{}', classes = '{class fontys.s3.andreipieleanu.ClothesShopApplication}', contextInitializerClasses = '[]', activeProfiles = '{}', propertySourceLocations = '{}', propertySourceProperties = '{org.springframework.boot.test.autoconfigure.orm.jpa.DataJpaTestContextBootstrapper=true}', contextCustomizers = set[org.springframework.boot.test.autoconfigure.OverrideAutoConfigurationContextCustomizerFactory$DisableAutoConfigurationContextCustomizer@7418723a, org.springframework.boot.test.autoconfigure.actuate.metrics.MetricsExportContextCustomizerFactory$DisableMetricExportContextCustomizer@261ea657, org.springframework.boot.test.autoconfigure.filter.TypeExcludeFiltersContextCustomizer@351584c0, org.springframework.boot.test.autoconfigure.properties.PropertyMappingContextCustomizer@76af28d5, org.springframework.boot.test.autoconfigure.web.servlet.WebDriverContextCustomizerFactory$Customizer@3968bc60, [ImportsContextCustomizer@a60ad99 key = [org.springframework.boot.autoconfigure.cache.CacheAutoConfiguration, org.springframework.boot.autoconfigure.data.jpa.JpaRepositoriesAutoConfiguration, org.springframework.boot.autoconfigure.flyway.FlywayAutoConfiguration, org.springframework.boot.autoconfigure.jdbc.DataSourceAutoConfiguration, org.springframework.boot.autoconfigure.jdbc.DataSourceTransactionManagerAutoConfiguration, org.springframework.boot.autoconfigure.jdbc.JdbcTemplateAutoConfiguration, org.springframework.boot.autoconfigure.liquibase.LiquibaseAutoConfiguration, org.springframework.boot.autoconfigure.orm.jpa.HibernateJpaAutoConfiguration, org.springframework.boot.autoconfigure.sql.init.SqlInitializationAutoConfiguration, org.springframework.boot.autoconfigure.transaction.TransactionAutoConfiguration, org.springframework.boot.test.autoconfigure.jdbc.TestDatabaseAutoConfiguration, org.springframework.boot.test.autoconfigure.orm.jpa.TestEntityManagerAutoConfiguration]], org.springframework.boot.test.context.filter.ExcludeFilterContextCustomizer@5484117b, org.springframework.boot.test.json.DuplicateJsonObjectContextCustomizerFactory$DuplicateJsonObjectContextCustomizer@53b7ce6, org.springframework.boot.test.mock.mockito.MockitoContextCustomizer@0, org.springframework.boot.test.context.SpringBootTestArgs@1, org.springframework.boot.test.context.SpringBootTestWebEnvironment@0], contextLoader = 'org.springframework.boot.test.context.SpringBootContextLoader', parent = [null]], attributes = map['org.springframework.test.context.event.ApplicationEventsTestExecutionListener.recordApplicationEvents' -> false]]; transaction manager [org.springframework.orm.jpa.JpaTransactionManager@56c9cb9f]; rollback [true]
Hibernate: select userentity0_.user_id as user_id1_9_, userentity0_.user_email as user_ema2_9_, userentity0_.user_firstname as user_fir3_9_, userentity0_.user_lastname as user_las4_9_, userentity0_.user_password as user_pas5_9_, userentity0_.role_id as role_id6_9_ from cs_users userentity0_
Hibernate: select userroleen0_.role_id as role_id1_8_0_, userroleen0_.role_name as role_nam2_8_0_ from cs_user_roles userroleen0_ where userroleen0_.role_id=?
2023-06-13 10:08:12.676  INFO 3764 --- [    Test worker] o.s.t.c.transaction.TransactionContext   : Rolled back transaction for test: [DefaultTestContext@32d12e4d testClass = IUserDalTest, testInstance = fontys.s3.andreipieleanu.datalayer.IUserDalTest@76db0984, testMethod = findUserShouldRetrieve2Users_WhenOnlyPreUsersAreAdded@IUserDalTest, testException = [null], mergedContextConfiguration = [MergedContextConfiguration@651c6c59 testClass = IUserDalTest, locations = '{}', classes = '{class fontys.s3.andreipieleanu.ClothesShopApplication}', contextInitializerClasses = '[]', activeProfiles = '{}', propertySourceLocations = '{}', propertySourceProperties = '{org.springframework.boot.test.autoconfigure.orm.jpa.DataJpaTestContextBootstrapper=true}', contextCustomizers = set[org.springframework.boot.test.autoconfigure.OverrideAutoConfigurationContextCustomizerFactory$DisableAutoConfigurationContextCustomizer@7418723a, org.springframework.boot.test.autoconfigure.actuate.metrics.MetricsExportContextCustomizerFactory$DisableMetricExportContextCustomizer@261ea657, org.springframework.boot.test.autoconfigure.filter.TypeExcludeFiltersContextCustomizer@351584c0, org.springframework.boot.test.autoconfigure.properties.PropertyMappingContextCustomizer@76af28d5, org.springframework.boot.test.autoconfigure.web.servlet.WebDriverContextCustomizerFactory$Customizer@3968bc60, [ImportsContextCustomizer@a60ad99 key = [org.springframework.boot.autoconfigure.cache.CacheAutoConfiguration, org.springframework.boot.autoconfigure.data.jpa.JpaRepositoriesAutoConfiguration, org.springframework.boot.autoconfigure.flyway.FlywayAutoConfiguration, org.springframework.boot.autoconfigure.jdbc.DataSourceAutoConfiguration, org.springframework.boot.autoconfigure.jdbc.DataSourceTransactionManagerAutoConfiguration, org.springframework.boot.autoconfigure.jdbc.JdbcTemplateAutoConfiguration, org.springframework.boot.autoconfigure.liquibase.LiquibaseAutoConfiguration, org.springframework.boot.autoconfigure.orm.jpa.HibernateJpaAutoConfiguration, org.springframework.boot.autoconfigure.sql.init.SqlInitializationAutoConfiguration, org.springframework.boot.autoconfigure.transaction.TransactionAutoConfiguration, org.springframework.boot.test.autoconfigure.jdbc.TestDatabaseAutoConfiguration, org.springframework.boot.test.autoconfigure.orm.jpa.TestEntityManagerAutoConfiguration]], org.springframework.boot.test.context.filter.ExcludeFilterContextCustomizer@5484117b, org.springframework.boot.test.json.DuplicateJsonObjectContextCustomizerFactory$DuplicateJsonObjectContextCustomizer@53b7ce6, org.springframework.boot.test.mock.mockito.MockitoContextCustomizer@0, org.springframework.boot.test.context.SpringBootTestArgs@1, org.springframework.boot.test.context.SpringBootTestWebEnvironment@0], contextLoader = 'org.springframework.boot.test.context.SpringBootContextLoader', parent = [null]], attributes = map['org.springframework.test.context.event.ApplicationEventsTestExecutionListener.recordApplicationEvents' -> false]]
2023-06-13 10:08:12.678  INFO 3764 --- [    Test worker] j.LocalContainerEntityManagerFactoryBean : Closing JPA EntityManagerFactory for persistence unit 'default'
2023-06-13 10:08:12.679  INFO 3764 --- [    Test worker] com.zaxxer.hikari.HikariDataSource       : HikariPool-22 - Shutdown initiated...
2023-06-13 10:08:12.681  INFO 3764 --- [    Test worker] com.zaxxer.hikari.HikariDataSource       : HikariPool-22 - Shutdown completed.

  .   ____          _            __ _ _
 /\\ / ___'_ __ _ _(_)_ __  __ _ \ \ \ \
( ( )\___ | '_ | '_| | '_ \/ _` | \ \ \ \
 \\/  ___)| |_)| | | | | || (_| |  ) ) ) )
  '  |____| .__|_| |_|_| |_\__, | / / / /
 =========|_|==============|___/=/_/_/_/
 :: Spring Boot ::                (v2.7.3)

2023-06-13 10:08:13.388  INFO 3764 --- [    Test worker] f.s.a.datalayer.IUserDalTest             : No active profile set, falling back to 1 default profile: "default"
2023-06-13 10:08:13.853  INFO 3764 --- [    Test worker] .s.d.r.c.RepositoryConfigurationDelegate : Bootstrapping Spring Data JPA repositories in DEFAULT mode.
2023-06-13 10:08:14.022  INFO 3764 --- [    Test worker] .s.d.r.c.RepositoryConfigurationDelegate : Finished Spring Data repository scanning in 167 ms. Found 10 JPA repository interfaces.
2023-06-13 10:08:14.146  INFO 3764 --- [    Test worker] com.zaxxer.hikari.HikariDataSource       : HikariPool-23 - Starting...
2023-06-13 10:08:14.147  INFO 3764 --- [    Test worker] com.zaxxer.hikari.HikariDataSource       : HikariPool-23 - Start completed.
2023-06-13 10:08:14.148  INFO 3764 --- [    Test worker] o.f.c.i.database.base.BaseDatabaseType   : Database: jdbc:h2:mem:inmemorydb (H2 2.1)
2023-06-13 10:08:14.161  INFO 3764 --- [    Test worker] o.f.core.internal.command.DbValidate     : Successfully validated 5 migrations (execution time 00:00.009s)
2023-06-13 10:08:14.165  INFO 3764 --- [    Test worker] o.f.core.internal.command.DbMigrate      : Current version of schema "PUBLIC": 5
2023-06-13 10:08:14.166  INFO 3764 --- [    Test worker] o.f.core.internal.command.DbMigrate      : Schema "PUBLIC" is up to date. No migration necessary.
2023-06-13 10:08:14.265  INFO 3764 --- [    Test worker] o.hibernate.jpa.internal.util.LogHelper  : HHH000204: Processing PersistenceUnitInfo [name: default]
2023-06-13 10:08:14.294  INFO 3764 --- [    Test worker] org.hibernate.dialect.Dialect            : HHH000400: Using dialect: org.hibernate.dialect.H2Dialect
2023-06-13 10:08:14.541  INFO 3764 --- [    Test worker] o.h.e.t.j.p.i.JtaPlatformInitiator       : HHH000490: Using JtaPlatform implementation: [org.hibernate.engine.transaction.jta.platform.internal.NoJtaPlatform]
2023-06-13 10:08:14.542  INFO 3764 --- [    Test worker] j.LocalContainerEntityManagerFactoryBean : Initialized JPA EntityManagerFactory for persistence unit 'default'
2023-06-13 10:08:15.398  INFO 3764 --- [    Test worker] f.s.a.datalayer.IUserDalTest             : Started IUserDalTest in 2.712 seconds (JVM running for 224.489)
2023-06-13 10:08:15.409  INFO 3764 --- [    Test worker] o.s.t.c.transaction.TransactionContext   : Began transaction (1) for test context [DefaultTestContext@32d12e4d testClass = IUserDalTest, testInstance = fontys.s3.andreipieleanu.datalayer.IUserDalTest@5059d1b5, testMethod = findUserShouldReturnNull_WhenUserDoesNotExist@IUserDalTest, testException = [null], mergedContextConfiguration = [MergedContextConfiguration@651c6c59 testClass = IUserDalTest, locations = '{}', classes = '{class fontys.s3.andreipieleanu.ClothesShopApplication}', contextInitializerClasses = '[]', activeProfiles = '{}', propertySourceLocations = '{}', propertySourceProperties = '{org.springframework.boot.test.autoconfigure.orm.jpa.DataJpaTestContextBootstrapper=true}', contextCustomizers = set[org.springframework.boot.test.autoconfigure.OverrideAutoConfigurationContextCustomizerFactory$DisableAutoConfigurationContextCustomizer@7418723a, org.springframework.boot.test.autoconfigure.actuate.metrics.MetricsExportContextCustomizerFactory$DisableMetricExportContextCustomizer@261ea657, org.springframework.boot.test.autoconfigure.filter.TypeExcludeFiltersContextCustomizer@351584c0, org.springframework.boot.test.autoconfigure.properties.PropertyMappingContextCustomizer@76af28d5, org.springframework.boot.test.autoconfigure.web.servlet.WebDriverContextCustomizerFactory$Customizer@3968bc60, [ImportsContextCustomizer@a60ad99 key = [org.springframework.boot.autoconfigure.cache.CacheAutoConfiguration, org.springframework.boot.autoconfigure.data.jpa.JpaRepositoriesAutoConfiguration, org.springframework.boot.autoconfigure.flyway.FlywayAutoConfiguration, org.springframework.boot.autoconfigure.jdbc.DataSourceAutoConfiguration, org.springframework.boot.autoconfigure.jdbc.DataSourceTransactionManagerAutoConfiguration, org.springframework.boot.autoconfigure.jdbc.JdbcTemplateAutoConfiguration, org.springframework.boot.autoconfigure.liquibase.LiquibaseAutoConfiguration, org.springframework.boot.autoconfigure.orm.jpa.HibernateJpaAutoConfiguration, org.springframework.boot.autoconfigure.sql.init.SqlInitializationAutoConfiguration, org.springframework.boot.autoconfigure.transaction.TransactionAutoConfiguration, org.springframework.boot.test.autoconfigure.jdbc.TestDatabaseAutoConfiguration, org.springframework.boot.test.autoconfigure.orm.jpa.TestEntityManagerAutoConfiguration]], org.springframework.boot.test.context.filter.ExcludeFilterContextCustomizer@5484117b, org.springframework.boot.test.json.DuplicateJsonObjectContextCustomizerFactory$DuplicateJsonObjectContextCustomizer@53b7ce6, org.springframework.boot.test.mock.mockito.MockitoContextCustomizer@0, org.springframework.boot.test.context.SpringBootTestArgs@1, org.springframework.boot.test.context.SpringBootTestWebEnvironment@0], contextLoader = 'org.springframework.boot.test.context.SpringBootContextLoader', parent = [null]], attributes = map['org.springframework.test.context.event.ApplicationEventsTestExecutionListener.recordApplicationEvents' -> false]]; transaction manager [org.springframework.orm.jpa.JpaTransactionManager@1bddd143]; rollback [true]
Hibernate: select userentity0_.user_id as user_id1_9_0_, userentity0_.user_email as user_ema2_9_0_, userentity0_.user_firstname as user_fir3_9_0_, userentity0_.user_lastname as user_las4_9_0_, userentity0_.user_password as user_pas5_9_0_, userentity0_.role_id as role_id6_9_0_, userroleen1_.role_id as role_id1_8_1_, userroleen1_.role_name as role_nam2_8_1_ from cs_users userentity0_ left outer join cs_user_roles userroleen1_ on userentity0_.role_id=userroleen1_.role_id where userentity0_.user_id=?
2023-06-13 10:08:15.423  INFO 3764 --- [    Test worker] o.s.t.c.transaction.TransactionContext   : Rolled back transaction for test: [DefaultTestContext@32d12e4d testClass = IUserDalTest, testInstance = fontys.s3.andreipieleanu.datalayer.IUserDalTest@5059d1b5, testMethod = findUserShouldReturnNull_WhenUserDoesNotExist@IUserDalTest, testException = [null], mergedContextConfiguration = [MergedContextConfiguration@651c6c59 testClass = IUserDalTest, locations = '{}', classes = '{class fontys.s3.andreipieleanu.ClothesShopApplication}', contextInitializerClasses = '[]', activeProfiles = '{}', propertySourceLocations = '{}', propertySourceProperties = '{org.springframework.boot.test.autoconfigure.orm.jpa.DataJpaTestContextBootstrapper=true}', contextCustomizers = set[org.springframework.boot.test.autoconfigure.OverrideAutoConfigurationContextCustomizerFactory$DisableAutoConfigurationContextCustomizer@7418723a, org.springframework.boot.test.autoconfigure.actuate.metrics.MetricsExportContextCustomizerFactory$DisableMetricExportContextCustomizer@261ea657, org.springframework.boot.test.autoconfigure.filter.TypeExcludeFiltersContextCustomizer@351584c0, org.springframework.boot.test.autoconfigure.properties.PropertyMappingContextCustomizer@76af28d5, org.springframework.boot.test.autoconfigure.web.servlet.WebDriverContextCustomizerFactory$Customizer@3968bc60, [ImportsContextCustomizer@a60ad99 key = [org.springframework.boot.autoconfigure.cache.CacheAutoConfiguration, org.springframework.boot.autoconfigure.data.jpa.JpaRepositoriesAutoConfiguration, org.springframework.boot.autoconfigure.flyway.FlywayAutoConfiguration, org.springframework.boot.autoconfigure.jdbc.DataSourceAutoConfiguration, org.springframework.boot.autoconfigure.jdbc.DataSourceTransactionManagerAutoConfiguration, org.springframework.boot.autoconfigure.jdbc.JdbcTemplateAutoConfiguration, org.springframework.boot.autoconfigure.liquibase.LiquibaseAutoConfiguration, org.springframework.boot.autoconfigure.orm.jpa.HibernateJpaAutoConfiguration, org.springframework.boot.autoconfigure.sql.init.SqlInitializationAutoConfiguration, org.springframework.boot.autoconfigure.transaction.TransactionAutoConfiguration, org.springframework.boot.test.autoconfigure.jdbc.TestDatabaseAutoConfiguration, org.springframework.boot.test.autoconfigure.orm.jpa.TestEntityManagerAutoConfiguration]], org.springframework.boot.test.context.filter.ExcludeFilterContextCustomizer@5484117b, org.springframework.boot.test.json.DuplicateJsonObjectContextCustomizerFactory$DuplicateJsonObjectContextCustomizer@53b7ce6, org.springframework.boot.test.mock.mockito.MockitoContextCustomizer@0, org.springframework.boot.test.context.SpringBootTestArgs@1, org.springframework.boot.test.context.SpringBootTestWebEnvironment@0], contextLoader = 'org.springframework.boot.test.context.SpringBootContextLoader', parent = [null]], attributes = map['org.springframework.test.context.event.ApplicationEventsTestExecutionListener.recordApplicationEvents' -> false]]
2023-06-13 10:08:15.426  INFO 3764 --- [    Test worker] j.LocalContainerEntityManagerFactoryBean : Closing JPA EntityManagerFactory for persistence unit 'default'
2023-06-13 10:08:15.427  INFO 3764 --- [    Test worker] com.zaxxer.hikari.HikariDataSource       : HikariPool-23 - Shutdown initiated...
2023-06-13 10:08:15.428  INFO 3764 --- [    Test worker] com.zaxxer.hikari.HikariDataSource       : HikariPool-23 - Shutdown completed.

  .   ____          _            __ _ _
 /\\ / ___'_ __ _ _(_)_ __  __ _ \ \ \ \
( ( )\___ | '_ | '_| | '_ \/ _` | \ \ \ \
 \\/  ___)| |_)| | | | | || (_| |  ) ) ) )
  '  |____| .__|_| |_|_| |_\__, | / / / /
 =========|_|==============|___/=/_/_/_/
 :: Spring Boot ::                (v2.7.3)

2023-06-13 10:08:16.073  INFO 3764 --- [    Test worker] f.s.a.datalayer.IUserDalTest             : No active profile set, falling back to 1 default profile: "default"
2023-06-13 10:08:16.340  INFO 3764 --- [    Test worker] .s.d.r.c.RepositoryConfigurationDelegate : Bootstrapping Spring Data JPA repositories in DEFAULT mode.
2023-06-13 10:08:16.492  INFO 3764 --- [    Test worker] .s.d.r.c.RepositoryConfigurationDelegate : Finished Spring Data repository scanning in 151 ms. Found 10 JPA repository interfaces.
2023-06-13 10:08:16.636  INFO 3764 --- [    Test worker] com.zaxxer.hikari.HikariDataSource       : HikariPool-24 - Starting...
2023-06-13 10:08:16.638  INFO 3764 --- [    Test worker] com.zaxxer.hikari.HikariDataSource       : HikariPool-24 - Start completed.
2023-06-13 10:08:16.638  INFO 3764 --- [    Test worker] o.f.c.i.database.base.BaseDatabaseType   : Database: jdbc:h2:mem:inmemorydb (H2 2.1)
2023-06-13 10:08:16.654  INFO 3764 --- [    Test worker] o.f.core.internal.command.DbValidate     : Successfully validated 5 migrations (execution time 00:00.010s)
2023-06-13 10:08:16.658  INFO 3764 --- [    Test worker] o.f.core.internal.command.DbMigrate      : Current version of schema "PUBLIC": 5
2023-06-13 10:08:16.659  INFO 3764 --- [    Test worker] o.f.core.internal.command.DbMigrate      : Schema "PUBLIC" is up to date. No migration necessary.
2023-06-13 10:08:16.790  INFO 3764 --- [    Test worker] o.hibernate.jpa.internal.util.LogHelper  : HHH000204: Processing PersistenceUnitInfo [name: default]
2023-06-13 10:08:16.827  INFO 3764 --- [    Test worker] org.hibernate.dialect.Dialect            : HHH000400: Using dialect: org.hibernate.dialect.H2Dialect
2023-06-13 10:08:17.056  INFO 3764 --- [    Test worker] o.h.e.t.j.p.i.JtaPlatformInitiator       : HHH000490: Using JtaPlatform implementation: [org.hibernate.engine.transaction.jta.platform.internal.NoJtaPlatform]
2023-06-13 10:08:17.058  INFO 3764 --- [    Test worker] j.LocalContainerEntityManagerFactoryBean : Initialized JPA EntityManagerFactory for persistence unit 'default'
2023-06-13 10:08:17.562  INFO 3764 --- [    Test worker] f.s.a.datalayer.IUserDalTest             : Started IUserDalTest in 2.129 seconds (JVM running for 226.654)
2023-06-13 10:08:17.570  INFO 3764 --- [    Test worker] o.s.t.c.transaction.TransactionContext   : Began transaction (1) for test context [DefaultTestContext@32d12e4d testClass = IUserDalTest, testInstance = fontys.s3.andreipieleanu.datalayer.IUserDalTest@32ee5e05, testMethod = updateUserShouldReturn0_WhenUserDoesNotExist@IUserDalTest, testException = [null], mergedContextConfiguration = [MergedContextConfiguration@651c6c59 testClass = IUserDalTest, locations = '{}', classes = '{class fontys.s3.andreipieleanu.ClothesShopApplication}', contextInitializerClasses = '[]', activeProfiles = '{}', propertySourceLocations = '{}', propertySourceProperties = '{org.springframework.boot.test.autoconfigure.orm.jpa.DataJpaTestContextBootstrapper=true}', contextCustomizers = set[org.springframework.boot.test.autoconfigure.OverrideAutoConfigurationContextCustomizerFactory$DisableAutoConfigurationContextCustomizer@7418723a, org.springframework.boot.test.autoconfigure.actuate.metrics.MetricsExportContextCustomizerFactory$DisableMetricExportContextCustomizer@261ea657, org.springframework.boot.test.autoconfigure.filter.TypeExcludeFiltersContextCustomizer@351584c0, org.springframework.boot.test.autoconfigure.properties.PropertyMappingContextCustomizer@76af28d5, org.springframework.boot.test.autoconfigure.web.servlet.WebDriverContextCustomizerFactory$Customizer@3968bc60, [ImportsContextCustomizer@a60ad99 key = [org.springframework.boot.autoconfigure.cache.CacheAutoConfiguration, org.springframework.boot.autoconfigure.data.jpa.JpaRepositoriesAutoConfiguration, org.springframework.boot.autoconfigure.flyway.FlywayAutoConfiguration, org.springframework.boot.autoconfigure.jdbc.DataSourceAutoConfiguration, org.springframework.boot.autoconfigure.jdbc.DataSourceTransactionManagerAutoConfiguration, org.springframework.boot.autoconfigure.jdbc.JdbcTemplateAutoConfiguration, org.springframework.boot.autoconfigure.liquibase.LiquibaseAutoConfiguration, org.springframework.boot.autoconfigure.orm.jpa.HibernateJpaAutoConfiguration, org.springframework.boot.autoconfigure.sql.init.SqlInitializationAutoConfiguration, org.springframework.boot.autoconfigure.transaction.TransactionAutoConfiguration, org.springframework.boot.test.autoconfigure.jdbc.TestDatabaseAutoConfiguration, org.springframework.boot.test.autoconfigure.orm.jpa.TestEntityManagerAutoConfiguration]], org.springframework.boot.test.context.filter.ExcludeFilterContextCustomizer@5484117b, org.springframework.boot.test.json.DuplicateJsonObjectContextCustomizerFactory$DuplicateJsonObjectContextCustomizer@53b7ce6, org.springframework.boot.test.mock.mockito.MockitoContextCustomizer@0, org.springframework.boot.test.context.SpringBootTestArgs@1, org.springframework.boot.test.context.SpringBootTestWebEnvironment@0], contextLoader = 'org.springframework.boot.test.context.SpringBootContextLoader', parent = [null]], attributes = map['org.springframework.test.context.event.ApplicationEventsTestExecutionListener.recordApplicationEvents' -> false]]; transaction manager [org.springframework.orm.jpa.JpaTransactionManager@49028003]; rollback [true]
Hibernate: select userroleen0_.role_id as role_id1_8_, userroleen0_.role_name as role_nam2_8_ from cs_user_roles userroleen0_ where userroleen0_.role_name=?
Hibernate: update cs_users set user_email=?, user_firstname=?, user_lastname=?, user_password=? where user_id=?
2023-06-13 10:08:17.600  INFO 3764 --- [    Test worker] o.s.t.c.transaction.TransactionContext   : Rolled back transaction for test: [DefaultTestContext@32d12e4d testClass = IUserDalTest, testInstance = fontys.s3.andreipieleanu.datalayer.IUserDalTest@32ee5e05, testMethod = updateUserShouldReturn0_WhenUserDoesNotExist@IUserDalTest, testException = [null], mergedContextConfiguration = [MergedContextConfiguration@651c6c59 testClass = IUserDalTest, locations = '{}', classes = '{class fontys.s3.andreipieleanu.ClothesShopApplication}', contextInitializerClasses = '[]', activeProfiles = '{}', propertySourceLocations = '{}', propertySourceProperties = '{org.springframework.boot.test.autoconfigure.orm.jpa.DataJpaTestContextBootstrapper=true}', contextCustomizers = set[org.springframework.boot.test.autoconfigure.OverrideAutoConfigurationContextCustomizerFactory$DisableAutoConfigurationContextCustomizer@7418723a, org.springframework.boot.test.autoconfigure.actuate.metrics.MetricsExportContextCustomizerFactory$DisableMetricExportContextCustomizer@261ea657, org.springframework.boot.test.autoconfigure.filter.TypeExcludeFiltersContextCustomizer@351584c0, org.springframework.boot.test.autoconfigure.properties.PropertyMappingContextCustomizer@76af28d5, org.springframework.boot.test.autoconfigure.web.servlet.WebDriverContextCustomizerFactory$Customizer@3968bc60, [ImportsContextCustomizer@a60ad99 key = [org.springframework.boot.autoconfigure.cache.CacheAutoConfiguration, org.springframework.boot.autoconfigure.data.jpa.JpaRepositoriesAutoConfiguration, org.springframework.boot.autoconfigure.flyway.FlywayAutoConfiguration, org.springframework.boot.autoconfigure.jdbc.DataSourceAutoConfiguration, org.springframework.boot.autoconfigure.jdbc.DataSourceTransactionManagerAutoConfiguration, org.springframework.boot.autoconfigure.jdbc.JdbcTemplateAutoConfiguration, org.springframework.boot.autoconfigure.liquibase.LiquibaseAutoConfiguration, org.springframework.boot.autoconfigure.orm.jpa.HibernateJpaAutoConfiguration, org.springframework.boot.autoconfigure.sql.init.SqlInitializationAutoConfiguration, org.springframework.boot.autoconfigure.transaction.TransactionAutoConfiguration, org.springframework.boot.test.autoconfigure.jdbc.TestDatabaseAutoConfiguration, org.springframework.boot.test.autoconfigure.orm.jpa.TestEntityManagerAutoConfiguration]], org.springframework.boot.test.context.filter.ExcludeFilterContextCustomizer@5484117b, org.springframework.boot.test.json.DuplicateJsonObjectContextCustomizerFactory$DuplicateJsonObjectContextCustomizer@53b7ce6, org.springframework.boot.test.mock.mockito.MockitoContextCustomizer@0, org.springframework.boot.test.context.SpringBootTestArgs@1, org.springframework.boot.test.context.SpringBootTestWebEnvironment@0], contextLoader = 'org.springframework.boot.test.context.SpringBootContextLoader', parent = [null]], attributes = map['org.springframework.test.context.event.ApplicationEventsTestExecutionListener.recordApplicationEvents' -> false]]
2023-06-13 10:08:17.604  INFO 3764 --- [    Test worker] j.LocalContainerEntityManagerFactoryBean : Closing JPA EntityManagerFactory for persistence unit 'default'
2023-06-13 10:08:17.605  INFO 3764 --- [    Test worker] com.zaxxer.hikari.HikariDataSource       : HikariPool-24 - Shutdown initiated...
2023-06-13 10:08:17.607  INFO 3764 --- [    Test worker] com.zaxxer.hikari.HikariDataSource       : HikariPool-24 - Shutdown completed.

  .   ____          _            __ _ _
 /\\ / ___'_ __ _ _(_)_ __  __ _ \ \ \ \
( ( )\___ | '_ | '_| | '_ \/ _` | \ \ \ \
 \\/  ___)| |_)| | | | | || (_| |  ) ) ) )
  '  |____| .__|_| |_|_| |_\__, | / / / /
 =========|_|==============|___/=/_/_/_/
 :: Spring Boot ::                (v2.7.3)

2023-06-13 10:08:18.211  INFO 3764 --- [    Test worker] f.s.a.datalayer.IUserDalTest             : No active profile set, falling back to 1 default profile: "default"
2023-06-13 10:08:18.462  INFO 3764 --- [    Test worker] .s.d.r.c.RepositoryConfigurationDelegate : Bootstrapping Spring Data JPA repositories in DEFAULT mode.
2023-06-13 10:08:18.609  INFO 3764 --- [    Test worker] .s.d.r.c.RepositoryConfigurationDelegate : Finished Spring Data repository scanning in 146 ms. Found 10 JPA repository interfaces.
2023-06-13 10:08:18.771  INFO 3764 --- [    Test worker] com.zaxxer.hikari.HikariDataSource       : HikariPool-25 - Starting...
2023-06-13 10:08:18.773  INFO 3764 --- [    Test worker] com.zaxxer.hikari.HikariDataSource       : HikariPool-25 - Start completed.
2023-06-13 10:08:18.773  INFO 3764 --- [    Test worker] o.f.c.i.database.base.BaseDatabaseType   : Database: jdbc:h2:mem:inmemorydb (H2 2.1)
2023-06-13 10:08:18.791  INFO 3764 --- [    Test worker] o.f.core.internal.command.DbValidate     : Successfully validated 5 migrations (execution time 00:00.011s)
2023-06-13 10:08:18.796  INFO 3764 --- [    Test worker] o.f.core.internal.command.DbMigrate      : Current version of schema "PUBLIC": 5
2023-06-13 10:08:18.797  INFO 3764 --- [    Test worker] o.f.core.internal.command.DbMigrate      : Schema "PUBLIC" is up to date. No migration necessary.
2023-06-13 10:08:18.924  INFO 3764 --- [    Test worker] o.hibernate.jpa.internal.util.LogHelper  : HHH000204: Processing PersistenceUnitInfo [name: default]
2023-06-13 10:08:18.947  INFO 3764 --- [    Test worker] org.hibernate.dialect.Dialect            : HHH000400: Using dialect: org.hibernate.dialect.H2Dialect
2023-06-13 10:08:19.177  INFO 3764 --- [    Test worker] o.h.e.t.j.p.i.JtaPlatformInitiator       : HHH000490: Using JtaPlatform implementation: [org.hibernate.engine.transaction.jta.platform.internal.NoJtaPlatform]
2023-06-13 10:08:19.183  INFO 3764 --- [    Test worker] j.LocalContainerEntityManagerFactoryBean : Initialized JPA EntityManagerFactory for persistence unit 'default'
2023-06-13 10:08:19.722  INFO 3764 --- [    Test worker] f.s.a.datalayer.IUserDalTest             : Started IUserDalTest in 2.108 seconds (JVM running for 228.814)
2023-06-13 10:08:19.739  INFO 3764 --- [    Test worker] o.s.t.c.transaction.TransactionContext   : Began transaction (1) for test context [DefaultTestContext@32d12e4d testClass = IUserDalTest, testInstance = fontys.s3.andreipieleanu.datalayer.IUserDalTest@5d00c87a, testMethod = findUserShouldRetrieveUser_WhenUserExists@IUserDalTest, testException = [null], mergedContextConfiguration = [MergedContextConfiguration@651c6c59 testClass = IUserDalTest, locations = '{}', classes = '{class fontys.s3.andreipieleanu.ClothesShopApplication}', contextInitializerClasses = '[]', activeProfiles = '{}', propertySourceLocations = '{}', propertySourceProperties = '{org.springframework.boot.test.autoconfigure.orm.jpa.DataJpaTestContextBootstrapper=true}', contextCustomizers = set[org.springframework.boot.test.autoconfigure.OverrideAutoConfigurationContextCustomizerFactory$DisableAutoConfigurationContextCustomizer@7418723a, org.springframework.boot.test.autoconfigure.actuate.metrics.MetricsExportContextCustomizerFactory$DisableMetricExportContextCustomizer@261ea657, org.springframework.boot.test.autoconfigure.filter.TypeExcludeFiltersContextCustomizer@351584c0, org.springframework.boot.test.autoconfigure.properties.PropertyMappingContextCustomizer@76af28d5, org.springframework.boot.test.autoconfigure.web.servlet.WebDriverContextCustomizerFactory$Customizer@3968bc60, [ImportsContextCustomizer@a60ad99 key = [org.springframework.boot.autoconfigure.cache.CacheAutoConfiguration, org.springframework.boot.autoconfigure.data.jpa.JpaRepositoriesAutoConfiguration, org.springframework.boot.autoconfigure.flyway.FlywayAutoConfiguration, org.springframework.boot.autoconfigure.jdbc.DataSourceAutoConfiguration, org.springframework.boot.autoconfigure.jdbc.DataSourceTransactionManagerAutoConfiguration, org.springframework.boot.autoconfigure.jdbc.JdbcTemplateAutoConfiguration, org.springframework.boot.autoconfigure.liquibase.LiquibaseAutoConfiguration, org.springframework.boot.autoconfigure.orm.jpa.HibernateJpaAutoConfiguration, org.springframework.boot.autoconfigure.sql.init.SqlInitializationAutoConfiguration, org.springframework.boot.autoconfigure.transaction.TransactionAutoConfiguration, org.springframework.boot.test.autoconfigure.jdbc.TestDatabaseAutoConfiguration, org.springframework.boot.test.autoconfigure.orm.jpa.TestEntityManagerAutoConfiguration]], org.springframework.boot.test.context.filter.ExcludeFilterContextCustomizer@5484117b, org.springframework.boot.test.json.DuplicateJsonObjectContextCustomizerFactory$DuplicateJsonObjectContextCustomizer@53b7ce6, org.springframework.boot.test.mock.mockito.MockitoContextCustomizer@0, org.springframework.boot.test.context.SpringBootTestArgs@1, org.springframework.boot.test.context.SpringBootTestWebEnvironment@0], contextLoader = 'org.springframework.boot.test.context.SpringBootContextLoader', parent = [null]], attributes = map['org.springframework.test.context.event.ApplicationEventsTestExecutionListener.recordApplicationEvents' -> false]]; transaction manager [org.springframework.orm.jpa.JpaTransactionManager@7b352546]; rollback [true]
Hibernate: select userroleen0_.role_id as role_id1_8_, userroleen0_.role_name as role_nam2_8_ from cs_user_roles userroleen0_ where userroleen0_.role_name=?
Hibernate: insert into cs_users (user_id, user_email, user_firstname, user_lastname, user_password, role_id) values (default, ?, ?, ?, ?, ?)
Hibernate: select userentity0_.user_id as user_id1_9_0_, userentity0_.user_email as user_ema2_9_0_, userentity0_.user_firstname as user_fir3_9_0_, userentity0_.user_lastname as user_las4_9_0_, userentity0_.user_password as user_pas5_9_0_, userentity0_.role_id as role_id6_9_0_, userroleen1_.role_id as role_id1_8_1_, userroleen1_.role_name as role_nam2_8_1_ from cs_users userentity0_ left outer join cs_user_roles userroleen1_ on userentity0_.role_id=userroleen1_.role_id where userentity0_.user_id=?
2023-06-13 10:08:19.817  INFO 3764 --- [    Test worker] o.s.t.c.transaction.TransactionContext   : Rolled back transaction for test: [DefaultTestContext@32d12e4d testClass = IUserDalTest, testInstance = fontys.s3.andreipieleanu.datalayer.IUserDalTest@5d00c87a, testMethod = findUserShouldRetrieveUser_WhenUserExists@IUserDalTest, testException = [null], mergedContextConfiguration = [MergedContextConfiguration@651c6c59 testClass = IUserDalTest, locations = '{}', classes = '{class fontys.s3.andreipieleanu.ClothesShopApplication}', contextInitializerClasses = '[]', activeProfiles = '{}', propertySourceLocations = '{}', propertySourceProperties = '{org.springframework.boot.test.autoconfigure.orm.jpa.DataJpaTestContextBootstrapper=true}', contextCustomizers = set[org.springframework.boot.test.autoconfigure.OverrideAutoConfigurationContextCustomizerFactory$DisableAutoConfigurationContextCustomizer@7418723a, org.springframework.boot.test.autoconfigure.actuate.metrics.MetricsExportContextCustomizerFactory$DisableMetricExportContextCustomizer@261ea657, org.springframework.boot.test.autoconfigure.filter.TypeExcludeFiltersContextCustomizer@351584c0, org.springframework.boot.test.autoconfigure.properties.PropertyMappingContextCustomizer@76af28d5, org.springframework.boot.test.autoconfigure.web.servlet.WebDriverContextCustomizerFactory$Customizer@3968bc60, [ImportsContextCustomizer@a60ad99 key = [org.springframework.boot.autoconfigure.cache.CacheAutoConfiguration, org.springframework.boot.autoconfigure.data.jpa.JpaRepositoriesAutoConfiguration, org.springframework.boot.autoconfigure.flyway.FlywayAutoConfiguration, org.springframework.boot.autoconfigure.jdbc.DataSourceAutoConfiguration, org.springframework.boot.autoconfigure.jdbc.DataSourceTransactionManagerAutoConfiguration, org.springframework.boot.autoconfigure.jdbc.JdbcTemplateAutoConfiguration, org.springframework.boot.autoconfigure.liquibase.LiquibaseAutoConfiguration, org.springframework.boot.autoconfigure.orm.jpa.HibernateJpaAutoConfiguration, org.springframework.boot.autoconfigure.sql.init.SqlInitializationAutoConfiguration, org.springframework.boot.autoconfigure.transaction.TransactionAutoConfiguration, org.springframework.boot.test.autoconfigure.jdbc.TestDatabaseAutoConfiguration, org.springframework.boot.test.autoconfigure.orm.jpa.TestEntityManagerAutoConfiguration]], org.springframework.boot.test.context.filter.ExcludeFilterContextCustomizer@5484117b, org.springframework.boot.test.json.DuplicateJsonObjectContextCustomizerFactory$DuplicateJsonObjectContextCustomizer@53b7ce6, org.springframework.boot.test.mock.mockito.MockitoContextCustomizer@0, org.springframework.boot.test.context.SpringBootTestArgs@1, org.springframework.boot.test.context.SpringBootTestWebEnvironment@0], contextLoader = 'org.springframework.boot.test.context.SpringBootContextLoader', parent = [null]], attributes = map['org.springframework.test.context.event.ApplicationEventsTestExecutionListener.recordApplicationEvents' -> false]]
2023-06-13 10:08:19.836  INFO 3764 --- [    Test worker] j.LocalContainerEntityManagerFactoryBean : Closing JPA EntityManagerFactory for persistence unit 'default'
2023-06-13 10:08:19.838  INFO 3764 --- [    Test worker] com.zaxxer.hikari.HikariDataSource       : HikariPool-25 - Shutdown initiated...
2023-06-13 10:08:19.843  INFO 3764 --- [    Test worker] com.zaxxer.hikari.HikariDataSource       : HikariPool-25 - Shutdown completed.

  .   ____          _            __ _ _
 /\\ / ___'_ __ _ _(_)_ __  __ _ \ \ \ \
( ( )\___ | '_ | '_| | '_ \/ _` | \ \ \ \
 \\/  ___)| |_)| | | | | || (_| |  ) ) ) )
  '  |____| .__|_| |_|_| |_\__, | / / / /
 =========|_|==============|___/=/_/_/_/
 :: Spring Boot ::                (v2.7.3)

2023-06-13 10:08:20.537  INFO 3764 --- [    Test worker] f.s.a.datalayer.IUserDalTest             : No active profile set, falling back to 1 default profile: "default"
2023-06-13 10:08:20.763  INFO 3764 --- [    Test worker] .s.d.r.c.RepositoryConfigurationDelegate : Bootstrapping Spring Data JPA repositories in DEFAULT mode.
2023-06-13 10:08:20.880  INFO 3764 --- [    Test worker] .s.d.r.c.RepositoryConfigurationDelegate : Finished Spring Data repository scanning in 116 ms. Found 10 JPA repository interfaces.
2023-06-13 10:08:21.029  INFO 3764 --- [    Test worker] com.zaxxer.hikari.HikariDataSource       : HikariPool-26 - Starting...
2023-06-13 10:08:21.033  INFO 3764 --- [    Test worker] com.zaxxer.hikari.HikariDataSource       : HikariPool-26 - Start completed.
2023-06-13 10:08:21.034  INFO 3764 --- [    Test worker] o.f.c.i.database.base.BaseDatabaseType   : Database: jdbc:h2:mem:inmemorydb (H2 2.1)
2023-06-13 10:08:21.059  INFO 3764 --- [    Test worker] o.f.core.internal.command.DbValidate     : Successfully validated 5 migrations (execution time 00:00.020s)
2023-06-13 10:08:21.063  INFO 3764 --- [    Test worker] o.f.core.internal.command.DbMigrate      : Current version of schema "PUBLIC": 5
2023-06-13 10:08:21.064  INFO 3764 --- [    Test worker] o.f.core.internal.command.DbMigrate      : Schema "PUBLIC" is up to date. No migration necessary.
2023-06-13 10:08:21.170  INFO 3764 --- [    Test worker] o.hibernate.jpa.internal.util.LogHelper  : HHH000204: Processing PersistenceUnitInfo [name: default]
2023-06-13 10:08:21.191  INFO 3764 --- [    Test worker] org.hibernate.dialect.Dialect            : HHH000400: Using dialect: org.hibernate.dialect.H2Dialect
2023-06-13 10:08:21.383  INFO 3764 --- [    Test worker] o.h.e.t.j.p.i.JtaPlatformInitiator       : HHH000490: Using JtaPlatform implementation: [org.hibernate.engine.transaction.jta.platform.internal.NoJtaPlatform]
2023-06-13 10:08:21.385  INFO 3764 --- [    Test worker] j.LocalContainerEntityManagerFactoryBean : Initialized JPA EntityManagerFactory for persistence unit 'default'
2023-06-13 10:08:22.001  INFO 3764 --- [    Test worker] f.s.a.datalayer.IUserDalTest             : Started IUserDalTest in 2.152 seconds (JVM running for 231.093)
2023-06-13 10:08:22.010  INFO 3764 --- [    Test worker] o.s.t.c.transaction.TransactionContext   : Began transaction (1) for test context [DefaultTestContext@32d12e4d testClass = IUserDalTest, testInstance = fontys.s3.andreipieleanu.datalayer.IUserDalTest@48b11758, testMethod = findAllUserShouldReturn4_When2MoreUsersAreAdded@IUserDalTest, testException = [null], mergedContextConfiguration = [MergedContextConfiguration@651c6c59 testClass = IUserDalTest, locations = '{}', classes = '{class fontys.s3.andreipieleanu.ClothesShopApplication}', contextInitializerClasses = '[]', activeProfiles = '{}', propertySourceLocations = '{}', propertySourceProperties = '{org.springframework.boot.test.autoconfigure.orm.jpa.DataJpaTestContextBootstrapper=true}', contextCustomizers = set[org.springframework.boot.test.autoconfigure.OverrideAutoConfigurationContextCustomizerFactory$DisableAutoConfigurationContextCustomizer@7418723a, org.springframework.boot.test.autoconfigure.actuate.metrics.MetricsExportContextCustomizerFactory$DisableMetricExportContextCustomizer@261ea657, org.springframework.boot.test.autoconfigure.filter.TypeExcludeFiltersContextCustomizer@351584c0, org.springframework.boot.test.autoconfigure.properties.PropertyMappingContextCustomizer@76af28d5, org.springframework.boot.test.autoconfigure.web.servlet.WebDriverContextCustomizerFactory$Customizer@3968bc60, [ImportsContextCustomizer@a60ad99 key = [org.springframework.boot.autoconfigure.cache.CacheAutoConfiguration, org.springframework.boot.autoconfigure.data.jpa.JpaRepositoriesAutoConfiguration, org.springframework.boot.autoconfigure.flyway.FlywayAutoConfiguration, org.springframework.boot.autoconfigure.jdbc.DataSourceAutoConfiguration, org.springframework.boot.autoconfigure.jdbc.DataSourceTransactionManagerAutoConfiguration, org.springframework.boot.autoconfigure.jdbc.JdbcTemplateAutoConfiguration, org.springframework.boot.autoconfigure.liquibase.LiquibaseAutoConfiguration, org.springframework.boot.autoconfigure.orm.jpa.HibernateJpaAutoConfiguration, org.springframework.boot.autoconfigure.sql.init.SqlInitializationAutoConfiguration, org.springframework.boot.autoconfigure.transaction.TransactionAutoConfiguration, org.springframework.boot.test.autoconfigure.jdbc.TestDatabaseAutoConfiguration, org.springframework.boot.test.autoconfigure.orm.jpa.TestEntityManagerAutoConfiguration]], org.springframework.boot.test.context.filter.ExcludeFilterContextCustomizer@5484117b, org.springframework.boot.test.json.DuplicateJsonObjectContextCustomizerFactory$DuplicateJsonObjectContextCustomizer@53b7ce6, org.springframework.boot.test.mock.mockito.MockitoContextCustomizer@0, org.springframework.boot.test.context.SpringBootTestArgs@1, org.springframework.boot.test.context.SpringBootTestWebEnvironment@0], contextLoader = 'org.springframework.boot.test.context.SpringBootContextLoader', parent = [null]], attributes = map['org.springframework.test.context.event.ApplicationEventsTestExecutionListener.recordApplicationEvents' -> false]]; transaction manager [org.springframework.orm.jpa.JpaTransactionManager@2f8d74ed]; rollback [true]
Hibernate: select userroleen0_.role_id as role_id1_8_, userroleen0_.role_name as role_nam2_8_ from cs_user_roles userroleen0_ where userroleen0_.role_name=?
Hibernate: insert into cs_users (user_id, user_email, user_firstname, user_lastname, user_password, role_id) values (default, ?, ?, ?, ?, ?)
Hibernate: insert into cs_users (user_id, user_email, user_firstname, user_lastname, user_password, role_id) values (default, ?, ?, ?, ?, ?)
Hibernate: select userentity0_.user_id as user_id1_9_, userentity0_.user_email as user_ema2_9_, userentity0_.user_firstname as user_fir3_9_, userentity0_.user_lastname as user_las4_9_, userentity0_.user_password as user_pas5_9_, userentity0_.role_id as role_id6_9_ from cs_users userentity0_
Hibernate: select userroleen0_.role_id as role_id1_8_0_, userroleen0_.role_name as role_nam2_8_0_ from cs_user_roles userroleen0_ where userroleen0_.role_id=?
Hibernate: select userroleen0_.role_id as role_id1_8_0_, userroleen0_.role_name as role_nam2_8_0_ from cs_user_roles userroleen0_ where userroleen0_.role_id=?
2023-06-13 10:08:22.047  INFO 3764 --- [    Test worker] o.s.t.c.transaction.TransactionContext   : Rolled back transaction for test: [DefaultTestContext@32d12e4d testClass = IUserDalTest, testInstance = fontys.s3.andreipieleanu.datalayer.IUserDalTest@48b11758, testMethod = findAllUserShouldReturn4_When2MoreUsersAreAdded@IUserDalTest, testException = [null], mergedContextConfiguration = [MergedContextConfiguration@651c6c59 testClass = IUserDalTest, locations = '{}', classes = '{class fontys.s3.andreipieleanu.ClothesShopApplication}', contextInitializerClasses = '[]', activeProfiles = '{}', propertySourceLocations = '{}', propertySourceProperties = '{org.springframework.boot.test.autoconfigure.orm.jpa.DataJpaTestContextBootstrapper=true}', contextCustomizers = set[org.springframework.boot.test.autoconfigure.OverrideAutoConfigurationContextCustomizerFactory$DisableAutoConfigurationContextCustomizer@7418723a, org.springframework.boot.test.autoconfigure.actuate.metrics.MetricsExportContextCustomizerFactory$DisableMetricExportContextCustomizer@261ea657, org.springframework.boot.test.autoconfigure.filter.TypeExcludeFiltersContextCustomizer@351584c0, org.springframework.boot.test.autoconfigure.properties.PropertyMappingContextCustomizer@76af28d5, org.springframework.boot.test.autoconfigure.web.servlet.WebDriverContextCustomizerFactory$Customizer@3968bc60, [ImportsContextCustomizer@a60ad99 key = [org.springframework.boot.autoconfigure.cache.CacheAutoConfiguration, org.springframework.boot.autoconfigure.data.jpa.JpaRepositoriesAutoConfiguration, org.springframework.boot.autoconfigure.flyway.FlywayAutoConfiguration, org.springframework.boot.autoconfigure.jdbc.DataSourceAutoConfiguration, org.springframework.boot.autoconfigure.jdbc.DataSourceTransactionManagerAutoConfiguration, org.springframework.boot.autoconfigure.jdbc.JdbcTemplateAutoConfiguration, org.springframework.boot.autoconfigure.liquibase.LiquibaseAutoConfiguration, org.springframework.boot.autoconfigure.orm.jpa.HibernateJpaAutoConfiguration, org.springframework.boot.autoconfigure.sql.init.SqlInitializationAutoConfiguration, org.springframework.boot.autoconfigure.transaction.TransactionAutoConfiguration, org.springframework.boot.test.autoconfigure.jdbc.TestDatabaseAutoConfiguration, org.springframework.boot.test.autoconfigure.orm.jpa.TestEntityManagerAutoConfiguration]], org.springframework.boot.test.context.filter.ExcludeFilterContextCustomizer@5484117b, org.springframework.boot.test.json.DuplicateJsonObjectContextCustomizerFactory$DuplicateJsonObjectContextCustomizer@53b7ce6, org.springframework.boot.test.mock.mockito.MockitoContextCustomizer@0, org.springframework.boot.test.context.SpringBootTestArgs@1, org.springframework.boot.test.context.SpringBootTestWebEnvironment@0], contextLoader = 'org.springframework.boot.test.context.SpringBootContextLoader', parent = [null]], attributes = map['org.springframework.test.context.event.ApplicationEventsTestExecutionListener.recordApplicationEvents' -> false]]
2023-06-13 10:08:22.054  INFO 3764 --- [    Test worker] j.LocalContainerEntityManagerFactoryBean : Closing JPA EntityManagerFactory for persistence unit 'default'
2023-06-13 10:08:22.055  INFO 3764 --- [    Test worker] com.zaxxer.hikari.HikariDataSource       : HikariPool-26 - Shutdown initiated...
2023-06-13 10:08:22.062  INFO 3764 --- [    Test worker] com.zaxxer.hikari.HikariDataSource       : HikariPool-26 - Shutdown completed.
]]></system-out>
  <system-err><![CDATA[]]></system-err>
</testsuite>
