<?xml version="1.0" encoding="UTF-8"?>
<testsuite name="fontys.s3.andreipieleanu.servicelayer.serviceimpl.TestUserService" tests="4" skipped="0" failures="0" errors="0" timestamp="2023-06-13T08:08:24" hostname="DESKTOP-E4KTK2V" time="0.05">
  <properties/>
  <testcase name="updateUserShouldThrowException_WhenUserNotFound()" classname="fontys.s3.andreipieleanu.servicelayer.serviceimpl.TestUserService" time="0.012"/>
  <testcase name="createNewUserShouldThrowException_WhenSameUserIsAlreadyAdded()" classname="fontys.s3.andreipieleanu.servicelayer.serviceimpl.TestUserService" time="0.011"/>
  <testcase name="findUserShouldRetrieveUser_WhenUserExists()" classname="fontys.s3.andreipieleanu.servicelayer.serviceimpl.TestUserService" time="0.004"/>
  <testcase name="createNewUserSuccessfully_WhenNoSameUserIsAdded()" classname="fontys.s3.andreipieleanu.servicelayer.serviceimpl.TestUserService" time="0.009"/>
  <system-out><![CDATA[]]></system-out>
  <system-err><![CDATA[]]></system-err>
</testsuite>
