<?xml version="1.0" encoding="UTF-8"?>
<testsuite name="fontys.s3.andreipieleanu.controller.UserControllerTest" tests="2" skipped="0" failures="0" errors="0" timestamp="2023-06-13T08:07:09" hostname="DESKTOP-E4KTK2V" time="0.152">
  <properties/>
  <testcase name="createUserShouldReturnStatus200Created_WhenUserIsCreated()" classname="fontys.s3.andreipieleanu.controller.UserControllerTest" time="0.072"/>
  <testcase name="getAllUserShouldReturnListOfUsers_WhenUsersExist()" classname="fontys.s3.andreipieleanu.controller.UserControllerTest" time="0.072"/>
  <system-out><![CDATA[2023-06-13 10:07:00.273  INFO 3764 --- [    Test worker] .b.t.c.SpringBootTestContextBootstrapper : Neither @ContextConfiguration nor @ContextHierarchy found for test class [fontys.s3.andreipieleanu.controller.UserControllerTest], using SpringBootContextLoader
2023-06-13 10:07:00.275  INFO 3764 --- [    Test worker] o.s.t.c.support.AbstractContextLoader    : Could not detect default resource locations for test class [fontys.s3.andreipieleanu.controller.UserControllerTest]: no resource found for suffixes {-context.xml, Context.groovy}.
2023-06-13 10:07:00.279  INFO 3764 --- [    Test worker] t.c.s.AnnotationConfigContextLoaderUtils : Could not detect default configuration classes for test class [fontys.s3.andreipieleanu.controller.UserControllerTest]: UserControllerTest does not declare any static, non-private, non-final, nested classes annotated with @Configuration.
2023-06-13 10:07:00.290  INFO 3764 --- [    Test worker] .b.t.c.SpringBootTestContextBootstrapper : Found @SpringBootConfiguration fontys.s3.andreipieleanu.ClothesShopApplication for test class fontys.s3.andreipieleanu.controller.UserControllerTest
2023-06-13 10:07:00.296  INFO 3764 --- [    Test worker] .b.t.c.SpringBootTestContextBootstrapper : Loaded default TestExecutionListener class names from location [META-INF/spring.factories]: [org.springframework.security.test.context.support.WithSecurityContextTestExecutionListener, org.springframework.security.test.context.support.ReactorContextTestExecutionListener, org.springframework.boot.test.autoconfigure.restdocs.RestDocsTestExecutionListener, org.springframework.boot.test.autoconfigure.web.client.MockRestServiceServerResetTestExecutionListener, org.springframework.boot.test.autoconfigure.web.servlet.MockMvcPrintOnlyOnFailureTestExecutionListener, org.springframework.boot.test.autoconfigure.web.servlet.WebDriverTestExecutionListener, org.springframework.boot.test.autoconfigure.webservices.client.MockWebServiceServerTestExecutionListener, org.springframework.boot.test.mock.mockito.MockitoTestExecutionListener, org.springframework.boot.test.mock.mockito.ResetMocksTestExecutionListener, org.springframework.test.context.web.ServletTestExecutionListener, org.springframework.test.context.support.DirtiesContextBeforeModesTestExecutionListener, org.springframework.test.context.event.ApplicationEventsTestExecutionListener, org.springframework.test.context.support.DependencyInjectionTestExecutionListener, org.springframework.test.context.support.DirtiesContextTestExecutionListener, org.springframework.test.context.transaction.TransactionalTestExecutionListener, org.springframework.test.context.jdbc.SqlScriptsTestExecutionListener, org.springframework.test.context.event.EventPublishingTestExecutionListener]
2023-06-13 10:07:00.301  INFO 3764 --- [    Test worker] .b.t.c.SpringBootTestContextBootstrapper : Using TestExecutionListeners: [org.springframework.test.context.web.ServletTestExecutionListener@fda0162, org.springframework.test.context.support.DirtiesContextBeforeModesTestExecutionListener@105a90b9, org.springframework.test.context.event.ApplicationEventsTestExecutionListener@39dd3b25, org.springframework.boot.test.mock.mockito.MockitoTestExecutionListener@72a0e33f, org.springframework.boot.test.autoconfigure.SpringBootDependencyInjectionTestExecutionListener@2dae3d18, org.springframework.test.context.support.DirtiesContextTestExecutionListener@6935bf4c, org.springframework.test.context.transaction.TransactionalTestExecutionListener@3961a55c, org.springframework.test.context.jdbc.SqlScriptsTestExecutionListener@4c2d0054, org.springframework.security.test.context.support.WithSecurityContextTestExecutionListener@1037a234, org.springframework.test.context.event.EventPublishingTestExecutionListener@543ca0a1, org.springframework.security.test.context.support.ReactorContextTestExecutionListener@6043a43f, org.springframework.boot.test.autoconfigure.restdocs.RestDocsTestExecutionListener@44c827c3, org.springframework.boot.test.autoconfigure.web.client.MockRestServiceServerResetTestExecutionListener@69c31b6c, org.springframework.boot.test.autoconfigure.web.servlet.MockMvcPrintOnlyOnFailureTestExecutionListener@584b975d, org.springframework.boot.test.autoconfigure.web.servlet.WebDriverTestExecutionListener@2554a237, org.springframework.boot.test.autoconfigure.webservices.client.MockWebServiceServerTestExecutionListener@20276f61, org.springframework.boot.test.mock.mockito.ResetMocksTestExecutionListener@51ce1872]

  .   ____          _            __ _ _
 /\\ / ___'_ __ _ _(_)_ __  __ _ \ \ \ \
( ( )\___ | '_ | '_| | '_ \/ _` | \ \ \ \
 \\/  ___)| |_)| | | | | || (_| |  ) ) ) )
  '  |____| .__|_| |_|_| |_\__, | / / / /
 =========|_|==============|___/=/_/_/_/
 :: Spring Boot ::                (v2.7.3)

2023-06-13 10:07:01.276  INFO 3764 --- [    Test worker] f.s.a.controller.UserControllerTest      : No active profile set, falling back to 1 default profile: "default"
2023-06-13 10:07:01.455  INFO 3764 --- [MessageBroker-1] o.s.w.s.c.WebSocketMessageBrokerStats    : WebSocketSession[0 current WS(0)-HttpStream(0)-HttpPoll(0), 0 total, 0 closed abnormally (0 connect failure, 0 send limit, 0 transport error)], stompSubProtocol[processed CONNECT(0)-CONNECTED(0)-DISCONNECT(0)], stompBrokerRelay[null], inboundChannel[pool size = 0, active threads = 0, queued tasks = 0, completed tasks = 0], outboundChannel[pool size = 0, active threads = 0, queued tasks = 0, completed tasks = 0], sockJsScheduler[pool size = 1, active threads = 1, queued tasks = 0, completed tasks = 0]
2023-06-13 10:07:02.425  INFO 3764 --- [    Test worker] .s.d.r.c.RepositoryConfigurationDelegate : Bootstrapping Spring Data JPA repositories in DEFAULT mode.
2023-06-13 10:07:02.615  INFO 3764 --- [    Test worker] .s.d.r.c.RepositoryConfigurationDelegate : Finished Spring Data repository scanning in 188 ms. Found 10 JPA repository interfaces.
2023-06-13 10:07:02.726  INFO 3764 --- [    Test worker] o.s.cloud.context.scope.GenericScope     : BeanFactory id=ac058023-d17d-362f-9e71-a9dca622b67a
2023-06-13 10:07:03.096  INFO 3764 --- [    Test worker] trationDelegate$BeanPostProcessorChecker : Bean 'methodSecurityConfig' of type [fontys.s3.andreipieleanu.configuration.security.MethodSecurityConfig$$EnhancerBySpringCGLIB$$af9cc542] is not eligible for getting processed by all BeanPostProcessors (for example: not eligible for auto-proxying)
2023-06-13 10:07:03.346  INFO 3764 --- [    Test worker] com.zaxxer.hikari.HikariDataSource       : HikariPool-5 - Starting...
2023-06-13 10:07:03.348  INFO 3764 --- [    Test worker] com.zaxxer.hikari.HikariDataSource       : HikariPool-5 - Start completed.
2023-06-13 10:07:03.351  INFO 3764 --- [    Test worker] o.f.c.i.database.base.BaseDatabaseType   : Database: jdbc:h2:mem:inmemorydb (H2 2.1)
2023-06-13 10:07:03.380  INFO 3764 --- [    Test worker] o.f.core.internal.command.DbValidate     : Successfully validated 5 migrations (execution time 00:00.019s)
2023-06-13 10:07:03.386  INFO 3764 --- [    Test worker] o.f.core.internal.command.DbMigrate      : Current version of schema "PUBLIC": 5
2023-06-13 10:07:03.387  INFO 3764 --- [    Test worker] o.f.core.internal.command.DbMigrate      : Schema "PUBLIC" is up to date. No migration necessary.
2023-06-13 10:07:03.600  INFO 3764 --- [    Test worker] o.hibernate.jpa.internal.util.LogHelper  : HHH000204: Processing PersistenceUnitInfo [name: default]
2023-06-13 10:07:03.639  INFO 3764 --- [    Test worker] org.hibernate.dialect.Dialect            : HHH000400: Using dialect: org.hibernate.dialect.H2Dialect
2023-06-13 10:07:04.008  INFO 3764 --- [    Test worker] o.h.e.t.j.p.i.JtaPlatformInitiator       : HHH000490: Using JtaPlatform implementation: [org.hibernate.engine.transaction.jta.platform.internal.NoJtaPlatform]
2023-06-13 10:07:04.009  INFO 3764 --- [    Test worker] j.LocalContainerEntityManagerFactoryBean : Initialized JPA EntityManagerFactory for persistence unit 'default'
2023-06-13 10:07:05.897  WARN 3764 --- [    Test worker] .s.s.UserDetailsServiceAutoConfiguration : 

Using generated security password: 3a2076c4-579d-4500-be46-be3d98cd4bdf

This generated password is for development use only. Your security configuration must be updated before running your application in production.

2023-06-13 10:07:06.118  INFO 3764 --- [    Test worker] o.s.s.web.DefaultSecurityFilterChain     : Will secure any request with [org.springframework.security.web.session.DisableEncodeUrlFilter@5234adec, org.springframework.security.web.context.request.async.WebAsyncManagerIntegrationFilter@68463a56, org.springframework.security.web.context.SecurityContextPersistenceFilter@36c0cb05, org.springframework.security.web.header.HeaderWriterFilter@64b0a84d, org.springframework.security.web.csrf.CsrfFilter@7d0b7a41, org.springframework.security.web.authentication.logout.LogoutFilter@32210d39, org.springframework.security.web.savedrequest.RequestCacheAwareFilter@6b2f9605, org.springframework.security.web.servletapi.SecurityContextHolderAwareRequestFilter@15aecc4f, org.springframework.security.web.authentication.AnonymousAuthenticationFilter@7681e7b7, org.springframework.security.web.session.SessionManagementFilter@7f174e9e, org.springframework.security.web.access.ExceptionTranslationFilter@71eb2680]
2023-06-13 10:07:09.470  INFO 3764 --- [    Test worker] o.s.b.t.m.w.SpringBootMockServletContext : Initializing Spring TestDispatcherServlet ''
2023-06-13 10:07:09.471  INFO 3764 --- [    Test worker] o.s.t.web.servlet.TestDispatcherServlet  : Initializing Servlet ''
2023-06-13 10:07:09.475  INFO 3764 --- [    Test worker] o.s.t.web.servlet.TestDispatcherServlet  : Completed initialization in 3 ms
2023-06-13 10:07:09.862  INFO 3764 --- [    Test worker] o.s.m.s.b.SimpleBrokerMessageHandler     : Starting...
2023-06-13 10:07:09.863  INFO 3764 --- [    Test worker] o.s.m.s.b.SimpleBrokerMessageHandler     : BrokerAvailabilityEvent[available=true, SimpleBrokerMessageHandler [org.springframework.messaging.simp.broker.DefaultSubscriptionRegistry@7ffcec2a]]
2023-06-13 10:07:09.864  INFO 3764 --- [    Test worker] o.s.m.s.b.SimpleBrokerMessageHandler     : Started.
2023-06-13 10:07:09.872  INFO 3764 --- [    Test worker] f.s.a.controller.UserControllerTest      : Started UserControllerTest in 9.448 seconds (JVM running for 158.963)
2023-06-13 10:07:09.893 DEBUG 3764 --- [    Test worker] o.s.w.f.CommonsRequestLoggingFilter      : Before request [POST /users]
2023-06-13 10:07:09.914 DEBUG 3764 --- [    Test worker] o.s.w.f.CommonsRequestLoggingFilter      : After request [POST /users, payload={
    "email": "jdoe@gmail.com",
    "firstName": "John",
    "lastName": "Doe",
    "password": "jdoe123"
}
]

MockHttpServletRequest:
      HTTP Method = POST
      Request URI = /users
       Parameters = {}
          Headers = [Content-Type:"application/json;charset=UTF-8", Content-Length:"109"]
             Body = {
    "email": "jdoe@gmail.com",
    "firstName": "John",
    "lastName": "Doe",
    "password": "jdoe123"
}

    Session Attrs = {}

Handler:
             Type = fontys.s3.andreipieleanu.controller.UserController
           Method = fontys.s3.andreipieleanu.controller.UserController#createNewUser(CreateNewUserRequest)

Async:
    Async started = false
     Async result = null

Resolved Exception:
             Type = null

ModelAndView:
        View name = null
             View = null
            Model = null

FlashMap:
       Attributes = null

MockHttpServletResponse:
           Status = 200
    Error message = null
          Headers = [Vary:"Origin", "Access-Control-Request-Method", "Access-Control-Request-Headers", Content-Type:"application/json", X-Content-Type-Options:"nosniff", X-XSS-Protection:"1; mode=block", Cache-Control:"no-cache, no-store, max-age=0, must-revalidate", Pragma:"no-cache", Expires:"0", X-Frame-Options:"DENY"]
     Content type = application/json
             Body = {"message":"User has been created successfully!"}
    Forwarded URL = null
   Redirected URL = null
          Cookies = []
2023-06-13 10:07:09.982 DEBUG 3764 --- [    Test worker] o.s.w.f.CommonsRequestLoggingFilter      : Before request [GET /users]
2023-06-13 10:07:10.000 DEBUG 3764 --- [    Test worker] o.s.w.f.CommonsRequestLoggingFilter      : After request [GET /users]

MockHttpServletRequest:
      HTTP Method = GET
      Request URI = /users
       Parameters = {}
          Headers = []
             Body = null
    Session Attrs = {}

Handler:
             Type = fontys.s3.andreipieleanu.controller.UserController
           Method = fontys.s3.andreipieleanu.controller.UserController#getAllUsers()

Async:
    Async started = false
     Async result = null

Resolved Exception:
             Type = null

ModelAndView:
        View name = null
             View = null
            Model = null

FlashMap:
       Attributes = null

MockHttpServletResponse:
           Status = 200
    Error message = null
          Headers = [Vary:"Origin", "Access-Control-Request-Method", "Access-Control-Request-Headers", Content-Type:"application/json", X-Content-Type-Options:"nosniff", X-XSS-Protection:"1; mode=block", Cache-Control:"no-cache, no-store, max-age=0, must-revalidate", Pragma:"no-cache", Expires:"0", X-Frame-Options:"DENY"]
     Content type = application/json
             Body = {"allUsers":[{"id":1,"email":"user1@gmail.com","password":null,"firstName":"User1","lastName":"1","userRole":{"id":1,"role":"CLIENT"}},{"id":2,"email":"user2@gmail.com","password":null,"firstName":"User2","lastName":"2","userRole":{"id":1,"role":"CLIENT"}}]}
    Forwarded URL = null
   Redirected URL = null
          Cookies = []
]]></system-out>
  <system-err><![CDATA[]]></system-err>
</testsuite>
