<?xml version="1.0" encoding="UTF-8"?>
<testsuite name="fontys.s3.andreipieleanu.datalayer.IClothesDalTest" tests="4" skipped="0" failures="0" errors="0" timestamp="2023-06-13T08:07:39" hostname="DESKTOP-E4KTK2V" time="12.949">
  <properties/>
  <testcase name="updateClothes_ShouldUpdateExistingClothes()" classname="fontys.s3.andreipieleanu.datalayer.IClothesDalTest" time="0.247"/>
  <testcase name="addClothesShouldAdd_WhenClothesIsNew()" classname="fontys.s3.andreipieleanu.datalayer.IClothesDalTest" time="0.042"/>
  <testcase name="getClothesById_ShouldReturnExistingClothes()" classname="fontys.s3.andreipieleanu.datalayer.IClothesDalTest" time="0.072"/>
  <testcase name="deleteClothes_ShouldDeleteExistingClothes()" classname="fontys.s3.andreipieleanu.datalayer.IClothesDalTest" time="0.051"/>
  <system-out><![CDATA[2023-06-13 10:07:34.489  INFO 3764 --- [    Test worker] b.t.a.o.j.DataJpaTestContextBootstrapper : Neither @ContextConfiguration nor @ContextHierarchy found for test class [fontys.s3.andreipieleanu.datalayer.IClothesDalTest], using SpringBootContextLoader
2023-06-13 10:07:34.498  INFO 3764 --- [    Test worker] o.s.t.c.support.AbstractContextLoader    : Could not detect default resource locations for test class [fontys.s3.andreipieleanu.datalayer.IClothesDalTest]: no resource found for suffixes {-context.xml, Context.groovy}.
2023-06-13 10:07:34.498  INFO 3764 --- [    Test worker] t.c.s.AnnotationConfigContextLoaderUtils : Could not detect default configuration classes for test class [fontys.s3.andreipieleanu.datalayer.IClothesDalTest]: IClothesDalTest does not declare any static, non-private, non-final, nested classes annotated with @Configuration.
2023-06-13 10:07:34.513  INFO 3764 --- [    Test worker] .b.t.c.SpringBootTestContextBootstrapper : Found @SpringBootConfiguration fontys.s3.andreipieleanu.ClothesShopApplication for test class fontys.s3.andreipieleanu.datalayer.IClothesDalTest
2023-06-13 10:07:34.515  INFO 3764 --- [    Test worker] b.t.a.o.j.DataJpaTestContextBootstrapper : Loaded default TestExecutionListener class names from location [META-INF/spring.factories]: [org.springframework.security.test.context.support.WithSecurityContextTestExecutionListener, org.springframework.security.test.context.support.ReactorContextTestExecutionListener, org.springframework.boot.test.autoconfigure.restdocs.RestDocsTestExecutionListener, org.springframework.boot.test.autoconfigure.web.client.MockRestServiceServerResetTestExecutionListener, org.springframework.boot.test.autoconfigure.web.servlet.MockMvcPrintOnlyOnFailureTestExecutionListener, org.springframework.boot.test.autoconfigure.web.servlet.WebDriverTestExecutionListener, org.springframework.boot.test.autoconfigure.webservices.client.MockWebServiceServerTestExecutionListener, org.springframework.boot.test.mock.mockito.MockitoTestExecutionListener, org.springframework.boot.test.mock.mockito.ResetMocksTestExecutionListener, org.springframework.test.context.web.ServletTestExecutionListener, org.springframework.test.context.support.DirtiesContextBeforeModesTestExecutionListener, org.springframework.test.context.event.ApplicationEventsTestExecutionListener, org.springframework.test.context.support.DependencyInjectionTestExecutionListener, org.springframework.test.context.support.DirtiesContextTestExecutionListener, org.springframework.test.context.transaction.TransactionalTestExecutionListener, org.springframework.test.context.jdbc.SqlScriptsTestExecutionListener, org.springframework.test.context.event.EventPublishingTestExecutionListener]
2023-06-13 10:07:34.519  INFO 3764 --- [    Test worker] b.t.a.o.j.DataJpaTestContextBootstrapper : Using TestExecutionListeners: [org.springframework.test.context.web.ServletTestExecutionListener@4546f7ea, org.springframework.test.context.support.DirtiesContextBeforeModesTestExecutionListener@3ef6b1a, org.springframework.test.context.event.ApplicationEventsTestExecutionListener@7a9223d5, org.springframework.boot.test.mock.mockito.MockitoTestExecutionListener@746f2d25, org.springframework.boot.test.autoconfigure.SpringBootDependencyInjectionTestExecutionListener@6646de5, org.springframework.test.context.support.DirtiesContextTestExecutionListener@7e2b6188, org.springframework.test.context.transaction.TransactionalTestExecutionListener@154c7913, org.springframework.test.context.jdbc.SqlScriptsTestExecutionListener@18c7789a, org.springframework.security.test.context.support.WithSecurityContextTestExecutionListener@3de92522, org.springframework.test.context.event.EventPublishingTestExecutionListener@186b3436, org.springframework.security.test.context.support.ReactorContextTestExecutionListener@6e9952c9, org.springframework.boot.test.autoconfigure.restdocs.RestDocsTestExecutionListener@4d39f428, org.springframework.boot.test.autoconfigure.web.client.MockRestServiceServerResetTestExecutionListener@390d1898, org.springframework.boot.test.autoconfigure.web.servlet.MockMvcPrintOnlyOnFailureTestExecutionListener@7886510b, org.springframework.boot.test.autoconfigure.web.servlet.WebDriverTestExecutionListener@5c2d4bc8, org.springframework.boot.test.autoconfigure.webservices.client.MockWebServiceServerTestExecutionListener@5eb77cd1, org.springframework.boot.test.mock.mockito.ResetMocksTestExecutionListener@f2f7647]

  .   ____          _            __ _ _
 /\\ / ___'_ __ _ _(_)_ __  __ _ \ \ \ \
( ( )\___ | '_ | '_| | '_ \/ _` | \ \ \ \
 \\/  ___)| |_)| | | | | || (_| |  ) ) ) )
  '  |____| .__|_| |_|_| |_\__, | / / / /
 =========|_|==============|___/=/_/_/_/
 :: Spring Boot ::                (v2.7.3)

2023-06-13 10:07:35.609  INFO 3764 --- [    Test worker] f.s.a.datalayer.IClothesDalTest          : No active profile set, falling back to 1 default profile: "default"
2023-06-13 10:07:36.211  INFO 3764 --- [    Test worker] .s.d.r.c.RepositoryConfigurationDelegate : Bootstrapping Spring Data JPA repositories in DEFAULT mode.
2023-06-13 10:07:36.572  INFO 3764 --- [    Test worker] .s.d.r.c.RepositoryConfigurationDelegate : Finished Spring Data repository scanning in 344 ms. Found 10 JPA repository interfaces.
2023-06-13 10:07:36.962  INFO 3764 --- [    Test worker] com.zaxxer.hikari.HikariDataSource       : HikariPool-11 - Starting...
2023-06-13 10:07:36.965  INFO 3764 --- [    Test worker] com.zaxxer.hikari.HikariDataSource       : HikariPool-11 - Start completed.
2023-06-13 10:07:36.967  INFO 3764 --- [    Test worker] o.f.c.i.database.base.BaseDatabaseType   : Database: jdbc:h2:mem:inmemorydb (H2 2.1)
2023-06-13 10:07:37.009  INFO 3764 --- [    Test worker] o.f.core.internal.command.DbValidate     : Successfully validated 5 migrations (execution time 00:00.025s)
2023-06-13 10:07:37.020  INFO 3764 --- [    Test worker] o.f.core.internal.command.DbMigrate      : Current version of schema "PUBLIC": 5
2023-06-13 10:07:37.021  INFO 3764 --- [    Test worker] o.f.core.internal.command.DbMigrate      : Schema "PUBLIC" is up to date. No migration necessary.
2023-06-13 10:07:37.244  INFO 3764 --- [    Test worker] o.hibernate.jpa.internal.util.LogHelper  : HHH000204: Processing PersistenceUnitInfo [name: default]
2023-06-13 10:07:37.285  INFO 3764 --- [    Test worker] org.hibernate.dialect.Dialect            : HHH000400: Using dialect: org.hibernate.dialect.H2Dialect
2023-06-13 10:07:37.773  INFO 3764 --- [    Test worker] o.h.e.t.j.p.i.JtaPlatformInitiator       : HHH000490: Using JtaPlatform implementation: [org.hibernate.engine.transaction.jta.platform.internal.NoJtaPlatform]
2023-06-13 10:07:37.774  INFO 3764 --- [    Test worker] j.LocalContainerEntityManagerFactoryBean : Initialized JPA EntityManagerFactory for persistence unit 'default'
2023-06-13 10:07:39.034  INFO 3764 --- [    Test worker] f.s.a.datalayer.IClothesDalTest          : Started IClothesDalTest in 4.505 seconds (JVM running for 188.126)
2023-06-13 10:07:39.065  INFO 3764 --- [    Test worker] o.s.t.c.transaction.TransactionContext   : Began transaction (1) for test context [DefaultTestContext@65b6c1dc testClass = IClothesDalTest, testInstance = fontys.s3.andreipieleanu.datalayer.IClothesDalTest@62a48db8, testMethod = updateClothes_ShouldUpdateExistingClothes@IClothesDalTest, testException = [null], mergedContextConfiguration = [MergedContextConfiguration@2e79af11 testClass = IClothesDalTest, locations = '{}', classes = '{class fontys.s3.andreipieleanu.ClothesShopApplication}', contextInitializerClasses = '[]', activeProfiles = '{}', propertySourceLocations = '{}', propertySourceProperties = '{org.springframework.boot.test.autoconfigure.orm.jpa.DataJpaTestContextBootstrapper=true}', contextCustomizers = set[org.springframework.boot.test.autoconfigure.OverrideAutoConfigurationContextCustomizerFactory$DisableAutoConfigurationContextCustomizer@7418723a, org.springframework.boot.test.autoconfigure.actuate.metrics.MetricsExportContextCustomizerFactory$DisableMetricExportContextCustomizer@261ea657, org.springframework.boot.test.autoconfigure.filter.TypeExcludeFiltersContextCustomizer@351584c0, org.springframework.boot.test.autoconfigure.properties.PropertyMappingContextCustomizer@76af28d5, org.springframework.boot.test.autoconfigure.web.servlet.WebDriverContextCustomizerFactory$Customizer@3968bc60, [ImportsContextCustomizer@13b1a2e6 key = [org.springframework.boot.autoconfigure.cache.CacheAutoConfiguration, org.springframework.boot.autoconfigure.data.jpa.JpaRepositoriesAutoConfiguration, org.springframework.boot.autoconfigure.flyway.FlywayAutoConfiguration, org.springframework.boot.autoconfigure.jdbc.DataSourceAutoConfiguration, org.springframework.boot.autoconfigure.jdbc.DataSourceTransactionManagerAutoConfiguration, org.springframework.boot.autoconfigure.jdbc.JdbcTemplateAutoConfiguration, org.springframework.boot.autoconfigure.liquibase.LiquibaseAutoConfiguration, org.springframework.boot.autoconfigure.orm.jpa.HibernateJpaAutoConfiguration, org.springframework.boot.autoconfigure.sql.init.SqlInitializationAutoConfiguration, org.springframework.boot.autoconfigure.transaction.TransactionAutoConfiguration, org.springframework.boot.test.autoconfigure.jdbc.TestDatabaseAutoConfiguration, org.springframework.boot.test.autoconfigure.orm.jpa.TestEntityManagerAutoConfiguration]], org.springframework.boot.test.context.filter.ExcludeFilterContextCustomizer@5484117b, org.springframework.boot.test.json.DuplicateJsonObjectContextCustomizerFactory$DuplicateJsonObjectContextCustomizer@53b7ce6, org.springframework.boot.test.mock.mockito.MockitoContextCustomizer@0, org.springframework.boot.test.context.SpringBootTestArgs@1, org.springframework.boot.test.context.SpringBootTestWebEnvironment@0], contextLoader = 'org.springframework.boot.test.context.SpringBootContextLoader', parent = [null]], attributes = map['org.springframework.test.context.event.ApplicationEventsTestExecutionListener.recordApplicationEvents' -> false]]; transaction manager [org.springframework.orm.jpa.JpaTransactionManager@11a148f]; rollback [true]
Hibernate: insert into cs_category (category_id, category_name, category_parent_id) values (default, ?, ?)
Hibernate: insert into cs_clothes (clothes_id, clothes_amount_in_stock, clothes_description, clothes_is_active, clothes_meas_amount, clothes_meas_unit, clothes_name, clothes_price, clothes_size, clothes_subcategory_id) values (default, ?, ?, ?, ?, ?, ?, ?, ?, ?)
Hibernate: select clothesent0_.clothes_id as clothes_1_3_0_, clothesent0_.clothes_amount_in_stock as clothes_2_3_0_, clothesent0_.clothes_description as clothes_3_3_0_, clothesent0_.clothes_is_active as clothes_4_3_0_, clothesent0_.clothes_meas_amount as clothes_5_3_0_, clothesent0_.clothes_meas_unit as clothes_6_3_0_, clothesent0_.clothes_name as clothes_7_3_0_, clothesent0_.clothes_price as clothes_8_3_0_, clothesent0_.clothes_size as clothes_9_3_0_, clothesent0_.clothes_subcategory_id as clothes10_3_0_ from cs_clothes clothesent0_ where clothesent0_.clothes_id=?
Hibernate: select categoryen0_.category_id as category1_2_0_, categoryen0_.category_name as category2_2_0_, categoryen0_.category_parent_id as category3_2_0_ from cs_category categoryen0_ where categoryen0_.category_id=?
Hibernate: update cs_clothes set clothes_amount_in_stock=?, clothes_description=?, clothes_is_active=?, clothes_meas_amount=?, clothes_meas_unit=?, clothes_name=?, clothes_price=?, clothes_size=?, clothes_subcategory_id=? where clothes_id=?
Hibernate: update cs_clothes set clothes_name=?, clothes_amount_in_stock=?, clothes_description=?, clothes_price=?, clothes_size=?, clothes_is_active=?, clothes_meas_amount=?, clothes_meas_unit=?, clothes_subcategory_id=? where clothes_id=?
2023-06-13 10:07:39.297  INFO 3764 --- [    Test worker] o.s.t.c.transaction.TransactionContext   : Rolled back transaction for test: [DefaultTestContext@65b6c1dc testClass = IClothesDalTest, testInstance = fontys.s3.andreipieleanu.datalayer.IClothesDalTest@62a48db8, testMethod = updateClothes_ShouldUpdateExistingClothes@IClothesDalTest, testException = [null], mergedContextConfiguration = [MergedContextConfiguration@2e79af11 testClass = IClothesDalTest, locations = '{}', classes = '{class fontys.s3.andreipieleanu.ClothesShopApplication}', contextInitializerClasses = '[]', activeProfiles = '{}', propertySourceLocations = '{}', propertySourceProperties = '{org.springframework.boot.test.autoconfigure.orm.jpa.DataJpaTestContextBootstrapper=true}', contextCustomizers = set[org.springframework.boot.test.autoconfigure.OverrideAutoConfigurationContextCustomizerFactory$DisableAutoConfigurationContextCustomizer@7418723a, org.springframework.boot.test.autoconfigure.actuate.metrics.MetricsExportContextCustomizerFactory$DisableMetricExportContextCustomizer@261ea657, org.springframework.boot.test.autoconfigure.filter.TypeExcludeFiltersContextCustomizer@351584c0, org.springframework.boot.test.autoconfigure.properties.PropertyMappingContextCustomizer@76af28d5, org.springframework.boot.test.autoconfigure.web.servlet.WebDriverContextCustomizerFactory$Customizer@3968bc60, [ImportsContextCustomizer@13b1a2e6 key = [org.springframework.boot.autoconfigure.cache.CacheAutoConfiguration, org.springframework.boot.autoconfigure.data.jpa.JpaRepositoriesAutoConfiguration, org.springframework.boot.autoconfigure.flyway.FlywayAutoConfiguration, org.springframework.boot.autoconfigure.jdbc.DataSourceAutoConfiguration, org.springframework.boot.autoconfigure.jdbc.DataSourceTransactionManagerAutoConfiguration, org.springframework.boot.autoconfigure.jdbc.JdbcTemplateAutoConfiguration, org.springframework.boot.autoconfigure.liquibase.LiquibaseAutoConfiguration, org.springframework.boot.autoconfigure.orm.jpa.HibernateJpaAutoConfiguration, org.springframework.boot.autoconfigure.sql.init.SqlInitializationAutoConfiguration, org.springframework.boot.autoconfigure.transaction.TransactionAutoConfiguration, org.springframework.boot.test.autoconfigure.jdbc.TestDatabaseAutoConfiguration, org.springframework.boot.test.autoconfigure.orm.jpa.TestEntityManagerAutoConfiguration]], org.springframework.boot.test.context.filter.ExcludeFilterContextCustomizer@5484117b, org.springframework.boot.test.json.DuplicateJsonObjectContextCustomizerFactory$DuplicateJsonObjectContextCustomizer@53b7ce6, org.springframework.boot.test.mock.mockito.MockitoContextCustomizer@0, org.springframework.boot.test.context.SpringBootTestArgs@1, org.springframework.boot.test.context.SpringBootTestWebEnvironment@0], contextLoader = 'org.springframework.boot.test.context.SpringBootContextLoader', parent = [null]], attributes = map['org.springframework.test.context.event.ApplicationEventsTestExecutionListener.recordApplicationEvents' -> false]]
2023-06-13 10:07:39.300  INFO 3764 --- [    Test worker] j.LocalContainerEntityManagerFactoryBean : Closing JPA EntityManagerFactory for persistence unit 'default'
2023-06-13 10:07:39.301  INFO 3764 --- [    Test worker] com.zaxxer.hikari.HikariDataSource       : HikariPool-11 - Shutdown initiated...
2023-06-13 10:07:39.305  INFO 3764 --- [    Test worker] com.zaxxer.hikari.HikariDataSource       : HikariPool-11 - Shutdown completed.

  .   ____          _            __ _ _
 /\\ / ___'_ __ _ _(_)_ __  __ _ \ \ \ \
( ( )\___ | '_ | '_| | '_ \/ _` | \ \ \ \
 \\/  ___)| |_)| | | | | || (_| |  ) ) ) )
  '  |____| .__|_| |_|_| |_\__, | / / / /
 =========|_|==============|___/=/_/_/_/
 :: Spring Boot ::                (v2.7.3)

2023-06-13 10:07:40.460  INFO 3764 --- [    Test worker] f.s.a.datalayer.IClothesDalTest          : No active profile set, falling back to 1 default profile: "default"
2023-06-13 10:07:41.136  INFO 3764 --- [    Test worker] .s.d.r.c.RepositoryConfigurationDelegate : Bootstrapping Spring Data JPA repositories in DEFAULT mode.
2023-06-13 10:07:41.502  INFO 3764 --- [    Test worker] .s.d.r.c.RepositoryConfigurationDelegate : Finished Spring Data repository scanning in 365 ms. Found 10 JPA repository interfaces.
2023-06-13 10:07:41.975  INFO 3764 --- [    Test worker] com.zaxxer.hikari.HikariDataSource       : HikariPool-12 - Starting...
2023-06-13 10:07:41.987  INFO 3764 --- [    Test worker] com.zaxxer.hikari.HikariDataSource       : HikariPool-12 - Start completed.
2023-06-13 10:07:41.989  INFO 3764 --- [    Test worker] o.f.c.i.database.base.BaseDatabaseType   : Database: jdbc:h2:mem:inmemorydb (H2 2.1)
2023-06-13 10:07:42.091  INFO 3764 --- [    Test worker] o.f.core.internal.command.DbValidate     : Successfully validated 5 migrations (execution time 00:00.055s)
2023-06-13 10:07:42.161  INFO 3764 --- [    Test worker] o.f.core.internal.command.DbMigrate      : Current version of schema "PUBLIC": 5
2023-06-13 10:07:42.166  INFO 3764 --- [    Test worker] o.f.core.internal.command.DbMigrate      : Schema "PUBLIC" is up to date. No migration necessary.
2023-06-13 10:07:42.411  INFO 3764 --- [    Test worker] o.hibernate.jpa.internal.util.LogHelper  : HHH000204: Processing PersistenceUnitInfo [name: default]
2023-06-13 10:07:42.447  INFO 3764 --- [    Test worker] org.hibernate.dialect.Dialect            : HHH000400: Using dialect: org.hibernate.dialect.H2Dialect
2023-06-13 10:07:43.441  INFO 3764 --- [    Test worker] o.h.e.t.j.p.i.JtaPlatformInitiator       : HHH000490: Using JtaPlatform implementation: [org.hibernate.engine.transaction.jta.platform.internal.NoJtaPlatform]
2023-06-13 10:07:43.442  INFO 3764 --- [    Test worker] j.LocalContainerEntityManagerFactoryBean : Initialized JPA EntityManagerFactory for persistence unit 'default'
2023-06-13 10:07:44.386  INFO 3764 --- [    Test worker] f.s.a.datalayer.IClothesDalTest          : Started IClothesDalTest in 5.073 seconds (JVM running for 193.477)
2023-06-13 10:07:44.400  INFO 3764 --- [    Test worker] o.s.t.c.transaction.TransactionContext   : Began transaction (1) for test context [DefaultTestContext@65b6c1dc testClass = IClothesDalTest, testInstance = fontys.s3.andreipieleanu.datalayer.IClothesDalTest@361fb6, testMethod = addClothesShouldAdd_WhenClothesIsNew@IClothesDalTest, testException = [null], mergedContextConfiguration = [MergedContextConfiguration@2e79af11 testClass = IClothesDalTest, locations = '{}', classes = '{class fontys.s3.andreipieleanu.ClothesShopApplication}', contextInitializerClasses = '[]', activeProfiles = '{}', propertySourceLocations = '{}', propertySourceProperties = '{org.springframework.boot.test.autoconfigure.orm.jpa.DataJpaTestContextBootstrapper=true}', contextCustomizers = set[org.springframework.boot.test.autoconfigure.OverrideAutoConfigurationContextCustomizerFactory$DisableAutoConfigurationContextCustomizer@7418723a, org.springframework.boot.test.autoconfigure.actuate.metrics.MetricsExportContextCustomizerFactory$DisableMetricExportContextCustomizer@261ea657, org.springframework.boot.test.autoconfigure.filter.TypeExcludeFiltersContextCustomizer@351584c0, org.springframework.boot.test.autoconfigure.properties.PropertyMappingContextCustomizer@76af28d5, org.springframework.boot.test.autoconfigure.web.servlet.WebDriverContextCustomizerFactory$Customizer@3968bc60, [ImportsContextCustomizer@13b1a2e6 key = [org.springframework.boot.autoconfigure.cache.CacheAutoConfiguration, org.springframework.boot.autoconfigure.data.jpa.JpaRepositoriesAutoConfiguration, org.springframework.boot.autoconfigure.flyway.FlywayAutoConfiguration, org.springframework.boot.autoconfigure.jdbc.DataSourceAutoConfiguration, org.springframework.boot.autoconfigure.jdbc.DataSourceTransactionManagerAutoConfiguration, org.springframework.boot.autoconfigure.jdbc.JdbcTemplateAutoConfiguration, org.springframework.boot.autoconfigure.liquibase.LiquibaseAutoConfiguration, org.springframework.boot.autoconfigure.orm.jpa.HibernateJpaAutoConfiguration, org.springframework.boot.autoconfigure.sql.init.SqlInitializationAutoConfiguration, org.springframework.boot.autoconfigure.transaction.TransactionAutoConfiguration, org.springframework.boot.test.autoconfigure.jdbc.TestDatabaseAutoConfiguration, org.springframework.boot.test.autoconfigure.orm.jpa.TestEntityManagerAutoConfiguration]], org.springframework.boot.test.context.filter.ExcludeFilterContextCustomizer@5484117b, org.springframework.boot.test.json.DuplicateJsonObjectContextCustomizerFactory$DuplicateJsonObjectContextCustomizer@53b7ce6, org.springframework.boot.test.mock.mockito.MockitoContextCustomizer@0, org.springframework.boot.test.context.SpringBootTestArgs@1, org.springframework.boot.test.context.SpringBootTestWebEnvironment@0], contextLoader = 'org.springframework.boot.test.context.SpringBootContextLoader', parent = [null]], attributes = map['org.springframework.test.context.event.ApplicationEventsTestExecutionListener.recordApplicationEvents' -> false]]; transaction manager [org.springframework.orm.jpa.JpaTransactionManager@376f65f0]; rollback [true]
Hibernate: insert into cs_category (category_id, category_name, category_parent_id) values (default, ?, ?)
Hibernate: insert into cs_clothes (clothes_id, clothes_amount_in_stock, clothes_description, clothes_is_active, clothes_meas_amount, clothes_meas_unit, clothes_name, clothes_price, clothes_size, clothes_subcategory_id) values (default, ?, ?, ?, ?, ?, ?, ?, ?, ?)
Hibernate: select clothesent0_.clothes_id as clothes_1_3_0_, clothesent0_.clothes_amount_in_stock as clothes_2_3_0_, clothesent0_.clothes_description as clothes_3_3_0_, clothesent0_.clothes_is_active as clothes_4_3_0_, clothesent0_.clothes_meas_amount as clothes_5_3_0_, clothesent0_.clothes_meas_unit as clothes_6_3_0_, clothesent0_.clothes_name as clothes_7_3_0_, clothesent0_.clothes_price as clothes_8_3_0_, clothesent0_.clothes_size as clothes_9_3_0_, clothesent0_.clothes_subcategory_id as clothes10_3_0_, categoryen1_.category_id as category1_2_1_, categoryen1_.category_name as category2_2_1_, categoryen1_.category_parent_id as category3_2_1_, categoryen2_.category_id as category1_2_2_, categoryen2_.category_name as category2_2_2_, categoryen2_.category_parent_id as category3_2_2_ from cs_clothes clothesent0_ inner join cs_category categoryen1_ on clothesent0_.clothes_subcategory_id=categoryen1_.category_id left outer join cs_category categoryen2_ on categoryen1_.category_parent_id=categoryen2_.category_id where clothesent0_.clothes_id=?
2023-06-13 10:07:44.427  INFO 3764 --- [    Test worker] o.s.t.c.transaction.TransactionContext   : Rolled back transaction for test: [DefaultTestContext@65b6c1dc testClass = IClothesDalTest, testInstance = fontys.s3.andreipieleanu.datalayer.IClothesDalTest@361fb6, testMethod = addClothesShouldAdd_WhenClothesIsNew@IClothesDalTest, testException = [null], mergedContextConfiguration = [MergedContextConfiguration@2e79af11 testClass = IClothesDalTest, locations = '{}', classes = '{class fontys.s3.andreipieleanu.ClothesShopApplication}', contextInitializerClasses = '[]', activeProfiles = '{}', propertySourceLocations = '{}', propertySourceProperties = '{org.springframework.boot.test.autoconfigure.orm.jpa.DataJpaTestContextBootstrapper=true}', contextCustomizers = set[org.springframework.boot.test.autoconfigure.OverrideAutoConfigurationContextCustomizerFactory$DisableAutoConfigurationContextCustomizer@7418723a, org.springframework.boot.test.autoconfigure.actuate.metrics.MetricsExportContextCustomizerFactory$DisableMetricExportContextCustomizer@261ea657, org.springframework.boot.test.autoconfigure.filter.TypeExcludeFiltersContextCustomizer@351584c0, org.springframework.boot.test.autoconfigure.properties.PropertyMappingContextCustomizer@76af28d5, org.springframework.boot.test.autoconfigure.web.servlet.WebDriverContextCustomizerFactory$Customizer@3968bc60, [ImportsContextCustomizer@13b1a2e6 key = [org.springframework.boot.autoconfigure.cache.CacheAutoConfiguration, org.springframework.boot.autoconfigure.data.jpa.JpaRepositoriesAutoConfiguration, org.springframework.boot.autoconfigure.flyway.FlywayAutoConfiguration, org.springframework.boot.autoconfigure.jdbc.DataSourceAutoConfiguration, org.springframework.boot.autoconfigure.jdbc.DataSourceTransactionManagerAutoConfiguration, org.springframework.boot.autoconfigure.jdbc.JdbcTemplateAutoConfiguration, org.springframework.boot.autoconfigure.liquibase.LiquibaseAutoConfiguration, org.springframework.boot.autoconfigure.orm.jpa.HibernateJpaAutoConfiguration, org.springframework.boot.autoconfigure.sql.init.SqlInitializationAutoConfiguration, org.springframework.boot.autoconfigure.transaction.TransactionAutoConfiguration, org.springframework.boot.test.autoconfigure.jdbc.TestDatabaseAutoConfiguration, org.springframework.boot.test.autoconfigure.orm.jpa.TestEntityManagerAutoConfiguration]], org.springframework.boot.test.context.filter.ExcludeFilterContextCustomizer@5484117b, org.springframework.boot.test.json.DuplicateJsonObjectContextCustomizerFactory$DuplicateJsonObjectContextCustomizer@53b7ce6, org.springframework.boot.test.mock.mockito.MockitoContextCustomizer@0, org.springframework.boot.test.context.SpringBootTestArgs@1, org.springframework.boot.test.context.SpringBootTestWebEnvironment@0], contextLoader = 'org.springframework.boot.test.context.SpringBootContextLoader', parent = [null]], attributes = map['org.springframework.test.context.event.ApplicationEventsTestExecutionListener.recordApplicationEvents' -> false]]
2023-06-13 10:07:44.432  INFO 3764 --- [    Test worker] j.LocalContainerEntityManagerFactoryBean : Closing JPA EntityManagerFactory for persistence unit 'default'
2023-06-13 10:07:44.433  INFO 3764 --- [    Test worker] com.zaxxer.hikari.HikariDataSource       : HikariPool-12 - Shutdown initiated...
2023-06-13 10:07:44.439  INFO 3764 --- [    Test worker] com.zaxxer.hikari.HikariDataSource       : HikariPool-12 - Shutdown completed.

  .   ____          _            __ _ _
 /\\ / ___'_ __ _ _(_)_ __  __ _ \ \ \ \
( ( )\___ | '_ | '_| | '_ \/ _` | \ \ \ \
 \\/  ___)| |_)| | | | | || (_| |  ) ) ) )
  '  |____| .__|_| |_|_| |_\__, | / / / /
 =========|_|==============|___/=/_/_/_/
 :: Spring Boot ::                (v2.7.3)

2023-06-13 10:07:45.356  INFO 3764 --- [    Test worker] f.s.a.datalayer.IClothesDalTest          : No active profile set, falling back to 1 default profile: "default"
2023-06-13 10:07:45.807  INFO 3764 --- [    Test worker] .s.d.r.c.RepositoryConfigurationDelegate : Bootstrapping Spring Data JPA repositories in DEFAULT mode.
2023-06-13 10:07:46.017  INFO 3764 --- [    Test worker] .s.d.r.c.RepositoryConfigurationDelegate : Finished Spring Data repository scanning in 208 ms. Found 10 JPA repository interfaces.
2023-06-13 10:07:46.269  INFO 3764 --- [    Test worker] com.zaxxer.hikari.HikariDataSource       : HikariPool-13 - Starting...
2023-06-13 10:07:46.271  INFO 3764 --- [    Test worker] com.zaxxer.hikari.HikariDataSource       : HikariPool-13 - Start completed.
2023-06-13 10:07:46.272  INFO 3764 --- [    Test worker] o.f.c.i.database.base.BaseDatabaseType   : Database: jdbc:h2:mem:inmemorydb (H2 2.1)
2023-06-13 10:07:46.294  INFO 3764 --- [    Test worker] o.f.core.internal.command.DbValidate     : Successfully validated 5 migrations (execution time 00:00.015s)
2023-06-13 10:07:46.300  INFO 3764 --- [    Test worker] o.f.core.internal.command.DbMigrate      : Current version of schema "PUBLIC": 5
2023-06-13 10:07:46.302  INFO 3764 --- [    Test worker] o.f.core.internal.command.DbMigrate      : Schema "PUBLIC" is up to date. No migration necessary.
2023-06-13 10:07:46.503  INFO 3764 --- [    Test worker] o.hibernate.jpa.internal.util.LogHelper  : HHH000204: Processing PersistenceUnitInfo [name: default]
2023-06-13 10:07:46.555  INFO 3764 --- [    Test worker] org.hibernate.dialect.Dialect            : HHH000400: Using dialect: org.hibernate.dialect.H2Dialect
2023-06-13 10:07:47.430  INFO 3764 --- [    Test worker] o.h.e.t.j.p.i.JtaPlatformInitiator       : HHH000490: Using JtaPlatform implementation: [org.hibernate.engine.transaction.jta.platform.internal.NoJtaPlatform]
2023-06-13 10:07:47.431  INFO 3764 --- [    Test worker] j.LocalContainerEntityManagerFactoryBean : Initialized JPA EntityManagerFactory for persistence unit 'default'
2023-06-13 10:07:48.219  INFO 3764 --- [    Test worker] f.s.a.datalayer.IClothesDalTest          : Started IClothesDalTest in 3.776 seconds (JVM running for 197.311)
2023-06-13 10:07:48.236  INFO 3764 --- [    Test worker] o.s.t.c.transaction.TransactionContext   : Began transaction (1) for test context [DefaultTestContext@65b6c1dc testClass = IClothesDalTest, testInstance = fontys.s3.andreipieleanu.datalayer.IClothesDalTest@2320a9e9, testMethod = getClothesById_ShouldReturnExistingClothes@IClothesDalTest, testException = [null], mergedContextConfiguration = [MergedContextConfiguration@2e79af11 testClass = IClothesDalTest, locations = '{}', classes = '{class fontys.s3.andreipieleanu.ClothesShopApplication}', contextInitializerClasses = '[]', activeProfiles = '{}', propertySourceLocations = '{}', propertySourceProperties = '{org.springframework.boot.test.autoconfigure.orm.jpa.DataJpaTestContextBootstrapper=true}', contextCustomizers = set[org.springframework.boot.test.autoconfigure.OverrideAutoConfigurationContextCustomizerFactory$DisableAutoConfigurationContextCustomizer@7418723a, org.springframework.boot.test.autoconfigure.actuate.metrics.MetricsExportContextCustomizerFactory$DisableMetricExportContextCustomizer@261ea657, org.springframework.boot.test.autoconfigure.filter.TypeExcludeFiltersContextCustomizer@351584c0, org.springframework.boot.test.autoconfigure.properties.PropertyMappingContextCustomizer@76af28d5, org.springframework.boot.test.autoconfigure.web.servlet.WebDriverContextCustomizerFactory$Customizer@3968bc60, [ImportsContextCustomizer@13b1a2e6 key = [org.springframework.boot.autoconfigure.cache.CacheAutoConfiguration, org.springframework.boot.autoconfigure.data.jpa.JpaRepositoriesAutoConfiguration, org.springframework.boot.autoconfigure.flyway.FlywayAutoConfiguration, org.springframework.boot.autoconfigure.jdbc.DataSourceAutoConfiguration, org.springframework.boot.autoconfigure.jdbc.DataSourceTransactionManagerAutoConfiguration, org.springframework.boot.autoconfigure.jdbc.JdbcTemplateAutoConfiguration, org.springframework.boot.autoconfigure.liquibase.LiquibaseAutoConfiguration, org.springframework.boot.autoconfigure.orm.jpa.HibernateJpaAutoConfiguration, org.springframework.boot.autoconfigure.sql.init.SqlInitializationAutoConfiguration, org.springframework.boot.autoconfigure.transaction.TransactionAutoConfiguration, org.springframework.boot.test.autoconfigure.jdbc.TestDatabaseAutoConfiguration, org.springframework.boot.test.autoconfigure.orm.jpa.TestEntityManagerAutoConfiguration]], org.springframework.boot.test.context.filter.ExcludeFilterContextCustomizer@5484117b, org.springframework.boot.test.json.DuplicateJsonObjectContextCustomizerFactory$DuplicateJsonObjectContextCustomizer@53b7ce6, org.springframework.boot.test.mock.mockito.MockitoContextCustomizer@0, org.springframework.boot.test.context.SpringBootTestArgs@1, org.springframework.boot.test.context.SpringBootTestWebEnvironment@0], contextLoader = 'org.springframework.boot.test.context.SpringBootContextLoader', parent = [null]], attributes = map['org.springframework.test.context.event.ApplicationEventsTestExecutionListener.recordApplicationEvents' -> false]]; transaction manager [org.springframework.orm.jpa.JpaTransactionManager@69d5ca25]; rollback [true]
Hibernate: insert into cs_category (category_id, category_name, category_parent_id) values (default, ?, ?)
Hibernate: insert into cs_clothes (clothes_id, clothes_amount_in_stock, clothes_description, clothes_is_active, clothes_meas_amount, clothes_meas_unit, clothes_name, clothes_price, clothes_size, clothes_subcategory_id) values (default, ?, ?, ?, ?, ?, ?, ?, ?, ?)
Hibernate: select clothesent0_.clothes_id as clothes_1_3_0_, clothesent0_.clothes_amount_in_stock as clothes_2_3_0_, clothesent0_.clothes_description as clothes_3_3_0_, clothesent0_.clothes_is_active as clothes_4_3_0_, clothesent0_.clothes_meas_amount as clothes_5_3_0_, clothesent0_.clothes_meas_unit as clothes_6_3_0_, clothesent0_.clothes_name as clothes_7_3_0_, clothesent0_.clothes_price as clothes_8_3_0_, clothesent0_.clothes_size as clothes_9_3_0_, clothesent0_.clothes_subcategory_id as clothes10_3_0_ from cs_clothes clothesent0_ where clothesent0_.clothes_id=?
Hibernate: select categoryen0_.category_id as category1_2_0_, categoryen0_.category_name as category2_2_0_, categoryen0_.category_parent_id as category3_2_0_ from cs_category categoryen0_ where categoryen0_.category_id=?
2023-06-13 10:07:48.279  INFO 3764 --- [    Test worker] o.s.t.c.transaction.TransactionContext   : Rolled back transaction for test: [DefaultTestContext@65b6c1dc testClass = IClothesDalTest, testInstance = fontys.s3.andreipieleanu.datalayer.IClothesDalTest@2320a9e9, testMethod = getClothesById_ShouldReturnExistingClothes@IClothesDalTest, testException = [null], mergedContextConfiguration = [MergedContextConfiguration@2e79af11 testClass = IClothesDalTest, locations = '{}', classes = '{class fontys.s3.andreipieleanu.ClothesShopApplication}', contextInitializerClasses = '[]', activeProfiles = '{}', propertySourceLocations = '{}', propertySourceProperties = '{org.springframework.boot.test.autoconfigure.orm.jpa.DataJpaTestContextBootstrapper=true}', contextCustomizers = set[org.springframework.boot.test.autoconfigure.OverrideAutoConfigurationContextCustomizerFactory$DisableAutoConfigurationContextCustomizer@7418723a, org.springframework.boot.test.autoconfigure.actuate.metrics.MetricsExportContextCustomizerFactory$DisableMetricExportContextCustomizer@261ea657, org.springframework.boot.test.autoconfigure.filter.TypeExcludeFiltersContextCustomizer@351584c0, org.springframework.boot.test.autoconfigure.properties.PropertyMappingContextCustomizer@76af28d5, org.springframework.boot.test.autoconfigure.web.servlet.WebDriverContextCustomizerFactory$Customizer@3968bc60, [ImportsContextCustomizer@13b1a2e6 key = [org.springframework.boot.autoconfigure.cache.CacheAutoConfiguration, org.springframework.boot.autoconfigure.data.jpa.JpaRepositoriesAutoConfiguration, org.springframework.boot.autoconfigure.flyway.FlywayAutoConfiguration, org.springframework.boot.autoconfigure.jdbc.DataSourceAutoConfiguration, org.springframework.boot.autoconfigure.jdbc.DataSourceTransactionManagerAutoConfiguration, org.springframework.boot.autoconfigure.jdbc.JdbcTemplateAutoConfiguration, org.springframework.boot.autoconfigure.liquibase.LiquibaseAutoConfiguration, org.springframework.boot.autoconfigure.orm.jpa.HibernateJpaAutoConfiguration, org.springframework.boot.autoconfigure.sql.init.SqlInitializationAutoConfiguration, org.springframework.boot.autoconfigure.transaction.TransactionAutoConfiguration, org.springframework.boot.test.autoconfigure.jdbc.TestDatabaseAutoConfiguration, org.springframework.boot.test.autoconfigure.orm.jpa.TestEntityManagerAutoConfiguration]], org.springframework.boot.test.context.filter.ExcludeFilterContextCustomizer@5484117b, org.springframework.boot.test.json.DuplicateJsonObjectContextCustomizerFactory$DuplicateJsonObjectContextCustomizer@53b7ce6, org.springframework.boot.test.mock.mockito.MockitoContextCustomizer@0, org.springframework.boot.test.context.SpringBootTestArgs@1, org.springframework.boot.test.context.SpringBootTestWebEnvironment@0], contextLoader = 'org.springframework.boot.test.context.SpringBootContextLoader', parent = [null]], attributes = map['org.springframework.test.context.event.ApplicationEventsTestExecutionListener.recordApplicationEvents' -> false]]
2023-06-13 10:07:48.295  INFO 3764 --- [    Test worker] j.LocalContainerEntityManagerFactoryBean : Closing JPA EntityManagerFactory for persistence unit 'default'
2023-06-13 10:07:48.297  INFO 3764 --- [    Test worker] com.zaxxer.hikari.HikariDataSource       : HikariPool-13 - Shutdown initiated...
2023-06-13 10:07:48.301  INFO 3764 --- [    Test worker] com.zaxxer.hikari.HikariDataSource       : HikariPool-13 - Shutdown completed.

  .   ____          _            __ _ _
 /\\ / ___'_ __ _ _(_)_ __  __ _ \ \ \ \
( ( )\___ | '_ | '_| | '_ \/ _` | \ \ \ \
 \\/  ___)| |_)| | | | | || (_| |  ) ) ) )
  '  |____| .__|_| |_|_| |_\__, | / / / /
 =========|_|==============|___/=/_/_/_/
 :: Spring Boot ::                (v2.7.3)

2023-06-13 10:07:49.601  INFO 3764 --- [    Test worker] f.s.a.datalayer.IClothesDalTest          : No active profile set, falling back to 1 default profile: "default"
2023-06-13 10:07:50.084  INFO 3764 --- [    Test worker] .s.d.r.c.RepositoryConfigurationDelegate : Bootstrapping Spring Data JPA repositories in DEFAULT mode.
2023-06-13 10:07:50.316  INFO 3764 --- [    Test worker] .s.d.r.c.RepositoryConfigurationDelegate : Finished Spring Data repository scanning in 231 ms. Found 10 JPA repository interfaces.
2023-06-13 10:07:50.555  INFO 3764 --- [    Test worker] com.zaxxer.hikari.HikariDataSource       : HikariPool-14 - Starting...
2023-06-13 10:07:50.558  INFO 3764 --- [    Test worker] com.zaxxer.hikari.HikariDataSource       : HikariPool-14 - Start completed.
2023-06-13 10:07:50.559  INFO 3764 --- [    Test worker] o.f.c.i.database.base.BaseDatabaseType   : Database: jdbc:h2:mem:inmemorydb (H2 2.1)
2023-06-13 10:07:50.582  INFO 3764 --- [    Test worker] o.f.core.internal.command.DbValidate     : Successfully validated 5 migrations (execution time 00:00.015s)
2023-06-13 10:07:50.587  INFO 3764 --- [    Test worker] o.f.core.internal.command.DbMigrate      : Current version of schema "PUBLIC": 5
2023-06-13 10:07:50.592  INFO 3764 --- [    Test worker] o.f.core.internal.command.DbMigrate      : Schema "PUBLIC" is up to date. No migration necessary.
2023-06-13 10:07:50.783  INFO 3764 --- [    Test worker] o.hibernate.jpa.internal.util.LogHelper  : HHH000204: Processing PersistenceUnitInfo [name: default]
2023-06-13 10:07:50.818  INFO 3764 --- [    Test worker] org.hibernate.dialect.Dialect            : HHH000400: Using dialect: org.hibernate.dialect.H2Dialect
2023-06-13 10:07:51.181  INFO 3764 --- [    Test worker] o.h.e.t.j.p.i.JtaPlatformInitiator       : HHH000490: Using JtaPlatform implementation: [org.hibernate.engine.transaction.jta.platform.internal.NoJtaPlatform]
2023-06-13 10:07:51.182  INFO 3764 --- [    Test worker] j.LocalContainerEntityManagerFactoryBean : Initialized JPA EntityManagerFactory for persistence unit 'default'
2023-06-13 10:07:51.946  INFO 3764 --- [    Test worker] f.s.a.datalayer.IClothesDalTest          : Started IClothesDalTest in 3.637 seconds (JVM running for 201.038)
2023-06-13 10:07:51.961  INFO 3764 --- [    Test worker] o.s.t.c.transaction.TransactionContext   : Began transaction (1) for test context [DefaultTestContext@65b6c1dc testClass = IClothesDalTest, testInstance = fontys.s3.andreipieleanu.datalayer.IClothesDalTest@4cafebbc, testMethod = deleteClothes_ShouldDeleteExistingClothes@IClothesDalTest, testException = [null], mergedContextConfiguration = [MergedContextConfiguration@2e79af11 testClass = IClothesDalTest, locations = '{}', classes = '{class fontys.s3.andreipieleanu.ClothesShopApplication}', contextInitializerClasses = '[]', activeProfiles = '{}', propertySourceLocations = '{}', propertySourceProperties = '{org.springframework.boot.test.autoconfigure.orm.jpa.DataJpaTestContextBootstrapper=true}', contextCustomizers = set[org.springframework.boot.test.autoconfigure.OverrideAutoConfigurationContextCustomizerFactory$DisableAutoConfigurationContextCustomizer@7418723a, org.springframework.boot.test.autoconfigure.actuate.metrics.MetricsExportContextCustomizerFactory$DisableMetricExportContextCustomizer@261ea657, org.springframework.boot.test.autoconfigure.filter.TypeExcludeFiltersContextCustomizer@351584c0, org.springframework.boot.test.autoconfigure.properties.PropertyMappingContextCustomizer@76af28d5, org.springframework.boot.test.autoconfigure.web.servlet.WebDriverContextCustomizerFactory$Customizer@3968bc60, [ImportsContextCustomizer@13b1a2e6 key = [org.springframework.boot.autoconfigure.cache.CacheAutoConfiguration, org.springframework.boot.autoconfigure.data.jpa.JpaRepositoriesAutoConfiguration, org.springframework.boot.autoconfigure.flyway.FlywayAutoConfiguration, org.springframework.boot.autoconfigure.jdbc.DataSourceAutoConfiguration, org.springframework.boot.autoconfigure.jdbc.DataSourceTransactionManagerAutoConfiguration, org.springframework.boot.autoconfigure.jdbc.JdbcTemplateAutoConfiguration, org.springframework.boot.autoconfigure.liquibase.LiquibaseAutoConfiguration, org.springframework.boot.autoconfigure.orm.jpa.HibernateJpaAutoConfiguration, org.springframework.boot.autoconfigure.sql.init.SqlInitializationAutoConfiguration, org.springframework.boot.autoconfigure.transaction.TransactionAutoConfiguration, org.springframework.boot.test.autoconfigure.jdbc.TestDatabaseAutoConfiguration, org.springframework.boot.test.autoconfigure.orm.jpa.TestEntityManagerAutoConfiguration]], org.springframework.boot.test.context.filter.ExcludeFilterContextCustomizer@5484117b, org.springframework.boot.test.json.DuplicateJsonObjectContextCustomizerFactory$DuplicateJsonObjectContextCustomizer@53b7ce6, org.springframework.boot.test.mock.mockito.MockitoContextCustomizer@0, org.springframework.boot.test.context.SpringBootTestArgs@1, org.springframework.boot.test.context.SpringBootTestWebEnvironment@0], contextLoader = 'org.springframework.boot.test.context.SpringBootContextLoader', parent = [null]], attributes = map['org.springframework.test.context.event.ApplicationEventsTestExecutionListener.recordApplicationEvents' -> false]]; transaction manager [org.springframework.orm.jpa.JpaTransactionManager@504a659d]; rollback [true]
Hibernate: insert into cs_category (category_id, category_name, category_parent_id) values (default, ?, ?)
Hibernate: insert into cs_clothes (clothes_id, clothes_amount_in_stock, clothes_description, clothes_is_active, clothes_meas_amount, clothes_meas_unit, clothes_name, clothes_price, clothes_size, clothes_subcategory_id) values (default, ?, ?, ?, ?, ?, ?, ?, ?, ?)
Hibernate: select clothesent0_.clothes_id as clothes_1_3_0_, clothesent0_.clothes_amount_in_stock as clothes_2_3_0_, clothesent0_.clothes_description as clothes_3_3_0_, clothesent0_.clothes_is_active as clothes_4_3_0_, clothesent0_.clothes_meas_amount as clothes_5_3_0_, clothesent0_.clothes_meas_unit as clothes_6_3_0_, clothesent0_.clothes_name as clothes_7_3_0_, clothesent0_.clothes_price as clothes_8_3_0_, clothesent0_.clothes_size as clothes_9_3_0_, clothesent0_.clothes_subcategory_id as clothes10_3_0_ from cs_clothes clothesent0_ where clothesent0_.clothes_id=?
Hibernate: select categoryen0_.category_id as category1_2_0_, categoryen0_.category_name as category2_2_0_, categoryen0_.category_parent_id as category3_2_0_ from cs_category categoryen0_ where categoryen0_.category_id=?
2023-06-13 10:07:51.999  INFO 3764 --- [    Test worker] o.s.t.c.transaction.TransactionContext   : Rolled back transaction for test: [DefaultTestContext@65b6c1dc testClass = IClothesDalTest, testInstance = fontys.s3.andreipieleanu.datalayer.IClothesDalTest@4cafebbc, testMethod = deleteClothes_ShouldDeleteExistingClothes@IClothesDalTest, testException = [null], mergedContextConfiguration = [MergedContextConfiguration@2e79af11 testClass = IClothesDalTest, locations = '{}', classes = '{class fontys.s3.andreipieleanu.ClothesShopApplication}', contextInitializerClasses = '[]', activeProfiles = '{}', propertySourceLocations = '{}', propertySourceProperties = '{org.springframework.boot.test.autoconfigure.orm.jpa.DataJpaTestContextBootstrapper=true}', contextCustomizers = set[org.springframework.boot.test.autoconfigure.OverrideAutoConfigurationContextCustomizerFactory$DisableAutoConfigurationContextCustomizer@7418723a, org.springframework.boot.test.autoconfigure.actuate.metrics.MetricsExportContextCustomizerFactory$DisableMetricExportContextCustomizer@261ea657, org.springframework.boot.test.autoconfigure.filter.TypeExcludeFiltersContextCustomizer@351584c0, org.springframework.boot.test.autoconfigure.properties.PropertyMappingContextCustomizer@76af28d5, org.springframework.boot.test.autoconfigure.web.servlet.WebDriverContextCustomizerFactory$Customizer@3968bc60, [ImportsContextCustomizer@13b1a2e6 key = [org.springframework.boot.autoconfigure.cache.CacheAutoConfiguration, org.springframework.boot.autoconfigure.data.jpa.JpaRepositoriesAutoConfiguration, org.springframework.boot.autoconfigure.flyway.FlywayAutoConfiguration, org.springframework.boot.autoconfigure.jdbc.DataSourceAutoConfiguration, org.springframework.boot.autoconfigure.jdbc.DataSourceTransactionManagerAutoConfiguration, org.springframework.boot.autoconfigure.jdbc.JdbcTemplateAutoConfiguration, org.springframework.boot.autoconfigure.liquibase.LiquibaseAutoConfiguration, org.springframework.boot.autoconfigure.orm.jpa.HibernateJpaAutoConfiguration, org.springframework.boot.autoconfigure.sql.init.SqlInitializationAutoConfiguration, org.springframework.boot.autoconfigure.transaction.TransactionAutoConfiguration, org.springframework.boot.test.autoconfigure.jdbc.TestDatabaseAutoConfiguration, org.springframework.boot.test.autoconfigure.orm.jpa.TestEntityManagerAutoConfiguration]], org.springframework.boot.test.context.filter.ExcludeFilterContextCustomizer@5484117b, org.springframework.boot.test.json.DuplicateJsonObjectContextCustomizerFactory$DuplicateJsonObjectContextCustomizer@53b7ce6, org.springframework.boot.test.mock.mockito.MockitoContextCustomizer@0, org.springframework.boot.test.context.SpringBootTestArgs@1, org.springframework.boot.test.context.SpringBootTestWebEnvironment@0], contextLoader = 'org.springframework.boot.test.context.SpringBootContextLoader', parent = [null]], attributes = map['org.springframework.test.context.event.ApplicationEventsTestExecutionListener.recordApplicationEvents' -> false]]
2023-06-13 10:07:52.004  INFO 3764 --- [    Test worker] j.LocalContainerEntityManagerFactoryBean : Closing JPA EntityManagerFactory for persistence unit 'default'
2023-06-13 10:07:52.005  INFO 3764 --- [    Test worker] com.zaxxer.hikari.HikariDataSource       : HikariPool-14 - Shutdown initiated...
2023-06-13 10:07:52.007  INFO 3764 --- [    Test worker] com.zaxxer.hikari.HikariDataSource       : HikariPool-14 - Shutdown completed.
]]></system-out>
  <system-err><![CDATA[]]></system-err>
</testsuite>
